# JRE version: Java(TM) SE Runtime Environment (22.0.1+8) (build 22.0.1+8-16)
# Java VM: Java HotSpot(TM) 64-Bit Server VM (22.0.1+8-16, mixed mode, sharing, tiered, compressed oops, compressed class ptrs, g1 gc, windows-amd64)
GC Precious Log:
 CardTable entry size: 512
 Card Set container configuration: InlinePtr #cards 5 size 8 Array Of Cards #cards 12 size 40 Howl #buckets 4 coarsen threshold 1843 Howl Bitmap #cards 512 size 80 coarsen threshold 460 Card regions per heap region 1 cards per card region 2048
 CPUs: 12 total, 12 available
 Memory: 7895M
 Large Page Support: Disabled
 NUMA Support: Disabled
 Compressed Oops: Enabled (32-bit)
 Heap Region Size: 1M
 Heap Min Capacity: 8M
 Heap Initial Capacity: 124M
 Heap Max Capacity: 1974M
 Pre-touch: Disabled
 Parallel Workers: 10
 Concurrent Workers: 3
 Concurrent Refinement Workers: 10
 Periodic GC: Disabled
Heap:
 garbage-first heap   total reserved 2021376K, committed 95232K, used 84455K [0x0000000084a00000, 0x0000000100000000)
  region size 1024K, 46 young (47104K), 1 survivors (1024K)
 Metaspace       used 81043K, committed 81792K, reserved 1179648K
  class space    used 10911K, committed 11328K, reserved 1048576K
GC Heap History (20 events):
Event: 19.997 GC heap before
{Heap before GC invocations=16 (full 0):
 garbage-first heap   total reserved 2021376K, committed 95232K, used 81858K [0x0000000084a00000, 0x0000000100000000)
  region size 1024K, 45 young (46080K), 6 survivors (6144K)
 Metaspace       used 75958K, committed 76800K, reserved 1179648K
  class space    used 10592K, committed 10944K, reserved 1048576K
}
Event: 20.017 GC heap after
{Heap after GC invocations=17 (full 0):
 garbage-first heap   total reserved 2021376K, committed 95232K, used 46117K [0x0000000084a00000, 0x0000000100000000)
  region size 1024K, 5 young (5120K), 5 survivors (5120K)
 Metaspace       used 75958K, committed 76800K, reserved 1179648K
  class space    used 10592K, committed 10944K, reserved 1048576K
}
Event: 338.239 GC heap before
{Heap before GC invocations=17 (full 0):
 garbage-first heap   total reserved 2021376K, committed 95232K, used 81957K [0x0000000084a00000, 0x0000000100000000)
  region size 1024K, 41 young (41984K), 5 survivors (5120K)
 Metaspace       used 79599K, committed 80384K, reserved 1179648K
  class space    used 10984K, committed 11328K, reserved 1048576K
}
Event: 338.353 GC heap after
{Heap after GC invocations=18 (full 0):
 garbage-first heap   total reserved 2021376K, committed 95232K, used 47540K [0x0000000084a00000, 0x0000000100000000)
  region size 1024K, 2 young (2048K), 2 survivors (2048K)
 Metaspace       used 79599K, committed 80384K, reserved 1179648K
  class space    used 10984K, committed 11328K, reserved 1048576K
}
Event: 776.788 GC heap before
{Heap before GC invocations=18 (full 0):
 garbage-first heap   total reserved 2021376K, committed 95232K, used 83380K [0x0000000084a00000, 0x0000000100000000)
  region size 1024K, 38 young (38912K), 2 survivors (2048K)
 Metaspace       used 80060K, committed 80896K, reserved 1179648K
  class space    used 10991K, committed 11328K, reserved 1048576K
}
Event: 776.851 GC heap after
{Heap after GC invocations=19 (full 0):
 garbage-first heap   total reserved 2021376K, committed 95232K, used 47056K [0x0000000084a00000, 0x0000000100000000)
  region size 1024K, 1 young (1024K), 1 survivors (1024K)
 Metaspace       used 80060K, committed 80896K, reserved 1179648K
  class space    used 10991K, committed 11328K, reserved 1048576K
}
Event: 1264.299 GC heap before
{Heap before GC invocations=20 (full 0):
 garbage-first heap   total reserved 2021376K, committed 95232K, used 86992K [0x0000000084a00000, 0x0000000100000000)
  region size 1024K, 40 young (40960K), 1 survivors (1024K)
 Metaspace       used 80314K, committed 81088K, reserved 1179648K
  class space    used 10992K, committed 11328K, reserved 1048576K
}
Event: 1264.341 GC heap after
{Heap after GC invocations=21 (full 0):
 garbage-first heap   total reserved 2021376K, committed 95232K, used 47071K [0x0000000084a00000, 0x0000000100000000)
  region size 1024K, 1 young (1024K), 1 survivors (1024K)
 Metaspace       used 80314K, committed 81088K, reserved 1179648K
  class space    used 10992K, committed 11328K, reserved 1048576K
}
Event: 11821.043 GC heap before
{Heap before GC invocations=21 (full 0):
 garbage-first heap   total reserved 2021376K, committed 95232K, used 85983K [0x0000000084a00000, 0x0000000100000000)
  region size 1024K, 40 young (40960K), 1 survivors (1024K)
 Metaspace       used 80563K, committed 81344K, reserved 1179648K
  class space    used 10995K, committed 11328K, reserved 1048576K
}
Event: 11821.101 GC heap after
{Heap after GC invocations=22 (full 0):
 garbage-first heap   total reserved 2021376K, committed 95232K, used 46165K [0x0000000084a00000, 0x0000000100000000)
  region size 1024K, 1 young (1024K), 1 survivors (1024K)
 Metaspace       used 80563K, committed 81344K, reserved 1179648K
  class space    used 10995K, committed 11328K, reserved 1048576K
}
Event: 12332.037 GC heap before
{Heap before GC invocations=22 (full 0):
 garbage-first heap   total reserved 2021376K, committed 95232K, used 87125K [0x0000000084a00000, 0x0000000100000000)
  region size 1024K, 41 young (41984K), 1 survivors (1024K)
 Metaspace       used 80713K, committed 81536K, reserved 1179648K
  class space    used 10995K, committed 11328K, reserved 1048576K
}
Event: 12332.091 GC heap after
{Heap after GC invocations=23 (full 0):
 garbage-first heap   total reserved 2021376K, committed 95232K, used 45996K [0x0000000084a00000, 0x0000000100000000)
  region size 1024K, 1 young (1024K), 1 survivors (1024K)
 Metaspace       used 80713K, committed 81536K, reserved 1179648K
  class space    used 10995K, committed 11328K, reserved 1048576K
}
Event: 12842.684 GC heap before
{Heap before GC invocations=24 (full 0):
 garbage-first heap   total reserved 2021376K, committed 95232K, used 86956K [0x0000000084a00000, 0x0000000100000000)
  region size 1024K, 41 young (41984K), 1 survivors (1024K)
 Metaspace       used 80680K, committed 81600K, reserved 1179648K
  class space    used 10895K, committed 11328K, reserved 1048576K
}
Event: 12842.695 GC heap after
{Heap after GC invocations=25 (full 0):
 garbage-first heap   total reserved 2021376K, committed 95232K, used 45979K [0x0000000084a00000, 0x0000000100000000)
  region size 1024K, 1 young (1024K), 1 survivors (1024K)
 Metaspace       used 80680K, committed 81600K, reserved 1179648K
  class space    used 10895K, committed 11328K, reserved 1048576K
}
Event: 13323.486 GC heap before
{Heap before GC invocations=25 (full 0):
 garbage-first heap   total reserved 2021376K, committed 95232K, used 86939K [0x0000000084a00000, 0x0000000100000000)
  region size 1024K, 41 young (41984K), 1 survivors (1024K)
 Metaspace       used 80776K, committed 81664K, reserved 1179648K
  class space    used 10895K, committed 11328K, reserved 1048576K
}
Event: 13323.529 GC heap after
{Heap after GC invocations=26 (full 0):
 garbage-first heap   total reserved 2021376K, committed 95232K, used 41083K [0x0000000084a00000, 0x0000000100000000)
  region size 1024K, 1 young (1024K), 1 survivors (1024K)
 Metaspace       used 80776K, committed 81664K, reserved 1179648K
  class space    used 10895K, committed 11328K, reserved 1048576K
}
Event: 13894.419 GC heap before
{Heap before GC invocations=26 (full 0):
 garbage-first heap   total reserved 2021376K, committed 95232K, used 87163K [0x0000000084a00000, 0x0000000100000000)
  region size 1024K, 46 young (47104K), 1 survivors (1024K)
 Metaspace       used 80846K, committed 81664K, reserved 1179648K
  class space    used 10895K, committed 11328K, reserved 1048576K
}
Event: 13894.453 GC heap after
{Heap after GC invocations=27 (full 0):
 garbage-first heap   total reserved 2021376K, committed 95232K, used 39293K [0x0000000084a00000, 0x0000000100000000)
  region size 1024K, 1 young (1024K), 1 survivors (1024K)
 Metaspace       used 80846K, committed 81664K, reserved 1179648K
  class space    used 10895K, committed 11328K, reserved 1048576K
}
Event: 14495.554 GC heap before
{Heap before GC invocations=27 (full 0):
 garbage-first heap   total reserved 2021376K, committed 95232K, used 87421K [0x0000000084a00000, 0x0000000100000000)
  region size 1024K, 48 young (49152K), 1 survivors (1024K)
 Metaspace       used 81033K, committed 81792K, reserved 1179648K
  class space    used 10910K, committed 11328K, reserved 1048576K
}
Event: 14495.629 GC heap after
{Heap after GC invocations=28 (full 0):
 garbage-first heap   total reserved 2021376K, committed 95232K, used 39399K [0x0000000084a00000, 0x0000000100000000)
  region size 1024K, 1 young (1024K), 1 survivors (1024K)
 Metaspace       used 81033K, committed 81792K, reserved 1179648K
  class space    used 10910K, committed 11328K, reserved 1048576K
}

