# JRE version: Java(TM) SE Runtime Environment (22.0.1+8) (build 22.0.1+8-16)
# Java VM: Java HotSpot(TM) 64-Bit Server VM (22.0.1+8-16, mixed mode, sharing, tiered, compressed oops, compressed class ptrs, g1 gc, windows-amd64)
GC Precious Log:
 CardTable entry size: 512
 Card Set container configuration: InlinePtr #cards 5 size 8 Array Of Cards #cards 12 size 40 Howl #buckets 4 coarsen threshold 1843 Howl Bitmap #cards 512 size 80 coarsen threshold 460 Card regions per heap region 1 cards per card region 2048
 CPUs: 12 total, 12 available
 Memory: 7895M
 Large Page Support: Disabled
 NUMA Support: Disabled
 Compressed Oops: Enabled (32-bit)
 Heap Region Size: 1M
 Heap Min Capacity: 8M
 Heap Initial Capacity: 124M
 Heap Max Capacity: 1974M
 Pre-touch: Disabled
 Parallel Workers: 10
 Concurrent Workers: 3
 Concurrent Refinement Workers: 10
 Periodic GC: Disabled
Heap:
 garbage-first heap   total reserved 2021376K, committed 78848K, used 64806K [0x0000000084a00000, 0x0000000100000000)
  region size 1024K, 24 young (24576K), 3 survivors (3072K)
 Metaspace       used 81599K, committed 82496K, reserved 1179648K
  class space    used 11112K, committed 11520K, reserved 1048576K
GC Heap History (20 events):
Event: 14.718 GC heap after
{Heap after GC invocations=13 (full 0):
 garbage-first heap   total reserved 2021376K, committed 78848K, used 38196K [0x0000000084a00000, 0x0000000100000000)
  region size 1024K, 3 young (3072K), 3 survivors (3072K)
 Metaspace       used 59804K, committed 60416K, reserved 1114112K
  class space    used 8288K, committed 8576K, reserved 1048576K
}
Event: 16.809 GC heap before
{Heap before GC invocations=14 (full 0):
 garbage-first heap   total reserved 2021376K, committed 78848K, used 69940K [0x0000000084a00000, 0x0000000100000000)
  region size 1024K, 34 young (34816K), 3 survivors (3072K)
 Metaspace       used 64454K, committed 65152K, reserved 1114112K
  class space    used 8976K, committed 9344K, reserved 1048576K
}
Event: 16.813 GC heap after
{Heap after GC invocations=15 (full 0):
 garbage-first heap   total reserved 2021376K, committed 78848K, used 41339K [0x0000000084a00000, 0x0000000100000000)
  region size 1024K, 5 young (5120K), 5 survivors (5120K)
 Metaspace       used 64454K, committed 65152K, reserved 1114112K
  class space    used 8976K, committed 9344K, reserved 1048576K
}
Event: 19.879 GC heap before
{Heap before GC invocations=15 (full 0):
 garbage-first heap   total reserved 2021376K, committed 78848K, used 66939K [0x0000000084a00000, 0x0000000100000000)
  region size 1024K, 31 young (31744K), 5 survivors (5120K)
 Metaspace       used 68389K, committed 69184K, reserved 1114112K
  class space    used 9507K, committed 9856K, reserved 1048576K
}
Event: 19.886 GC heap after
{Heap after GC invocations=16 (full 0):
 garbage-first heap   total reserved 2021376K, committed 78848K, used 44462K [0x0000000084a00000, 0x0000000100000000)
  region size 1024K, 4 young (4096K), 4 survivors (4096K)
 Metaspace       used 68389K, committed 69184K, reserved 1114112K
  class space    used 9507K, committed 9856K, reserved 1048576K
}
Event: 110.963 GC heap before
{Heap before GC invocations=16 (full 0):
 garbage-first heap   total reserved 2021376K, committed 78848K, used 69038K [0x0000000084a00000, 0x0000000100000000)
  region size 1024K, 28 young (28672K), 4 survivors (4096K)
 Metaspace       used 72781K, committed 73600K, reserved 1114112K
  class space    used 10136K, committed 10496K, reserved 1048576K
}
Event: 111.038 GC heap after
{Heap after GC invocations=17 (full 0):
 garbage-first heap   total reserved 2021376K, committed 78848K, used 45981K [0x0000000084a00000, 0x0000000100000000)
  region size 1024K, 2 young (2048K), 2 survivors (2048K)
 Metaspace       used 72781K, committed 73600K, reserved 1114112K
  class space    used 10136K, committed 10496K, reserved 1048576K
}
Event: 411.796 GC heap before
{Heap before GC invocations=18 (full 0):
 garbage-first heap   total reserved 2021376K, committed 78848K, used 69533K [0x0000000084a00000, 0x0000000100000000)
  region size 1024K, 26 young (26624K), 2 survivors (2048K)
 Metaspace       used 73091K, committed 73856K, reserved 1114112K
  class space    used 10137K, committed 10496K, reserved 1048576K
}
Event: 411.838 GC heap after
{Heap after GC invocations=19 (full 0):
 garbage-first heap   total reserved 2021376K, committed 78848K, used 45854K [0x0000000084a00000, 0x0000000100000000)
  region size 1024K, 2 young (2048K), 2 survivors (2048K)
 Metaspace       used 73091K, committed 73856K, reserved 1114112K
  class space    used 10137K, committed 10496K, reserved 1048576K
}
Event: 750.475 GC heap before
{Heap before GC invocations=19 (full 0):
 garbage-first heap   total reserved 2021376K, committed 78848K, used 70430K [0x0000000084a00000, 0x0000000100000000)
  region size 1024K, 26 young (26624K), 2 survivors (2048K)
 Metaspace       used 77028K, committed 77824K, reserved 1179648K
  class space    used 10591K, committed 10944K, reserved 1048576K
}
Event: 750.517 GC heap after
{Heap after GC invocations=20 (full 0):
 garbage-first heap   total reserved 2021376K, committed 78848K, used 45973K [0x0000000084a00000, 0x0000000100000000)
  region size 1024K, 3 young (3072K), 3 survivors (3072K)
 Metaspace       used 77028K, committed 77824K, reserved 1179648K
  class space    used 10591K, committed 10944K, reserved 1048576K
}
Event: 1600.330 GC heap before
{Heap before GC invocations=20 (full 0):
 garbage-first heap   total reserved 2021376K, committed 78848K, used 68501K [0x0000000084a00000, 0x0000000100000000)
  region size 1024K, 26 young (26624K), 3 survivors (3072K)
 Metaspace       used 80510K, committed 81408K, reserved 1179648K
  class space    used 11063K, committed 11456K, reserved 1048576K
}
Event: 1600.421 GC heap after
{Heap after GC invocations=21 (full 0):
 garbage-first heap   total reserved 2021376K, committed 78848K, used 46333K [0x0000000084a00000, 0x0000000100000000)
  region size 1024K, 2 young (2048K), 2 survivors (2048K)
 Metaspace       used 80510K, committed 81408K, reserved 1179648K
  class space    used 11063K, committed 11456K, reserved 1048576K
}
Event: 1913.695 GC heap before
{Heap before GC invocations=22 (full 0):
 garbage-first heap   total reserved 2021376K, committed 78848K, used 52477K [0x0000000084a00000, 0x0000000100000000)
  region size 1024K, 9 young (9216K), 2 survivors (2048K)
 Metaspace       used 80632K, committed 81536K, reserved 1179648K
  class space    used 11091K, committed 11456K, reserved 1048576K
}
Event: 1915.018 GC heap after
{Heap after GC invocations=23 (full 1):
 garbage-first heap   total reserved 2021376K, committed 78848K, used 38889K [0x0000000084a00000, 0x0000000100000000)
  region size 1024K, 0 young (0K), 0 survivors (0K)
 Metaspace       used 80629K, committed 81536K, reserved 1179648K
  class space    used 11090K, committed 11456K, reserved 1048576K
}
Event: 1917.716 GC heap before
{Heap before GC invocations=23 (full 1):
 garbage-first heap   total reserved 2021376K, committed 78848K, used 69609K [0x0000000084a00000, 0x0000000100000000)
  region size 1024K, 30 young (30720K), 0 survivors (0K)
 Metaspace       used 80860K, committed 81664K, reserved 1179648K
  class space    used 11094K, committed 11456K, reserved 1048576K
}
Event: 1917.723 GC heap after
{Heap after GC invocations=24 (full 1):
 garbage-first heap   total reserved 2021376K, committed 78848K, used 41848K [0x0000000084a00000, 0x0000000100000000)
  region size 1024K, 3 young (3072K), 3 survivors (3072K)
 Metaspace       used 80860K, committed 81664K, reserved 1179648K
  class space    used 11094K, committed 11456K, reserved 1048576K
}
Event: 1918.625 GC heap before
{Heap before GC invocations=25 (full 1):
 garbage-first heap   total reserved 2021376K, committed 78848K, used 67448K [0x0000000084a00000, 0x0000000100000000)
  region size 1024K, 28 young (28672K), 3 survivors (3072K)
 Metaspace       used 81202K, committed 81984K, reserved 1179648K
  class space    used 11102K, committed 11456K, reserved 1048576K
}
Event: 1918.646 GC heap after
{Heap after GC invocations=26 (full 1):
 garbage-first heap   total reserved 2021376K, committed 78848K, used 44326K [0x0000000084a00000, 0x0000000100000000)
  region size 1024K, 3 young (3072K), 3 survivors (3072K)
 Metaspace       used 81202K, committed 81984K, reserved 1179648K
  class space    used 11102K, committed 11456K, reserved 1048576K
}
Event: 1925.989 GC heap before
{Heap before GC invocations=26 (full 1):
 garbage-first heap   total reserved 2021376K, committed 78848K, used 64806K [0x0000000084a00000, 0x0000000100000000)
  region size 1024K, 24 young (24576K), 3 survivors (3072K)
 Metaspace       used 81599K, committed 82496K, reserved 1179648K
  class space    used 11112K, committed 11520K, reserved 1048576K
}

