# JRE version: Java(TM) SE Runtime Environment (22.0.1+8) (build 22.0.1+8-16)
# Java VM: Java HotSpot(TM) 64-Bit Server VM (22.0.1+8-16, mixed mode, sharing, tiered, compressed oops, compressed class ptrs, g1 gc, windows-amd64)
GC Precious Log:
 CardTable entry size: 512
 Card Set container configuration: InlinePtr #cards 5 size 8 Array Of Cards #cards 12 size 40 Howl #buckets 4 coarsen threshold 1843 Howl Bitmap #cards 512 size 80 coarsen threshold 460 Card regions per heap region 1 cards per card region 2048
 CPUs: 12 total, 12 available
 Memory: 7895M
 Large Page Support: Disabled
 NUMA Support: Disabled
 Compressed Oops: Enabled (32-bit)
 Heap Region Size: 1M
 Heap Min Capacity: 8M
 Heap Initial Capacity: 124M
 Heap Max Capacity: 1974M
 Pre-touch: Disabled
 Parallel Workers: 10
 Concurrent Workers: 3
 Concurrent Refinement Workers: 10
 Periodic GC: Disabled
Heap:
 garbage-first heap   total reserved 2021376K, committed 96256K, used 52375K [0x0000000084a00000, 0x0000000100000000)
  region size 1024K, 10 young (10240K), 2 survivors (2048K)
 Metaspace       used 79989K, committed 80832K, reserved 1179648K
  class space    used 10996K, committed 11392K, reserved 1048576K
GC Heap History (20 events):
Event: 5.211 GC heap before
{Heap before GC invocations=6 (full 0):
 garbage-first heap   total reserved 2021376K, committed 78848K, used 59714K [0x0000000084a00000, 0x0000000100000000)
  region size 1024K, 39 young (39936K), 6 survivors (6144K)
 Metaspace       used 30793K, committed 31232K, reserved 1114112K
  class space    used 4043K, committed 4224K, reserved 1048576K
}
Event: 5.216 GC heap after
{Heap after GC invocations=7 (full 0):
 garbage-first heap   total reserved 2021376K, committed 78848K, used 28124K [0x0000000084a00000, 0x0000000100000000)
  region size 1024K, 4 young (4096K), 4 survivors (4096K)
 Metaspace       used 30793K, committed 31232K, reserved 1114112K
  class space    used 4043K, committed 4224K, reserved 1048576K
}
Event: 5.814 GC heap before
{Heap before GC invocations=7 (full 0):
 garbage-first heap   total reserved 2021376K, committed 78848K, used 66012K [0x0000000084a00000, 0x0000000100000000)
  region size 1024K, 37 young (37888K), 4 survivors (4096K)
 Metaspace       used 33354K, committed 33792K, reserved 1114112K
  class space    used 4367K, committed 4544K, reserved 1048576K
}
Event: 5.818 GC heap after
{Heap after GC invocations=8 (full 0):
 garbage-first heap   total reserved 2021376K, committed 78848K, used 33048K [0x0000000084a00000, 0x0000000100000000)
  region size 1024K, 5 young (5120K), 5 survivors (5120K)
 Metaspace       used 33354K, committed 33792K, reserved 1114112K
  class space    used 4367K, committed 4544K, reserved 1048576K
}
Event: 6.195 GC heap before
{Heap before GC invocations=8 (full 0):
 garbage-first heap   total reserved 2021376K, committed 78848K, used 46360K [0x0000000084a00000, 0x0000000100000000)
  region size 1024K, 18 young (18432K), 5 survivors (5120K)
 Metaspace       used 35596K, committed 36096K, reserved 1114112K
  class space    used 4678K, committed 4864K, reserved 1048576K
}
Event: 6.198 GC heap after
{Heap after GC invocations=9 (full 0):
 garbage-first heap   total reserved 2021376K, committed 78848K, used 34196K [0x0000000084a00000, 0x0000000100000000)
  region size 1024K, 2 young (2048K), 2 survivors (2048K)
 Metaspace       used 35596K, committed 36096K, reserved 1114112K
  class space    used 4678K, committed 4864K, reserved 1048576K
}
Event: 7.096 GC heap before
{Heap before GC invocations=10 (full 0):
 garbage-first heap   total reserved 2021376K, committed 78848K, used 65940K [0x0000000084a00000, 0x0000000100000000)
  region size 1024K, 33 young (33792K), 2 survivors (2048K)
 Metaspace       used 44848K, committed 45376K, reserved 1114112K
  class space    used 6021K, committed 6272K, reserved 1048576K
}
Event: 7.099 GC heap after
{Heap after GC invocations=11 (full 0):
 garbage-first heap   total reserved 2021376K, committed 78848K, used 36190K [0x0000000084a00000, 0x0000000100000000)
  region size 1024K, 4 young (4096K), 4 survivors (4096K)
 Metaspace       used 44848K, committed 45376K, reserved 1114112K
  class space    used 6021K, committed 6272K, reserved 1048576K
}
Event: 7.745 GC heap before
{Heap before GC invocations=11 (full 0):
 garbage-first heap   total reserved 2021376K, committed 78848K, used 65886K [0x0000000084a00000, 0x0000000100000000)
  region size 1024K, 34 young (34816K), 4 survivors (4096K)
 Metaspace       used 54583K, committed 55168K, reserved 1114112K
  class space    used 7411K, committed 7680K, reserved 1048576K
}
Event: 7.749 GC heap after
{Heap after GC invocations=12 (full 0):
 garbage-first heap   total reserved 2021376K, committed 78848K, used 36386K [0x0000000084a00000, 0x0000000100000000)
  region size 1024K, 4 young (4096K), 4 survivors (4096K)
 Metaspace       used 54583K, committed 55168K, reserved 1114112K
  class space    used 7411K, committed 7680K, reserved 1048576K
}
Event: 8.134 GC heap before
{Heap before GC invocations=12 (full 0):
 garbage-first heap   total reserved 2021376K, committed 78848K, used 54818K [0x0000000084a00000, 0x0000000100000000)
  region size 1024K, 23 young (23552K), 4 survivors (4096K)
 Metaspace       used 59706K, committed 60288K, reserved 1114112K
  class space    used 8275K, committed 8512K, reserved 1048576K
}
Event: 8.141 GC heap after
{Heap after GC invocations=13 (full 0):
 garbage-first heap   total reserved 2021376K, committed 78848K, used 37214K [0x0000000084a00000, 0x0000000100000000)
  region size 1024K, 3 young (3072K), 3 survivors (3072K)
 Metaspace       used 59706K, committed 60288K, reserved 1114112K
  class space    used 8275K, committed 8512K, reserved 1048576K
}
Event: 8.925 GC heap before
{Heap before GC invocations=14 (full 0):
 garbage-first heap   total reserved 2021376K, committed 78848K, used 69982K [0x0000000084a00000, 0x0000000100000000)
  region size 1024K, 35 young (35840K), 3 survivors (3072K)
 Metaspace       used 64485K, committed 65216K, reserved 1114112K
  class space    used 8975K, committed 9280K, reserved 1048576K
}
Event: 8.931 GC heap after
{Heap after GC invocations=15 (full 0):
 garbage-first heap   total reserved 2021376K, committed 95232K, used 40529K [0x0000000084a00000, 0x0000000100000000)
  region size 1024K, 5 young (5120K), 5 survivors (5120K)
 Metaspace       used 64485K, committed 65216K, reserved 1114112K
  class space    used 8975K, committed 9280K, reserved 1048576K
}
Event: 10.078 GC heap before
{Heap before GC invocations=15 (full 0):
 garbage-first heap   total reserved 2021376K, committed 95232K, used 82513K [0x0000000084a00000, 0x0000000100000000)
  region size 1024K, 47 young (48128K), 5 survivors (5120K)
 Metaspace       used 71910K, committed 72640K, reserved 1114112K
  class space    used 10042K, committed 10368K, reserved 1048576K
}
Event: 10.084 GC heap after
{Heap after GC invocations=16 (full 0):
 garbage-first heap   total reserved 2021376K, committed 96256K, used 45137K [0x0000000084a00000, 0x0000000100000000)
  region size 1024K, 6 young (6144K), 6 survivors (6144K)
 Metaspace       used 71910K, committed 72640K, reserved 1114112K
  class space    used 10042K, committed 10368K, reserved 1048576K
}
Event: 309.843 GC heap before
{Heap before GC invocations=16 (full 0):
 garbage-first heap   total reserved 2021376K, committed 96256K, used 82001K [0x0000000084a00000, 0x0000000100000000)
  region size 1024K, 43 young (44032K), 6 survivors (6144K)
 Metaspace       used 76644K, committed 77440K, reserved 1179648K
  class space    used 10572K, committed 10944K, reserved 1048576K
}
Event: 309.869 GC heap after
{Heap after GC invocations=17 (full 0):
 garbage-first heap   total reserved 2021376K, committed 96256K, used 46062K [0x0000000084a00000, 0x0000000100000000)
  region size 1024K, 2 young (2048K), 2 survivors (2048K)
 Metaspace       used 76644K, committed 77440K, reserved 1179648K
  class space    used 10572K, committed 10944K, reserved 1048576K
}
Event: 662.335 GC heap before
{Heap before GC invocations=17 (full 0):
 garbage-first heap   total reserved 2021376K, committed 96256K, used 83950K [0x0000000084a00000, 0x0000000100000000)
  region size 1024K, 40 young (40960K), 2 survivors (2048K)
 Metaspace       used 79983K, committed 80832K, reserved 1179648K
  class space    used 10996K, committed 11392K, reserved 1048576K
}
Event: 662.399 GC heap after
{Heap after GC invocations=18 (full 0):
 garbage-first heap   total reserved 2021376K, committed 96256K, used 46231K [0x0000000084a00000, 0x0000000100000000)
  region size 1024K, 2 young (2048K), 2 survivors (2048K)
 Metaspace       used 79983K, committed 80832K, reserved 1179648K
  class space    used 10996K, committed 11392K, reserved 1048576K
}

