# JRE version: OpenJDK Runtime Environment Temurin-21.0.8+9 (21.0.8+9) (build 21.0.8+9-LTS)
# Java VM: OpenJDK 64-Bit Server VM Temurin-21.0.8+9 (21.0.8+9-LTS, mixed mode, sharing, tiered, compressed oops, compressed class ptrs, parallel gc, windows-amd64)
GC Precious Log:
 CardTable entry size: 512
 CPUs: 12 total, 12 available
 Memory: 7895M
 Large Page Support: Disabled
 NUMA Support: Disabled
 Compressed Oops: Enabled (32-bit)
 Alignments: Space 512K, Generation 512K, Heap 2M
 Heap Min Capacity: 100M
 Heap Initial Capacity: 100M
 Heap Max Capacity: 2G
 Pre-touch: Disabled
 Parallel Workers: 10
Heap:
 PSYoungGen      total 2048K, used 843K [0x00000000d5580000, 0x00000000d5980000, 0x0000000100000000)
  eden space 1536K, 27% used [0x00000000d5580000,0x00000000d55ead90,0x00000000d5700000)
  from space 512K, 81% used [0x00000000d5900000,0x00000000d5968000,0x00000000d5980000)
  to   space 512K, 0% used [0x00000000d5880000,0x00000000d5880000,0x00000000d5900000)
 ParOldGen       total 425984K, used 425857K [0x0000000080000000, 0x000000009a000000, 0x00000000d5580000)
  object space 425984K, 99% used [0x0000000080000000,0x0000000099fe0720,0x000000009a000000)
 Metaspace       used 77052K, committed 78784K, reserved 1179648K
  class space    used 8320K, committed 9088K, reserved 1048576K
GC Heap History (20 events):
Event: 2106.295 GC heap before
{Heap before GC invocations=410 (full 3):
 PSYoungGen      total 2560K, used 2263K [0x00000000d5580000, 0x00000000d5900000, 0x0000000100000000)
  eden space 1536K, 98% used [0x00000000d5580000,0x00000000d56fb610,0x00000000d5700000)
  from space 1024K, 72% used [0x00000000d5800000,0x00000000d58ba650,0x00000000d5900000)
  to   space 1024K, 0% used [0x00000000d5700000,0x00000000d5700000,0x00000000d5800000)
 ParOldGen       total 418816K, used 418097K [0x0000000080000000, 0x0000000099900000, 0x00000000d5580000)
  object space 418816K, 99% used [0x0000000080000000,0x000000009984c648,0x0000000099900000)
 Metaspace       used 77001K, committed 78720K, reserved 1179648K
  class space    used 8318K, committed 9088K, reserved 1048576K
}
Event: 2106.302 GC heap after
{Heap after GC invocations=410 (full 3):
 PSYoungGen      total 2560K, used 1022K [0x00000000d5580000, 0x00000000d5b00000, 0x0000000100000000)
  eden space 1536K, 0% used [0x00000000d5580000,0x00000000d5580000,0x00000000d5700000)
  from space 1024K, 99% used [0x00000000d5700000,0x00000000d57ffb70,0x00000000d5800000)
  to   space 2048K, 0% used [0x00000000d5900000,0x00000000d5900000,0x00000000d5b00000)
 ParOldGen       total 419328K, used 418837K [0x0000000080000000, 0x0000000099980000, 0x00000000d5580000)
  object space 419328K, 99% used [0x0000000080000000,0x00000000999054d0,0x0000000099980000)
 Metaspace       used 77001K, committed 78720K, reserved 1179648K
  class space    used 8318K, committed 9088K, reserved 1048576K
}
Event: 2106.334 GC heap before
{Heap before GC invocations=411 (full 3):
 PSYoungGen      total 2560K, used 2556K [0x00000000d5580000, 0x00000000d5b00000, 0x0000000100000000)
  eden space 1536K, 99% used [0x00000000d5580000,0x00000000d56ff4d0,0x00000000d5700000)
  from space 1024K, 99% used [0x00000000d5700000,0x00000000d57ffb70,0x00000000d5800000)
  to   space 2048K, 0% used [0x00000000d5900000,0x00000000d5900000,0x00000000d5b00000)
 ParOldGen       total 419328K, used 418837K [0x0000000080000000, 0x0000000099980000, 0x00000000d5580000)
  object space 419328K, 99% used [0x0000000080000000,0x00000000999054d0,0x0000000099980000)
 Metaspace       used 77001K, committed 78720K, reserved 1179648K
  class space    used 8318K, committed 9088K, reserved 1048576K
}
Event: 2106.336 GC heap after
{Heap after GC invocations=411 (full 3):
 PSYoungGen      total 3072K, used 1375K [0x00000000d5580000, 0x00000000d5a80000, 0x0000000100000000)
  eden space 1536K, 0% used [0x00000000d5580000,0x00000000d5580000,0x00000000d5700000)
  from space 1536K, 89% used [0x00000000d5900000,0x00000000d5a57fc0,0x00000000d5a80000)
  to   space 1536K, 0% used [0x00000000d5780000,0x00000000d5780000,0x00000000d5900000)
 ParOldGen       total 420352K, used 419891K [0x0000000080000000, 0x0000000099a80000, 0x00000000d5580000)
  object space 420352K, 99% used [0x0000000080000000,0x0000000099a0ce00,0x0000000099a80000)
 Metaspace       used 77001K, committed 78720K, reserved 1179648K
  class space    used 8318K, committed 9088K, reserved 1048576K
}
Event: 2106.403 GC heap before
{Heap before GC invocations=412 (full 3):
 PSYoungGen      total 3072K, used 2642K [0x00000000d5580000, 0x00000000d5a80000, 0x0000000100000000)
  eden space 1536K, 82% used [0x00000000d5580000,0x00000000d56bcc28,0x00000000d5700000)
  from space 1536K, 89% used [0x00000000d5900000,0x00000000d5a57fc0,0x00000000d5a80000)
  to   space 1536K, 0% used [0x00000000d5780000,0x00000000d5780000,0x00000000d5900000)
 ParOldGen       total 420352K, used 419891K [0x0000000080000000, 0x0000000099a80000, 0x00000000d5580000)
  object space 420352K, 99% used [0x0000000080000000,0x0000000099a0ce00,0x0000000099a80000)
 Metaspace       used 77001K, committed 78720K, reserved 1179648K
  class space    used 8318K, committed 9088K, reserved 1048576K
}
Event: 2106.405 GC heap after
{Heap after GC invocations=412 (full 3):
 PSYoungGen      total 3072K, used 1041K [0x00000000d5580000, 0x00000000d5a00000, 0x0000000100000000)
  eden space 1536K, 0% used [0x00000000d5580000,0x00000000d5580000,0x00000000d5700000)
  from space 1536K, 67% used [0x00000000d5780000,0x00000000d58845a8,0x00000000d5900000)
  to   space 1024K, 0% used [0x00000000d5900000,0x00000000d5900000,0x00000000d5a00000)
 ParOldGen       total 421376K, used 421117K [0x0000000080000000, 0x0000000099b80000, 0x00000000d5580000)
  object space 421376K, 99% used [0x0000000080000000,0x0000000099b3f478,0x0000000099b80000)
 Metaspace       used 77001K, committed 78720K, reserved 1179648K
  class space    used 8318K, committed 9088K, reserved 1048576K
}
Event: 2106.439 GC heap before
{Heap before GC invocations=413 (full 3):
 PSYoungGen      total 3072K, used 2577K [0x00000000d5580000, 0x00000000d5a00000, 0x0000000100000000)
  eden space 1536K, 100% used [0x00000000d5580000,0x00000000d5700000,0x00000000d5700000)
  from space 1536K, 67% used [0x00000000d5780000,0x00000000d58845a8,0x00000000d5900000)
  to   space 1024K, 0% used [0x00000000d5900000,0x00000000d5900000,0x00000000d5a00000)
 ParOldGen       total 421376K, used 421117K [0x0000000080000000, 0x0000000099b80000, 0x00000000d5580000)
  object space 421376K, 99% used [0x0000000080000000,0x0000000099b3f478,0x0000000099b80000)
 Metaspace       used 77001K, committed 78720K, reserved 1179648K
  class space    used 8318K, committed 9088K, reserved 1048576K
}
Event: 2106.442 GC heap after
{Heap after GC invocations=413 (full 3):
 PSYoungGen      total 2560K, used 886K [0x00000000d5580000, 0x00000000d5a00000, 0x0000000100000000)
  eden space 1536K, 0% used [0x00000000d5580000,0x00000000d5580000,0x00000000d5700000)
  from space 1024K, 86% used [0x00000000d5900000,0x00000000d59dd820,0x00000000d5a00000)
  to   space 1024K, 0% used [0x00000000d5800000,0x00000000d5800000,0x00000000d5900000)
 ParOldGen       total 422912K, used 422735K [0x0000000080000000, 0x0000000099d00000, 0x00000000d5580000)
  object space 422912K, 99% used [0x0000000080000000,0x0000000099cd3d78,0x0000000099d00000)
 Metaspace       used 77001K, committed 78720K, reserved 1179648K
  class space    used 8318K, committed 9088K, reserved 1048576K
}
Event: 2106.534 GC heap before
{Heap before GC invocations=414 (full 3):
 PSYoungGen      total 2560K, used 2422K [0x00000000d5580000, 0x00000000d5a00000, 0x0000000100000000)
  eden space 1536K, 100% used [0x00000000d5580000,0x00000000d5700000,0x00000000d5700000)
  from space 1024K, 86% used [0x00000000d5900000,0x00000000d59dd820,0x00000000d5a00000)
  to   space 1024K, 0% used [0x00000000d5800000,0x00000000d5800000,0x00000000d5900000)
 ParOldGen       total 422912K, used 422735K [0x0000000080000000, 0x0000000099d00000, 0x00000000d5580000)
  object space 422912K, 99% used [0x0000000080000000,0x0000000099cd3d78,0x0000000099d00000)
 Metaspace       used 77003K, committed 78720K, reserved 1179648K
  class space    used 8318K, committed 9088K, reserved 1048576K
}
Event: 2106.537 GC heap after
{Heap after GC invocations=414 (full 3):
 PSYoungGen      total 2560K, used 1010K [0x00000000d5580000, 0x00000000d5c00000, 0x0000000100000000)
  eden space 1536K, 0% used [0x00000000d5580000,0x00000000d5580000,0x00000000d5700000)
  from space 1024K, 98% used [0x00000000d5800000,0x00000000d58fc870,0x00000000d5900000)
  to   space 2560K, 0% used [0x00000000d5980000,0x00000000d5980000,0x00000000d5c00000)
 ParOldGen       total 423936K, used 423662K [0x0000000080000000, 0x0000000099e00000, 0x00000000d5580000)
  object space 423936K, 99% used [0x0000000080000000,0x0000000099dbbad8,0x0000000099e00000)
 Metaspace       used 77003K, committed 78720K, reserved 1179648K
  class space    used 8318K, committed 9088K, reserved 1048576K
}
Event: 2106.620 GC heap before
{Heap before GC invocations=415 (full 3):
 PSYoungGen      total 2560K, used 2532K [0x00000000d5580000, 0x00000000d5c00000, 0x0000000100000000)
  eden space 1536K, 99% used [0x00000000d5580000,0x00000000d56fc9b0,0x00000000d5700000)
  from space 1024K, 98% used [0x00000000d5800000,0x00000000d58fc870,0x00000000d5900000)
  to   space 2560K, 0% used [0x00000000d5980000,0x00000000d5980000,0x00000000d5c00000)
 ParOldGen       total 423936K, used 423662K [0x0000000080000000, 0x0000000099e00000, 0x00000000d5580000)
  object space 423936K, 99% used [0x0000000080000000,0x0000000099dbbad8,0x0000000099e00000)
 Metaspace       used 77017K, committed 78720K, reserved 1179648K
  class space    used 8318K, committed 9088K, reserved 1048576K
}
Event: 2106.625 GC heap after
{Heap after GC invocations=415 (full 3):
 PSYoungGen      total 2560K, used 768K [0x00000000d5580000, 0x00000000d5a80000, 0x0000000100000000)
  eden space 1536K, 0% used [0x00000000d5580000,0x00000000d5580000,0x00000000d5700000)
  from space 1024K, 75% used [0x00000000d5980000,0x00000000d5a40000,0x00000000d5a80000)
  to   space 1536K, 0% used [0x00000000d5780000,0x00000000d5780000,0x00000000d5900000)
 ParOldGen       total 424960K, used 424661K [0x0000000080000000, 0x0000000099f00000, 0x00000000d5580000)
  object space 424960K, 99% used [0x0000000080000000,0x0000000099eb54f0,0x0000000099f00000)
 Metaspace       used 77017K, committed 78720K, reserved 1179648K
  class space    used 8318K, committed 9088K, reserved 1048576K
}
Event: 2252.324 GC heap before
{Heap before GC invocations=416 (full 3):
 PSYoungGen      total 2560K, used 2304K [0x00000000d5580000, 0x00000000d5a80000, 0x0000000100000000)
  eden space 1536K, 100% used [0x00000000d5580000,0x00000000d5700000,0x00000000d5700000)
  from space 1024K, 75% used [0x00000000d5980000,0x00000000d5a40000,0x00000000d5a80000)
  to   space 1536K, 0% used [0x00000000d5780000,0x00000000d5780000,0x00000000d5900000)
 ParOldGen       total 424960K, used 424661K [0x0000000080000000, 0x0000000099f00000, 0x00000000d5580000)
  object space 424960K, 99% used [0x0000000080000000,0x0000000099eb54f0,0x0000000099f00000)
 Metaspace       used 77039K, committed 78784K, reserved 1179648K
  class space    used 8319K, committed 9088K, reserved 1048576K
}
Event: 2252.433 GC heap after
{Heap after GC invocations=416 (full 3):
 PSYoungGen      total 3072K, used 432K [0x00000000d5580000, 0x00000000d5a00000, 0x0000000100000000)
  eden space 1536K, 0% used [0x00000000d5580000,0x00000000d5580000,0x00000000d5700000)
  from space 1536K, 28% used [0x00000000d5780000,0x00000000d57ec030,0x00000000d5900000)
  to   space 1024K, 0% used [0x00000000d5900000,0x00000000d5900000,0x00000000d5a00000)
 ParOldGen       total 425472K, used 425229K [0x0000000080000000, 0x0000000099f80000, 0x00000000d5580000)
  object space 425472K, 99% used [0x0000000080000000,0x0000000099f434f0,0x0000000099f80000)
 Metaspace       used 77039K, committed 78784K, reserved 1179648K
  class space    used 8319K, committed 9088K, reserved 1048576K
}
Event: 2252.679 GC heap before
{Heap before GC invocations=417 (full 3):
 PSYoungGen      total 3072K, used 1968K [0x00000000d5580000, 0x00000000d5a00000, 0x0000000100000000)
  eden space 1536K, 100% used [0x00000000d5580000,0x00000000d5700000,0x00000000d5700000)
  from space 1536K, 28% used [0x00000000d5780000,0x00000000d57ec030,0x00000000d5900000)
  to   space 1024K, 0% used [0x00000000d5900000,0x00000000d5900000,0x00000000d5a00000)
 ParOldGen       total 425472K, used 425229K [0x0000000080000000, 0x0000000099f80000, 0x00000000d5580000)
  object space 425472K, 99% used [0x0000000080000000,0x0000000099f434f0,0x0000000099f80000)
 Metaspace       used 77039K, committed 78784K, reserved 1179648K
  class space    used 8319K, committed 9088K, reserved 1048576K
}
Event: 2252.684 GC heap after
{Heap after GC invocations=417 (full 3):
 PSYoungGen      total 2048K, used 468K [0x00000000d5580000, 0x00000000d5980000, 0x0000000100000000)
  eden space 1536K, 0% used [0x00000000d5580000,0x00000000d5580000,0x00000000d5700000)
  from space 512K, 91% used [0x00000000d5900000,0x00000000d5975200,0x00000000d5980000)
  to   space 512K, 0% used [0x00000000d5880000,0x00000000d5880000,0x00000000d5900000)
 ParOldGen       total 425472K, used 425389K [0x0000000080000000, 0x0000000099f80000, 0x00000000d5580000)
  object space 425472K, 99% used [0x0000000080000000,0x0000000099f6b510,0x0000000099f80000)
 Metaspace       used 77039K, committed 78784K, reserved 1179648K
  class space    used 8319K, committed 9088K, reserved 1048576K
}
Event: 2252.810 GC heap before
{Heap before GC invocations=418 (full 3):
 PSYoungGen      total 2048K, used 2004K [0x00000000d5580000, 0x00000000d5980000, 0x0000000100000000)
  eden space 1536K, 100% used [0x00000000d5580000,0x00000000d5700000,0x00000000d5700000)
  from space 512K, 91% used [0x00000000d5900000,0x00000000d5975200,0x00000000d5980000)
  to   space 512K, 0% used [0x00000000d5880000,0x00000000d5880000,0x00000000d5900000)
 ParOldGen       total 425472K, used 425389K [0x0000000080000000, 0x0000000099f80000, 0x00000000d5580000)
  object space 425472K, 99% used [0x0000000080000000,0x0000000099f6b510,0x0000000099f80000)
 Metaspace       used 77039K, committed 78784K, reserved 1179648K
  class space    used 8319K, committed 9088K, reserved 1048576K
}
Event: 2252.818 GC heap after
{Heap after GC invocations=418 (full 3):
 PSYoungGen      total 2048K, used 352K [0x00000000d5580000, 0x00000000d5980000, 0x0000000100000000)
  eden space 1536K, 0% used [0x00000000d5580000,0x00000000d5580000,0x00000000d5700000)
  from space 512K, 68% used [0x00000000d5880000,0x00000000d58d8000,0x00000000d5900000)
  to   space 512K, 0% used [0x00000000d5900000,0x00000000d5900000,0x00000000d5980000)
 ParOldGen       total 425984K, used 425665K [0x0000000080000000, 0x000000009a000000, 0x00000000d5580000)
  object space 425984K, 99% used [0x0000000080000000,0x0000000099fb0720,0x000000009a000000)
 Metaspace       used 77039K, committed 78784K, reserved 1179648K
  class space    used 8319K, committed 9088K, reserved 1048576K
}
Event: 2252.993 GC heap before
{Heap before GC invocations=419 (full 3):
 PSYoungGen      total 2048K, used 1888K [0x00000000d5580000, 0x00000000d5980000, 0x0000000100000000)
  eden space 1536K, 100% used [0x00000000d5580000,0x00000000d5700000,0x00000000d5700000)
  from space 512K, 68% used [0x00000000d5880000,0x00000000d58d8000,0x00000000d5900000)
  to   space 512K, 0% used [0x00000000d5900000,0x00000000d5900000,0x00000000d5980000)
 ParOldGen       total 425984K, used 425665K [0x0000000080000000, 0x000000009a000000, 0x00000000d5580000)
  object space 425984K, 99% used [0x0000000080000000,0x0000000099fb0720,0x000000009a000000)
 Metaspace       used 77039K, committed 78784K, reserved 1179648K
  class space    used 8319K, committed 9088K, reserved 1048576K
}
Event: 2252.998 GC heap after
{Heap after GC invocations=419 (full 3):
 PSYoungGen      total 2048K, used 416K [0x00000000d5580000, 0x00000000d5980000, 0x0000000100000000)
  eden space 1536K, 0% used [0x00000000d5580000,0x00000000d5580000,0x00000000d5700000)
  from space 512K, 81% used [0x00000000d5900000,0x00000000d5968000,0x00000000d5980000)
  to   space 512K, 0% used [0x00000000d5880000,0x00000000d5880000,0x00000000d5900000)
 ParOldGen       total 425984K, used 425857K [0x0000000080000000, 0x000000009a000000, 0x00000000d5580000)
  object space 425984K, 99% used [0x0000000080000000,0x0000000099fe0720,0x000000009a000000)
 Metaspace       used 77039K, committed 78784K, reserved 1179648K
  class space    used 8319K, committed 9088K, reserved 1048576K
}

