# JRE version: Java(TM) SE Runtime Environment (22.0.1+8) (build 22.0.1+8-16)
# Java VM: Java HotSpot(TM) 64-Bit Server VM (22.0.1+8-16, mixed mode, sharing, tiered, compressed oops, compressed class ptrs, g1 gc, windows-amd64)
GC Precious Log:
 CardTable entry size: 512
 Card Set container configuration: InlinePtr #cards 5 size 8 Array Of Cards #cards 12 size 40 Howl #buckets 4 coarsen threshold 1843 Howl Bitmap #cards 512 size 80 coarsen threshold 460 Card regions per heap region 1 cards per card region 2048
 CPUs: 12 total, 12 available
 Memory: 7895M
 Large Page Support: Disabled
 NUMA Support: Disabled
 Compressed Oops: Enabled (32-bit)
 Heap Region Size: 1M
 Heap Min Capacity: 8M
 Heap Initial Capacity: 124M
 Heap Max Capacity: 1974M
 Pre-touch: Disabled
 Parallel Workers: 10
 Concurrent Workers: 3
 Concurrent Refinement Workers: 10
 Periodic GC: Disabled
Heap:
 garbage-first heap   total reserved 2021376K, committed 91136K, used 80742K [0x0000000084a00000, 0x0000000100000000)
  region size 1024K, 45 young (46080K), 5 survivors (5120K)
 Metaspace       used 71314K, committed 72128K, reserved 1114112K
  class space    used 9952K, committed 10304K, reserved 1048576K
GC Heap History (20 events):
Event: 7.747 GC heap after
{Heap after GC invocations=3 (full 0):
 garbage-first heap   total reserved 2021376K, committed 126976K, used 23034K [0x0000000084a00000, 0x0000000100000000)
  region size 1024K, 5 young (5120K), 5 survivors (5120K)
 Metaspace       used 16490K, committed 16896K, reserved 1114112K
  class space    used 1990K, committed 2176K, reserved 1048576K
}
Event: 8.409 GC heap before
{Heap before GC invocations=3 (full 0):
 garbage-first heap   total reserved 2021376K, committed 126976K, used 39418K [0x0000000084a00000, 0x0000000100000000)
  region size 1024K, 23 young (23552K), 5 survivors (5120K)
 Metaspace       used 21116K, committed 21504K, reserved 1114112K
  class space    used 2646K, committed 2816K, reserved 1048576K
}
Event: 8.417 GC heap after
{Heap after GC invocations=4 (full 0):
 garbage-first heap   total reserved 2021376K, committed 126976K, used 25096K [0x0000000084a00000, 0x0000000100000000)
  region size 1024K, 5 young (5120K), 5 survivors (5120K)
 Metaspace       used 21116K, committed 21504K, reserved 1114112K
  class space    used 2646K, committed 2816K, reserved 1048576K
}
Event: 10.552 GC heap before
{Heap before GC invocations=5 (full 0):
 garbage-first heap   total reserved 2021376K, committed 75776K, used 61960K [0x0000000084a00000, 0x0000000100000000)
  region size 1024K, 44 young (45056K), 5 survivors (5120K)
 Metaspace       used 25431K, committed 25856K, reserved 1114112K
  class space    used 3153K, committed 3328K, reserved 1048576K
}
Event: 10.562 GC heap after
{Heap after GC invocations=6 (full 0):
 garbage-first heap   total reserved 2021376K, committed 75776K, used 25133K [0x0000000084a00000, 0x0000000100000000)
  region size 1024K, 5 young (5120K), 5 survivors (5120K)
 Metaspace       used 25431K, committed 25856K, reserved 1114112K
  class space    used 3153K, committed 3328K, reserved 1048576K
}
Event: 13.091 GC heap before
{Heap before GC invocations=6 (full 0):
 garbage-first heap   total reserved 2021376K, committed 75776K, used 57901K [0x0000000084a00000, 0x0000000100000000)
  region size 1024K, 37 young (37888K), 5 survivors (5120K)
 Metaspace       used 30539K, committed 30912K, reserved 1114112K
  class space    used 3991K, committed 4160K, reserved 1048576K
}
Event: 13.099 GC heap after
{Heap after GC invocations=7 (full 0):
 garbage-first heap   total reserved 2021376K, committed 75776K, used 27180K [0x0000000084a00000, 0x0000000100000000)
  region size 1024K, 3 young (3072K), 3 survivors (3072K)
 Metaspace       used 30539K, committed 30912K, reserved 1114112K
  class space    used 3991K, committed 4160K, reserved 1048576K
}
Event: 14.814 GC heap before
{Heap before GC invocations=7 (full 0):
 garbage-first heap   total reserved 2021376K, committed 75776K, used 65068K [0x0000000084a00000, 0x0000000100000000)
  region size 1024K, 36 young (36864K), 3 survivors (3072K)
 Metaspace       used 33082K, committed 33600K, reserved 1114112K
  class space    used 4340K, committed 4544K, reserved 1048576K
}
Event: 14.820 GC heap after
{Heap after GC invocations=8 (full 0):
 garbage-first heap   total reserved 2021376K, committed 75776K, used 32191K [0x0000000084a00000, 0x0000000100000000)
  region size 1024K, 5 young (5120K), 5 survivors (5120K)
 Metaspace       used 33082K, committed 33600K, reserved 1114112K
  class space    used 4340K, committed 4544K, reserved 1048576K
}
Event: 16.061 GC heap before
{Heap before GC invocations=8 (full 0):
 garbage-first heap   total reserved 2021376K, committed 75776K, used 47551K [0x0000000084a00000, 0x0000000100000000)
  region size 1024K, 21 young (21504K), 5 survivors (5120K)
 Metaspace       used 35575K, committed 36096K, reserved 1114112K
  class space    used 4671K, committed 4928K, reserved 1048576K
}
Event: 16.064 GC heap after
{Heap after GC invocations=9 (full 0):
 garbage-first heap   total reserved 2021376K, committed 75776K, used 33916K [0x0000000084a00000, 0x0000000100000000)
  region size 1024K, 2 young (2048K), 2 survivors (2048K)
 Metaspace       used 35575K, committed 36096K, reserved 1114112K
  class space    used 4671K, committed 4928K, reserved 1048576K
}
Event: 17.550 GC heap before
{Heap before GC invocations=10 (full 0):
 garbage-first heap   total reserved 2021376K, committed 75776K, used 61564K [0x0000000084a00000, 0x0000000100000000)
  region size 1024K, 30 young (30720K), 2 survivors (2048K)
 Metaspace       used 43704K, committed 44288K, reserved 1114112K
  class space    used 5890K, committed 6144K, reserved 1048576K
}
Event: 17.553 GC heap after
{Heap after GC invocations=11 (full 0):
 garbage-first heap   total reserved 2021376K, committed 75776K, used 35764K [0x0000000084a00000, 0x0000000100000000)
  region size 1024K, 4 young (4096K), 4 survivors (4096K)
 Metaspace       used 43704K, committed 44288K, reserved 1114112K
  class space    used 5890K, committed 6144K, reserved 1048576K
}
Event: 18.340 GC heap before
{Heap before GC invocations=11 (full 0):
 garbage-first heap   total reserved 2021376K, committed 75776K, used 63412K [0x0000000084a00000, 0x0000000100000000)
  region size 1024K, 32 young (32768K), 4 survivors (4096K)
 Metaspace       used 51612K, committed 52224K, reserved 1114112K
  class space    used 6958K, committed 7232K, reserved 1048576K
}
Event: 18.344 GC heap after
{Heap after GC invocations=12 (full 0):
 garbage-first heap   total reserved 2021376K, committed 75776K, used 36026K [0x0000000084a00000, 0x0000000100000000)
  region size 1024K, 2 young (2048K), 2 survivors (2048K)
 Metaspace       used 51612K, committed 52224K, reserved 1114112K
  class space    used 6958K, committed 7232K, reserved 1048576K
}
Event: 19.106 GC heap before
{Heap before GC invocations=12 (full 0):
 garbage-first heap   total reserved 2021376K, committed 75776K, used 59578K [0x0000000084a00000, 0x0000000100000000)
  region size 1024K, 26 young (26624K), 2 survivors (2048K)
 Metaspace       used 59713K, committed 60288K, reserved 1114112K
  class space    used 8277K, committed 8512K, reserved 1048576K
}
Event: 19.110 GC heap after
{Heap after GC invocations=13 (full 0):
 garbage-first heap   total reserved 2021376K, committed 75776K, used 36754K [0x0000000084a00000, 0x0000000100000000)
  region size 1024K, 3 young (3072K), 3 survivors (3072K)
 Metaspace       used 59713K, committed 60288K, reserved 1114112K
  class space    used 8277K, committed 8512K, reserved 1048576K
}
Event: 20.839 GC heap before
{Heap before GC invocations=14 (full 0):
 garbage-first heap   total reserved 2021376K, committed 75776K, used 66450K [0x0000000084a00000, 0x0000000100000000)
  region size 1024K, 32 young (32768K), 3 survivors (3072K)
 Metaspace       used 63946K, committed 64704K, reserved 1114112K
  class space    used 8906K, committed 9280K, reserved 1048576K
}
Event: 20.844 GC heap after
{Heap after GC invocations=15 (full 0):
 garbage-first heap   total reserved 2021376K, committed 91136K, used 39782K [0x0000000084a00000, 0x0000000100000000)
  region size 1024K, 4 young (4096K), 4 survivors (4096K)
 Metaspace       used 63946K, committed 64704K, reserved 1114112K
  class space    used 8906K, committed 9280K, reserved 1048576K
}
Event: 25.587 GC heap before
{Heap before GC invocations=15 (full 0):
 garbage-first heap   total reserved 2021376K, committed 91136K, used 79718K [0x0000000084a00000, 0x0000000100000000)
  region size 1024K, 44 young (45056K), 4 survivors (4096K)
 Metaspace       used 71314K, committed 72128K, reserved 1114112K
  class space    used 9952K, committed 10304K, reserved 1048576K
}

