# JRE version: Java(TM) SE Runtime Environment (22.0.1+8) (build 22.0.1+8-16)
# Java VM: Java HotSpot(TM) 64-Bit Server VM (22.0.1+8-16, mixed mode, sharing, tiered, compressed oops, compressed class ptrs, g1 gc, windows-amd64)
GC Precious Log:
 CardTable entry size: 512
 Card Set container configuration: InlinePtr #cards 5 size 8 Array Of Cards #cards 12 size 40 Howl #buckets 4 coarsen threshold 1843 Howl Bitmap #cards 512 size 80 coarsen threshold 460 Card regions per heap region 1 cards per card region 2048
 CPUs: 12 total, 12 available
 Memory: 7895M
 Large Page Support: Disabled
 NUMA Support: Disabled
 Compressed Oops: Enabled (32-bit)
 Heap Region Size: 1M
 Heap Min Capacity: 8M
 Heap Initial Capacity: 124M
 Heap Max Capacity: 1974M
 Pre-touch: Disabled
 Parallel Workers: 10
 Concurrent Workers: 3
 Concurrent Refinement Workers: 10
 Periodic GC: Disabled
Heap:
 garbage-first heap   total reserved 2021376K, committed 75776K, used 58819K [0x0000000084a00000, 0x0000000100000000)
  region size 1024K, 23 young (23552K), 4 survivors (4096K)
 Metaspace       used 67921K, committed 68672K, reserved 1114112K
  class space    used 9467K, committed 9792K, reserved 1048576K
GC Heap History (20 events):
Event: 4.040 GC heap before
{Heap before GC invocations=3 (full 0):
 garbage-first heap   total reserved 2021376K, committed 126976K, used 46912K [0x0000000084a00000, 0x0000000100000000)
  region size 1024K, 27 young (27648K), 3 survivors (3072K)
 Metaspace       used 21164K, committed 21504K, reserved 1114112K
  class space    used 2652K, committed 2816K, reserved 1048576K
}
Event: 4.044 GC heap after
{Heap after GC invocations=4 (full 0):
 garbage-first heap   total reserved 2021376K, committed 126976K, used 25600K [0x0000000084a00000, 0x0000000100000000)
  region size 1024K, 5 young (5120K), 5 survivors (5120K)
 Metaspace       used 21164K, committed 21504K, reserved 1114112K
  class space    used 2652K, committed 2816K, reserved 1048576K
}
Event: 4.893 GC heap before
{Heap before GC invocations=5 (full 0):
 garbage-first heap   total reserved 2021376K, committed 75776K, used 62464K [0x0000000084a00000, 0x0000000100000000)
  region size 1024K, 44 young (45056K), 5 survivors (5120K)
 Metaspace       used 25325K, committed 25728K, reserved 1114112K
  class space    used 3142K, committed 3328K, reserved 1048576K
}
Event: 4.899 GC heap after
{Heap after GC invocations=6 (full 0):
 garbage-first heap   total reserved 2021376K, committed 75776K, used 25712K [0x0000000084a00000, 0x0000000100000000)
  region size 1024K, 6 young (6144K), 6 survivors (6144K)
 Metaspace       used 25325K, committed 25728K, reserved 1114112K
  class space    used 3142K, committed 3328K, reserved 1048576K
}
Event: 6.167 GC heap before
{Heap before GC invocations=6 (full 0):
 garbage-first heap   total reserved 2021376K, committed 75776K, used 58480K [0x0000000084a00000, 0x0000000100000000)
  region size 1024K, 38 young (38912K), 6 survivors (6144K)
 Metaspace       used 30139K, committed 30528K, reserved 1114112K
  class space    used 3950K, committed 4096K, reserved 1048576K
}
Event: 6.173 GC heap after
{Heap after GC invocations=7 (full 0):
 garbage-first heap   total reserved 2021376K, committed 75776K, used 27394K [0x0000000084a00000, 0x0000000100000000)
  region size 1024K, 3 young (3072K), 3 survivors (3072K)
 Metaspace       used 30139K, committed 30528K, reserved 1114112K
  class space    used 3950K, committed 4096K, reserved 1048576K
}
Event: 6.738 GC heap before
{Heap before GC invocations=7 (full 0):
 garbage-first heap   total reserved 2021376K, committed 75776K, used 66306K [0x0000000084a00000, 0x0000000100000000)
  region size 1024K, 36 young (36864K), 3 survivors (3072K)
 Metaspace       used 32975K, committed 33472K, reserved 1114112K
  class space    used 4328K, committed 4544K, reserved 1048576K
}
Event: 6.744 GC heap after
{Heap after GC invocations=8 (full 0):
 garbage-first heap   total reserved 2021376K, committed 75776K, used 32427K [0x0000000084a00000, 0x0000000100000000)
  region size 1024K, 5 young (5120K), 5 survivors (5120K)
 Metaspace       used 32975K, committed 33472K, reserved 1114112K
  class space    used 4328K, committed 4544K, reserved 1048576K
}
Event: 7.177 GC heap before
{Heap before GC invocations=8 (full 0):
 garbage-first heap   total reserved 2021376K, committed 75776K, used 50859K [0x0000000084a00000, 0x0000000100000000)
  region size 1024K, 23 young (23552K), 5 survivors (5120K)
 Metaspace       used 35661K, committed 36160K, reserved 1114112K
  class space    used 4686K, committed 4928K, reserved 1048576K
}
Event: 7.180 GC heap after
{Heap after GC invocations=9 (full 0):
 garbage-first heap   total reserved 2021376K, committed 75776K, used 34345K [0x0000000084a00000, 0x0000000100000000)
  region size 1024K, 2 young (2048K), 2 survivors (2048K)
 Metaspace       used 35661K, committed 36160K, reserved 1114112K
  class space    used 4686K, committed 4928K, reserved 1048576K
}
Event: 8.249 GC heap before
{Heap before GC invocations=10 (full 0):
 garbage-first heap   total reserved 2021376K, committed 75776K, used 63017K [0x0000000084a00000, 0x0000000100000000)
  region size 1024K, 31 young (31744K), 2 survivors (2048K)
 Metaspace       used 43269K, committed 43840K, reserved 1114112K
  class space    used 5840K, committed 6080K, reserved 1048576K
}
Event: 8.253 GC heap after
{Heap after GC invocations=11 (full 0):
 garbage-first heap   total reserved 2021376K, committed 75776K, used 35685K [0x0000000084a00000, 0x0000000100000000)
  region size 1024K, 4 young (4096K), 4 survivors (4096K)
 Metaspace       used 43269K, committed 43840K, reserved 1114112K
  class space    used 5840K, committed 6080K, reserved 1048576K
}
Event: 8.885 GC heap before
{Heap before GC invocations=11 (full 0):
 garbage-first heap   total reserved 2021376K, committed 75776K, used 64357K [0x0000000084a00000, 0x0000000100000000)
  region size 1024K, 32 young (32768K), 4 survivors (4096K)
 Metaspace       used 50801K, committed 51392K, reserved 1114112K
  class space    used 6809K, committed 7040K, reserved 1048576K
}
Event: 8.889 GC heap after
{Heap after GC invocations=12 (full 0):
 garbage-first heap   total reserved 2021376K, committed 75776K, used 35738K [0x0000000084a00000, 0x0000000100000000)
  region size 1024K, 4 young (4096K), 4 survivors (4096K)
 Metaspace       used 50801K, committed 51392K, reserved 1114112K
  class space    used 6809K, committed 7040K, reserved 1048576K
}
Event: 9.702 GC heap before
{Heap before GC invocations=12 (full 0):
 garbage-first heap   total reserved 2021376K, committed 75776K, used 64410K [0x0000000084a00000, 0x0000000100000000)
  region size 1024K, 33 young (33792K), 4 survivors (4096K)
 Metaspace       used 59638K, committed 60288K, reserved 1114112K
  class space    used 8272K, committed 8512K, reserved 1048576K
}
Event: 9.706 GC heap after
{Heap after GC invocations=13 (full 0):
 garbage-first heap   total reserved 2021376K, committed 75776K, used 37033K [0x0000000084a00000, 0x0000000100000000)
  region size 1024K, 3 young (3072K), 3 survivors (3072K)
 Metaspace       used 59638K, committed 60288K, reserved 1114112K
  class space    used 8272K, committed 8512K, reserved 1048576K
}
Event: 9.812 GC heap before
{Heap before GC invocations=13 (full 0):
 garbage-first heap   total reserved 2021376K, committed 75776K, used 39081K [0x0000000084a00000, 0x0000000100000000)
  region size 1024K, 6 young (6144K), 3 survivors (3072K)
 Metaspace       used 60009K, committed 60608K, reserved 1114112K
  class space    used 8303K, committed 8576K, reserved 1048576K
}
Event: 9.815 GC heap after
{Heap after GC invocations=14 (full 0):
 garbage-first heap   total reserved 2021376K, committed 75776K, used 37720K [0x0000000084a00000, 0x0000000100000000)
  region size 1024K, 2 young (2048K), 2 survivors (2048K)
 Metaspace       used 60009K, committed 60608K, reserved 1114112K
  class space    used 8303K, committed 8576K, reserved 1048576K
}
Event: 10.630 GC heap before
{Heap before GC invocations=15 (full 0):
 garbage-first heap   total reserved 2021376K, committed 75776K, used 68440K [0x0000000084a00000, 0x0000000100000000)
  region size 1024K, 32 young (32768K), 2 survivors (2048K)
 Metaspace       used 64361K, committed 65088K, reserved 1114112K
  class space    used 8970K, committed 9344K, reserved 1048576K
}
Event: 10.634 GC heap after
{Heap after GC invocations=16 (full 0):
 garbage-first heap   total reserved 2021376K, committed 75776K, used 40387K [0x0000000084a00000, 0x0000000100000000)
  region size 1024K, 4 young (4096K), 4 survivors (4096K)
 Metaspace       used 64361K, committed 65088K, reserved 1114112K
  class space    used 8970K, committed 9344K, reserved 1048576K
}

