# JRE version: Java(TM) SE Runtime Environment (22.0.1+8) (build 22.0.1+8-16)
# Java VM: Java HotSpot(TM) 64-Bit Server VM (22.0.1+8-16, mixed mode, sharing, tiered, compressed oops, compressed class ptrs, g1 gc, windows-amd64)
GC Precious Log:
 CardTable entry size: 512
 Card Set container configuration: InlinePtr #cards 5 size 8 Array Of Cards #cards 12 size 40 Howl #buckets 4 coarsen threshold 1843 Howl Bitmap #cards 512 size 80 coarsen threshold 460 Card regions per heap region 1 cards per card region 2048
 CPUs: 12 total, 12 available
 Memory: 7895M
 Large Page Support: Disabled
 NUMA Support: Disabled
 Compressed Oops: Enabled (32-bit)
 Heap Region Size: 1M
 Heap Min Capacity: 8M
 Heap Initial Capacity: 124M
 Heap Max Capacity: 1974M
 Pre-touch: Disabled
 Parallel Workers: 10
 Concurrent Workers: 3
 Concurrent Refinement Workers: 10
 Periodic GC: Disabled
Heap:
 garbage-first heap   total reserved 2021376K, committed 98304K, used 48580K [0x0000000084a00000, 0x0000000100000000)
  region size 1024K, 4 young (4096K), 2 survivors (2048K)
 Metaspace       used 75042K, committed 75840K, reserved 1114112K
  class space    used 10325K, committed 10688K, reserved 1048576K
GC Heap History (20 events):
Event: 8.156 GC heap before
{Heap before GC invocations=7 (full 0):
 garbage-first heap   total reserved 2021376K, committed 81920K, used 71559K [0x0000000084a00000, 0x0000000100000000)
  region size 1024K, 40 young (40960K), 4 survivors (4096K)
 Metaspace       used 34223K, committed 34752K, reserved 1114112K
  class space    used 4504K, committed 4736K, reserved 1048576K
}
Event: 8.159 GC heap after
{Heap after GC invocations=8 (full 0):
 garbage-first heap   total reserved 2021376K, committed 81920K, used 33592K [0x0000000084a00000, 0x0000000100000000)
  region size 1024K, 5 young (5120K), 5 survivors (5120K)
 Metaspace       used 34223K, committed 34752K, reserved 1114112K
  class space    used 4504K, committed 4736K, reserved 1048576K
}
Event: 8.450 GC heap before
{Heap before GC invocations=8 (full 0):
 garbage-first heap   total reserved 2021376K, committed 81920K, used 39736K [0x0000000084a00000, 0x0000000100000000)
  region size 1024K, 12 young (12288K), 5 survivors (5120K)
 Metaspace       used 35623K, committed 36160K, reserved 1114112K
  class space    used 4686K, committed 4928K, reserved 1048576K
}
Event: 8.453 GC heap after
{Heap after GC invocations=9 (full 0):
 garbage-first heap   total reserved 2021376K, committed 81920K, used 34597K [0x0000000084a00000, 0x0000000100000000)
  region size 1024K, 1 young (1024K), 1 survivors (1024K)
 Metaspace       used 35623K, committed 36160K, reserved 1114112K
  class space    used 4686K, committed 4928K, reserved 1048576K
}
Event: 9.312 GC heap before
{Heap before GC invocations=10 (full 0):
 garbage-first heap   total reserved 2021376K, committed 81920K, used 67365K [0x0000000084a00000, 0x0000000100000000)
  region size 1024K, 33 young (33792K), 1 survivors (1024K)
 Metaspace       used 44228K, committed 44736K, reserved 1114112K
  class space    used 5936K, committed 6144K, reserved 1048576K
}
Event: 9.314 GC heap after
{Heap after GC invocations=11 (full 0):
 garbage-first heap   total reserved 2021376K, committed 98304K, used 36691K [0x0000000084a00000, 0x0000000100000000)
  region size 1024K, 3 young (3072K), 3 survivors (3072K)
 Metaspace       used 44228K, committed 44736K, reserved 1114112K
  class space    used 5936K, committed 6144K, reserved 1048576K
}
Event: 10.382 GC heap before
{Heap before GC invocations=11 (full 0):
 garbage-first heap   total reserved 2021376K, committed 98304K, used 81747K [0x0000000084a00000, 0x0000000100000000)
  region size 1024K, 48 young (49152K), 3 survivors (3072K)
 Metaspace       used 57052K, committed 57664K, reserved 1114112K
  class space    used 7865K, committed 8128K, reserved 1048576K
}
Event: 10.385 GC heap after
{Heap after GC invocations=12 (full 0):
 garbage-first heap   total reserved 2021376K, committed 98304K, used 37241K [0x0000000084a00000, 0x0000000100000000)
  region size 1024K, 5 young (5120K), 5 survivors (5120K)
 Metaspace       used 57052K, committed 57664K, reserved 1114112K
  class space    used 7865K, committed 8128K, reserved 1048576K
}
Event: 10.645 GC heap before
{Heap before GC invocations=12 (full 0):
 garbage-first heap   total reserved 2021376K, committed 98304K, used 47481K [0x0000000084a00000, 0x0000000100000000)
  region size 1024K, 16 young (16384K), 5 survivors (5120K)
 Metaspace       used 59780K, committed 60416K, reserved 1114112K
  class space    used 8287K, committed 8576K, reserved 1048576K
}
Event: 10.649 GC heap after
{Heap after GC invocations=13 (full 0):
 garbage-first heap   total reserved 2021376K, committed 98304K, used 37849K [0x0000000084a00000, 0x0000000100000000)
  region size 1024K, 3 young (3072K), 3 survivors (3072K)
 Metaspace       used 59780K, committed 60416K, reserved 1114112K
  class space    used 8287K, committed 8576K, reserved 1048576K
}
Event: 14.800 GC heap before
{Heap before GC invocations=14 (full 0):
 garbage-first heap   total reserved 2021376K, committed 98304K, used 85977K [0x0000000084a00000, 0x0000000100000000)
  region size 1024K, 50 young (51200K), 3 survivors (3072K)
 Metaspace       used 66430K, committed 67136K, reserved 1114112K
  class space    used 9282K, committed 9600K, reserved 1048576K
}
Event: 14.805 GC heap after
{Heap after GC invocations=15 (full 0):
 garbage-first heap   total reserved 2021376K, committed 98304K, used 42566K [0x0000000084a00000, 0x0000000100000000)
  region size 1024K, 7 young (7168K), 7 survivors (7168K)
 Metaspace       used 66430K, committed 67136K, reserved 1114112K
  class space    used 9282K, committed 9600K, reserved 1048576K
}
Event: 175.534 GC heap before
{Heap before GC invocations=15 (full 0):
 garbage-first heap   total reserved 2021376K, committed 98304K, used 78406K [0x0000000084a00000, 0x0000000100000000)
  region size 1024K, 44 young (45056K), 7 survivors (7168K)
 Metaspace       used 73486K, committed 74304K, reserved 1114112K
  class space    used 10249K, committed 10624K, reserved 1048576K
}
Event: 175.878 GC heap after
{Heap after GC invocations=16 (full 1):
 garbage-first heap   total reserved 2021376K, committed 98304K, used 37438K [0x0000000084a00000, 0x0000000100000000)
  region size 1024K, 0 young (0K), 0 survivors (0K)
 Metaspace       used 73486K, committed 74304K, reserved 1114112K
  class space    used 10249K, committed 10624K, reserved 1048576K
}
Event: 177.964 GC heap before
{Heap before GC invocations=16 (full 1):
 garbage-first heap   total reserved 2021376K, committed 98304K, used 83518K [0x0000000084a00000, 0x0000000100000000)
  region size 1024K, 44 young (45056K), 0 survivors (0K)
 Metaspace       used 73767K, committed 74624K, reserved 1114112K
  class space    used 10254K, committed 10624K, reserved 1048576K
}
Event: 177.971 GC heap after
{Heap after GC invocations=17 (full 1):
 garbage-first heap   total reserved 2021376K, committed 98304K, used 41534K [0x0000000084a00000, 0x0000000100000000)
  region size 1024K, 4 young (4096K), 4 survivors (4096K)
 Metaspace       used 73767K, committed 74624K, reserved 1114112K
  class space    used 10254K, committed 10624K, reserved 1048576K
}
Event: 186.741 GC heap before
{Heap before GC invocations=17 (full 1):
 garbage-first heap   total reserved 2021376K, committed 98304K, used 75326K [0x0000000084a00000, 0x0000000100000000)
  region size 1024K, 39 young (39936K), 4 survivors (4096K)
 Metaspace       used 74458K, committed 75264K, reserved 1114112K
  class space    used 10274K, committed 10624K, reserved 1048576K
}
Event: 186.855 GC heap after
{Heap after GC invocations=18 (full 2):
 garbage-first heap   total reserved 2021376K, committed 98304K, used 37892K [0x0000000084a00000, 0x0000000100000000)
  region size 1024K, 0 young (0K), 0 survivors (0K)
 Metaspace       used 74456K, committed 75264K, reserved 1114112K
  class space    used 10273K, committed 10624K, reserved 1048576K
}
Event: 188.875 GC heap before
{Heap before GC invocations=18 (full 2):
 garbage-first heap   total reserved 2021376K, committed 98304K, used 83972K [0x0000000084a00000, 0x0000000100000000)
  region size 1024K, 45 young (46080K), 0 survivors (0K)
 Metaspace       used 74597K, committed 75392K, reserved 1114112K
  class space    used 10277K, committed 10624K, reserved 1048576K
}
Event: 188.887 GC heap after
{Heap after GC invocations=19 (full 2):
 garbage-first heap   total reserved 2021376K, committed 98304K, used 41780K [0x0000000084a00000, 0x0000000100000000)
  region size 1024K, 4 young (4096K), 4 survivors (4096K)
 Metaspace       used 74597K, committed 75392K, reserved 1114112K
  class space    used 10277K, committed 10624K, reserved 1048576K
}

