# JRE version: OpenJDK Runtime Environment Temurin-21.0.8+9 (21.0.8+9) (build 21.0.8+9-LTS)
# Java VM: OpenJDK 64-Bit Server VM Temurin-21.0.8+9 (21.0.8+9-LTS, mixed mode, sharing, tiered, compressed oops, compressed class ptrs, parallel gc, windows-amd64)
GC Precious Log:
 CardTable entry size: 512
 CPUs: 12 total, 12 available
 Memory: 7895M
 Large Page Support: Disabled
 NUMA Support: Disabled
 Compressed Oops: Enabled (32-bit)
 Alignments: Space 512K, Generation 512K, Heap 2M
 Heap Min Capacity: 100M
 Heap Initial Capacity: 100M
 Heap Max Capacity: 2G
 Pre-touch: Disabled
 Parallel Workers: 10
Heap:
 PSYoungGen      total 4608K, used 2300K [0x00000000d5580000, 0x00000000d6100000, 0x0000000100000000)
  eden space 2560K, 9% used [0x00000000d5580000,0x00000000d55bf088,0x00000000d5800000)
  from space 2048K, 100% used [0x00000000d5800000,0x00000000d5a00000,0x00000000d5a00000)
  to   space 4608K, 0% used [0x00000000d5c80000,0x00000000d5c80000,0x00000000d6100000)
 ParOldGen       total 753664K, used 753434K [0x0000000080000000, 0x00000000ae000000, 0x00000000d5580000)
  object space 753664K, 99% used [0x0000000080000000,0x00000000adfc68b0,0x00000000ae000000)
 Metaspace       used 70939K, committed 72576K, reserved 1114112K
  class space    used 7650K, committed 8384K, reserved 1048576K
GC Heap History (20 events):
Event: 69.725 GC heap before
{Heap before GC invocations=1301 (full 3):
 PSYoungGen      total 2560K, used 2496K [0x00000000d5580000, 0x00000000d5980000, 0x0000000100000000)
  eden space 2048K, 100% used [0x00000000d5580000,0x00000000d5780000,0x00000000d5780000)
  from space 512K, 87% used [0x00000000d5800000,0x00000000d5870000,0x00000000d5880000)
  to   space 1024K, 0% used [0x00000000d5880000,0x00000000d5880000,0x00000000d5980000)
 ParOldGen       total 741888K, used 741431K [0x0000000080000000, 0x00000000ad480000, 0x00000000d5580000)
  object space 741888K, 99% used [0x0000000080000000,0x00000000ad40dd90,0x00000000ad480000)
 Metaspace       used 70912K, committed 72512K, reserved 1114112K
  class space    used 7645K, committed 8320K, reserved 1048576K
}
Event: 69.727 GC heap after
{Heap after GC invocations=1301 (full 3):
 PSYoungGen      total 3072K, used 672K [0x00000000d5580000, 0x00000000d5980000, 0x0000000100000000)
  eden space 2048K, 0% used [0x00000000d5580000,0x00000000d5580000,0x00000000d5780000)
  from space 1024K, 65% used [0x00000000d5880000,0x00000000d5928000,0x00000000d5980000)
  to   space 1024K, 0% used [0x00000000d5780000,0x00000000d5780000,0x00000000d5880000)
 ParOldGen       total 741888K, used 741783K [0x0000000080000000, 0x00000000ad480000, 0x00000000d5580000)
  object space 741888K, 99% used [0x0000000080000000,0x00000000ad465d90,0x00000000ad480000)
 Metaspace       used 70912K, committed 72512K, reserved 1114112K
  class space    used 7645K, committed 8320K, reserved 1048576K
}
Event: 69.731 GC heap before
{Heap before GC invocations=1302 (full 3):
 PSYoungGen      total 3072K, used 2720K [0x00000000d5580000, 0x00000000d5980000, 0x0000000100000000)
  eden space 2048K, 100% used [0x00000000d5580000,0x00000000d5780000,0x00000000d5780000)
  from space 1024K, 65% used [0x00000000d5880000,0x00000000d5928000,0x00000000d5980000)
  to   space 1024K, 0% used [0x00000000d5780000,0x00000000d5780000,0x00000000d5880000)
 ParOldGen       total 741888K, used 741783K [0x0000000080000000, 0x00000000ad480000, 0x00000000d5580000)
  object space 741888K, 99% used [0x0000000080000000,0x00000000ad465d90,0x00000000ad480000)
 Metaspace       used 70912K, committed 72512K, reserved 1114112K
  class space    used 7645K, committed 8320K, reserved 1048576K
}
Event: 69.732 GC heap after
{Heap after GC invocations=1302 (full 3):
 PSYoungGen      total 3072K, used 993K [0x00000000d5580000, 0x00000000d5c80000, 0x0000000100000000)
  eden space 2048K, 0% used [0x00000000d5580000,0x00000000d5580000,0x00000000d5780000)
  from space 1024K, 97% used [0x00000000d5780000,0x00000000d58787a0,0x00000000d5880000)
  to   space 2560K, 0% used [0x00000000d5a00000,0x00000000d5a00000,0x00000000d5c80000)
 ParOldGen       total 743424K, used 742985K [0x0000000080000000, 0x00000000ad600000, 0x00000000d5580000)
  object space 743424K, 99% used [0x0000000080000000,0x00000000ad592508,0x00000000ad600000)
 Metaspace       used 70912K, committed 72512K, reserved 1114112K
  class space    used 7645K, committed 8320K, reserved 1048576K
}
Event: 69.745 GC heap before
{Heap before GC invocations=1303 (full 3):
 PSYoungGen      total 3072K, used 3040K [0x00000000d5580000, 0x00000000d5c80000, 0x0000000100000000)
  eden space 2048K, 99% used [0x00000000d5580000,0x00000000d577fbc0,0x00000000d5780000)
  from space 1024K, 97% used [0x00000000d5780000,0x00000000d58787a0,0x00000000d5880000)
  to   space 2560K, 0% used [0x00000000d5a00000,0x00000000d5a00000,0x00000000d5c80000)
 ParOldGen       total 743424K, used 742985K [0x0000000080000000, 0x00000000ad600000, 0x00000000d5580000)
  object space 743424K, 99% used [0x0000000080000000,0x00000000ad592508,0x00000000ad600000)
 Metaspace       used 70912K, committed 72512K, reserved 1114112K
  class space    used 7645K, committed 8320K, reserved 1048576K
}
Event: 69.747 GC heap after
{Heap after GC invocations=1303 (full 3):
 PSYoungGen      total 3584K, used 1060K [0x00000000d5580000, 0x00000000d5b80000, 0x0000000100000000)
  eden space 2048K, 0% used [0x00000000d5580000,0x00000000d5580000,0x00000000d5780000)
  from space 1536K, 69% used [0x00000000d5a00000,0x00000000d5b09008,0x00000000d5b80000)
  to   space 1536K, 0% used [0x00000000d5880000,0x00000000d5880000,0x00000000d5a00000)
 ParOldGen       total 744448K, used 744011K [0x0000000080000000, 0x00000000ad700000, 0x00000000d5580000)
  object space 744448K, 99% used [0x0000000080000000,0x00000000ad692e68,0x00000000ad700000)
 Metaspace       used 70912K, committed 72512K, reserved 1114112K
  class space    used 7645K, committed 8320K, reserved 1048576K
}
Event: 69.765 GC heap before
{Heap before GC invocations=1304 (full 3):
 PSYoungGen      total 3584K, used 3108K [0x00000000d5580000, 0x00000000d5b80000, 0x0000000100000000)
  eden space 2048K, 100% used [0x00000000d5580000,0x00000000d5780000,0x00000000d5780000)
  from space 1536K, 69% used [0x00000000d5a00000,0x00000000d5b09008,0x00000000d5b80000)
  to   space 1536K, 0% used [0x00000000d5880000,0x00000000d5880000,0x00000000d5a00000)
 ParOldGen       total 744448K, used 744011K [0x0000000080000000, 0x00000000ad700000, 0x00000000d5580000)
  object space 744448K, 99% used [0x0000000080000000,0x00000000ad692e68,0x00000000ad700000)
 Metaspace       used 70912K, committed 72512K, reserved 1114112K
  class space    used 7645K, committed 8320K, reserved 1048576K
}
Event: 69.767 GC heap after
{Heap after GC invocations=1304 (full 3):
 PSYoungGen      total 3072K, used 864K [0x00000000d5580000, 0x00000000d5a80000, 0x0000000100000000)
  eden space 2048K, 0% used [0x00000000d5580000,0x00000000d5580000,0x00000000d5780000)
  from space 1024K, 84% used [0x00000000d5880000,0x00000000d5958000,0x00000000d5980000)
  to   space 1024K, 0% used [0x00000000d5980000,0x00000000d5980000,0x00000000d5a80000)
 ParOldGen       total 744960K, used 744953K [0x0000000080000000, 0x00000000ad780000, 0x00000000d5580000)
  object space 744960K, 99% used [0x0000000080000000,0x00000000ad77e678,0x00000000ad780000)
 Metaspace       used 70912K, committed 72512K, reserved 1114112K
  class space    used 7645K, committed 8320K, reserved 1048576K
}
Event: 69.794 GC heap before
{Heap before GC invocations=1305 (full 3):
 PSYoungGen      total 3072K, used 2910K [0x00000000d5580000, 0x00000000d5a80000, 0x0000000100000000)
  eden space 2048K, 99% used [0x00000000d5580000,0x00000000d577fb20,0x00000000d5780000)
  from space 1024K, 84% used [0x00000000d5880000,0x00000000d5958000,0x00000000d5980000)
  to   space 1024K, 0% used [0x00000000d5980000,0x00000000d5980000,0x00000000d5a80000)
 ParOldGen       total 744960K, used 744953K [0x0000000080000000, 0x00000000ad780000, 0x00000000d5580000)
  object space 744960K, 99% used [0x0000000080000000,0x00000000ad77e678,0x00000000ad780000)
 Metaspace       used 70913K, committed 72512K, reserved 1114112K
  class space    used 7645K, committed 8320K, reserved 1048576K
}
Event: 69.798 GC heap after
{Heap after GC invocations=1305 (full 3):
 PSYoungGen      total 3072K, used 800K [0x00000000d5580000, 0x00000000d5a80000, 0x0000000100000000)
  eden space 2048K, 0% used [0x00000000d5580000,0x00000000d5580000,0x00000000d5780000)
  from space 1024K, 78% used [0x00000000d5980000,0x00000000d5a48000,0x00000000d5a80000)
  to   space 1024K, 0% used [0x00000000d5880000,0x00000000d5880000,0x00000000d5980000)
 ParOldGen       total 745472K, used 745431K [0x0000000080000000, 0x00000000ad800000, 0x00000000d5580000)
  object space 745472K, 99% used [0x0000000080000000,0x00000000ad7f5c88,0x00000000ad800000)
 Metaspace       used 70913K, committed 72512K, reserved 1114112K
  class space    used 7645K, committed 8320K, reserved 1048576K
}
Event: 69.811 GC heap before
{Heap before GC invocations=1306 (full 3):
 PSYoungGen      total 3072K, used 2847K [0x00000000d5580000, 0x00000000d5a80000, 0x0000000100000000)
  eden space 2048K, 99% used [0x00000000d5580000,0x00000000d577ffc0,0x00000000d5780000)
  from space 1024K, 78% used [0x00000000d5980000,0x00000000d5a48000,0x00000000d5a80000)
  to   space 1024K, 0% used [0x00000000d5880000,0x00000000d5880000,0x00000000d5980000)
 ParOldGen       total 745472K, used 745431K [0x0000000080000000, 0x00000000ad800000, 0x00000000d5580000)
  object space 745472K, 99% used [0x0000000080000000,0x00000000ad7f5c88,0x00000000ad800000)
 Metaspace       used 70913K, committed 72512K, reserved 1114112K
  class space    used 7645K, committed 8320K, reserved 1048576K
}
Event: 69.814 GC heap after
{Heap after GC invocations=1306 (full 3):
 PSYoungGen      total 3072K, used 1000K [0x00000000d5580000, 0x00000000d5d80000, 0x0000000100000000)
  eden space 2048K, 0% used [0x00000000d5580000,0x00000000d5580000,0x00000000d5780000)
  from space 1024K, 97% used [0x00000000d5880000,0x00000000d597a170,0x00000000d5980000)
  to   space 3072K, 0% used [0x00000000d5a80000,0x00000000d5a80000,0x00000000d5d80000)
 ParOldGen       total 747008K, used 746798K [0x0000000080000000, 0x00000000ad980000, 0x00000000d5580000)
  object space 747008K, 99% used [0x0000000080000000,0x00000000ad94bba0,0x00000000ad980000)
 Metaspace       used 70913K, committed 72512K, reserved 1114112K
  class space    used 7645K, committed 8320K, reserved 1048576K
}
Event: 69.819 GC heap before
{Heap before GC invocations=1307 (full 3):
 PSYoungGen      total 3072K, used 3048K [0x00000000d5580000, 0x00000000d5d80000, 0x0000000100000000)
  eden space 2048K, 100% used [0x00000000d5580000,0x00000000d5780000,0x00000000d5780000)
  from space 1024K, 97% used [0x00000000d5880000,0x00000000d597a170,0x00000000d5980000)
  to   space 3072K, 0% used [0x00000000d5a80000,0x00000000d5a80000,0x00000000d5d80000)
 ParOldGen       total 747008K, used 746798K [0x0000000080000000, 0x00000000ad980000, 0x00000000d5580000)
  object space 747008K, 99% used [0x0000000080000000,0x00000000ad94bba0,0x00000000ad980000)
 Metaspace       used 70913K, committed 72512K, reserved 1114112K
  class space    used 7645K, committed 8320K, reserved 1048576K
}
Event: 69.821 GC heap after
{Heap after GC invocations=1307 (full 3):
 PSYoungGen      total 4096K, used 1981K [0x00000000d5580000, 0x00000000d5c80000, 0x0000000100000000)
  eden space 2048K, 0% used [0x00000000d5580000,0x00000000d5580000,0x00000000d5780000)
  from space 2048K, 96% used [0x00000000d5a80000,0x00000000d5c6f520,0x00000000d5c80000)
  to   space 2560K, 0% used [0x00000000d5780000,0x00000000d5780000,0x00000000d5a00000)
 ParOldGen       total 748032K, used 747843K [0x0000000080000000, 0x00000000ada80000, 0x00000000d5580000)
  object space 748032K, 99% used [0x0000000080000000,0x00000000ada50d30,0x00000000ada80000)
 Metaspace       used 70913K, committed 72512K, reserved 1114112K
  class space    used 7645K, committed 8320K, reserved 1048576K
}
Event: 69.833 GC heap before
{Heap before GC invocations=1308 (full 3):
 PSYoungGen      total 4096K, used 4029K [0x00000000d5580000, 0x00000000d5c80000, 0x0000000100000000)
  eden space 2048K, 100% used [0x00000000d5580000,0x00000000d5780000,0x00000000d5780000)
  from space 2048K, 96% used [0x00000000d5a80000,0x00000000d5c6f520,0x00000000d5c80000)
  to   space 2560K, 0% used [0x00000000d5780000,0x00000000d5780000,0x00000000d5a00000)
 ParOldGen       total 748032K, used 747843K [0x0000000080000000, 0x00000000ada80000, 0x00000000d5580000)
  object space 748032K, 99% used [0x0000000080000000,0x00000000ada50d30,0x00000000ada80000)
 Metaspace       used 70913K, committed 72512K, reserved 1114112K
  class space    used 7645K, committed 8320K, reserved 1048576K
}
Event: 69.835 GC heap after
{Heap after GC invocations=1308 (full 3):
 PSYoungGen      total 4608K, used 2048K [0x00000000d5580000, 0x00000000d5c80000, 0x0000000100000000)
  eden space 2048K, 0% used [0x00000000d5580000,0x00000000d5580000,0x00000000d5780000)
  from space 2560K, 80% used [0x00000000d5780000,0x00000000d5980000,0x00000000d5a00000)
  to   space 2560K, 0% used [0x00000000d5a00000,0x00000000d5a00000,0x00000000d5c80000)
 ParOldGen       total 750080K, used 749702K [0x0000000080000000, 0x00000000adc80000, 0x00000000d5580000)
  object space 750080K, 99% used [0x0000000080000000,0x00000000adc21b20,0x00000000adc80000)
 Metaspace       used 70913K, committed 72512K, reserved 1114112K
  class space    used 7645K, committed 8320K, reserved 1048576K
}
Event: 69.839 GC heap before
{Heap before GC invocations=1309 (full 3):
 PSYoungGen      total 4608K, used 4096K [0x00000000d5580000, 0x00000000d5c80000, 0x0000000100000000)
  eden space 2048K, 100% used [0x00000000d5580000,0x00000000d5780000,0x00000000d5780000)
  from space 2560K, 80% used [0x00000000d5780000,0x00000000d5980000,0x00000000d5a00000)
  to   space 2560K, 0% used [0x00000000d5a00000,0x00000000d5a00000,0x00000000d5c80000)
 ParOldGen       total 750080K, used 749702K [0x0000000080000000, 0x00000000adc80000, 0x00000000d5580000)
  object space 750080K, 99% used [0x0000000080000000,0x00000000adc21b20,0x00000000adc80000)
 Metaspace       used 70914K, committed 72512K, reserved 1114112K
  class space    used 7645K, committed 8320K, reserved 1048576K
}
Event: 69.842 GC heap after
{Heap after GC invocations=1309 (full 3):
 PSYoungGen      total 4608K, used 1920K [0x00000000d5580000, 0x00000000d5c00000, 0x0000000100000000)
  eden space 2560K, 0% used [0x00000000d5580000,0x00000000d5580000,0x00000000d5800000)
  from space 2048K, 93% used [0x00000000d5a00000,0x00000000d5be0000,0x00000000d5c00000)
  to   space 2048K, 0% used [0x00000000d5800000,0x00000000d5800000,0x00000000d5a00000)
 ParOldGen       total 751616K, used 751590K [0x0000000080000000, 0x00000000ade00000, 0x00000000d5580000)
  object space 751616K, 99% used [0x0000000080000000,0x00000000addf9b20,0x00000000ade00000)
 Metaspace       used 70914K, committed 72512K, reserved 1114112K
  class space    used 7645K, committed 8320K, reserved 1048576K
}
Event: 69.940 GC heap before
{Heap before GC invocations=1310 (full 3):
 PSYoungGen      total 4608K, used 4473K [0x00000000d5580000, 0x00000000d5c00000, 0x0000000100000000)
  eden space 2560K, 99% used [0x00000000d5580000,0x00000000d57fe7e8,0x00000000d5800000)
  from space 2048K, 93% used [0x00000000d5a00000,0x00000000d5be0000,0x00000000d5c00000)
  to   space 2048K, 0% used [0x00000000d5800000,0x00000000d5800000,0x00000000d5a00000)
 ParOldGen       total 751616K, used 751590K [0x0000000080000000, 0x00000000ade00000, 0x00000000d5580000)
  object space 751616K, 99% used [0x0000000080000000,0x00000000addf9b20,0x00000000ade00000)
 Metaspace       used 70937K, committed 72576K, reserved 1114112K
  class space    used 7650K, committed 8384K, reserved 1048576K
}
Event: 69.944 GC heap after
{Heap after GC invocations=1310 (full 3):
 PSYoungGen      total 4608K, used 2048K [0x00000000d5580000, 0x00000000d6100000, 0x0000000100000000)
  eden space 2560K, 0% used [0x00000000d5580000,0x00000000d5580000,0x00000000d5800000)
  from space 2048K, 100% used [0x00000000d5800000,0x00000000d5a00000,0x00000000d5a00000)
  to   space 4608K, 0% used [0x00000000d5c80000,0x00000000d5c80000,0x00000000d6100000)
 ParOldGen       total 753664K, used 753434K [0x0000000080000000, 0x00000000ae000000, 0x00000000d5580000)
  object space 753664K, 99% used [0x0000000080000000,0x00000000adfc68b0,0x00000000ae000000)
 Metaspace       used 70937K, committed 72576K, reserved 1114112K
  class space    used 7650K, committed 8384K, reserved 1048576K
}

