# JRE version: Java(TM) SE Runtime Environment (22.0.1+8) (build 22.0.1+8-16)
# Java VM: Java HotSpot(TM) 64-Bit Server VM (22.0.1+8-16, mixed mode, sharing, tiered, compressed oops, compressed class ptrs, g1 gc, windows-amd64)
GC Precious Log:
 CardTable entry size: 512
 Card Set container configuration: InlinePtr #cards 5 size 8 Array Of Cards #cards 12 size 40 Howl #buckets 4 coarsen threshold 1843 Howl Bitmap #cards 512 size 80 coarsen threshold 460 Card regions per heap region 1 cards per card region 2048
 CPUs: 12 total, 12 available
 Memory: 7895M
 Large Page Support: Disabled
 NUMA Support: Disabled
 Compressed Oops: Enabled (32-bit)
 Heap Region Size: 1M
 Heap Min Capacity: 8M
 Heap Initial Capacity: 124M
 Heap Max Capacity: 1974M
 Pre-touch: Disabled
 Parallel Workers: 10
 Concurrent Workers: 3
 Concurrent Refinement Workers: 10
 Periodic GC: Disabled
Heap:
 garbage-first heap   total reserved 2021376K, committed 97280K, used 73024K [0x0000000084a00000, 0x0000000100000000)
  region size 1024K, 32 young (32768K), 5 survivors (5120K)
 Metaspace       used 85883K, committed 86912K, reserved 1179648K
  class space    used 11306K, committed 11776K, reserved 1048576K
GC Heap History (20 events):
Event: 1278.391 GC heap before
{Heap before GC invocations=48 (full 8):
 garbage-first heap   total reserved 2021376K, committed 80896K, used 69690K [0x0000000084a00000, 0x0000000100000000)
  region size 1024K, 29 young (29696K), 0 survivors (0K)
 Metaspace       used 84356K, committed 85312K, reserved 1179648K
  class space    used 11240K, committed 11648K, reserved 1048576K
}
Event: 1278.394 GC heap after
{Heap after GC invocations=49 (full 8):
 garbage-first heap   total reserved 2021376K, committed 80896K, used 42947K [0x0000000084a00000, 0x0000000100000000)
  region size 1024K, 3 young (3072K), 3 survivors (3072K)
 Metaspace       used 84356K, committed 85312K, reserved 1179648K
  class space    used 11240K, committed 11648K, reserved 1048576K
}
Event: 1278.661 GC heap before
{Heap before GC invocations=50 (full 8):
 garbage-first heap   total reserved 2021376K, committed 80896K, used 69571K [0x0000000084a00000, 0x0000000100000000)
  region size 1024K, 29 young (29696K), 3 survivors (3072K)
 Metaspace       used 84530K, committed 85440K, reserved 1179648K
  class space    used 11248K, committed 11648K, reserved 1048576K
}
Event: 1278.665 GC heap after
{Heap after GC invocations=51 (full 8):
 garbage-first heap   total reserved 2021376K, committed 80896K, used 45434K [0x0000000084a00000, 0x0000000100000000)
  region size 1024K, 3 young (3072K), 3 survivors (3072K)
 Metaspace       used 84530K, committed 85440K, reserved 1179648K
  class space    used 11248K, committed 11648K, reserved 1048576K
}
Event: 1299.761 GC heap before
{Heap before GC invocations=51 (full 8):
 garbage-first heap   total reserved 2021376K, committed 80896K, used 65914K [0x0000000084a00000, 0x0000000100000000)
  region size 1024K, 24 young (24576K), 3 survivors (3072K)
 Metaspace       used 84726K, committed 85696K, reserved 1179648K
  class space    used 11254K, committed 11712K, reserved 1048576K
}
Event: 1299.905 GC heap after
{Heap after GC invocations=52 (full 9):
 garbage-first heap   total reserved 2021376K, committed 80896K, used 40208K [0x0000000084a00000, 0x0000000100000000)
  region size 1024K, 0 young (0K), 0 survivors (0K)
 Metaspace       used 84724K, committed 85696K, reserved 1179648K
  class space    used 11253K, committed 11712K, reserved 1048576K
}
Event: 1301.424 GC heap before
{Heap before GC invocations=52 (full 9):
 garbage-first heap   total reserved 2021376K, committed 80896K, used 69904K [0x0000000084a00000, 0x0000000100000000)
  region size 1024K, 29 young (29696K), 0 survivors (0K)
 Metaspace       used 84768K, committed 85760K, reserved 1179648K
  class space    used 11257K, committed 11712K, reserved 1048576K
}
Event: 1301.428 GC heap after
{Heap after GC invocations=53 (full 9):
 garbage-first heap   total reserved 2021376K, committed 80896K, used 43280K [0x0000000084a00000, 0x0000000100000000)
  region size 1024K, 3 young (3072K), 3 survivors (3072K)
 Metaspace       used 84768K, committed 85760K, reserved 1179648K
  class space    used 11257K, committed 11712K, reserved 1048576K
}
Event: 1301.834 GC heap before
{Heap before GC invocations=54 (full 9):
 garbage-first heap   total reserved 2021376K, committed 80896K, used 69904K [0x0000000084a00000, 0x0000000100000000)
  region size 1024K, 29 young (29696K), 3 survivors (3072K)
 Metaspace       used 84921K, committed 85888K, reserved 1179648K
  class space    used 11266K, committed 11712K, reserved 1048576K
}
Event: 1301.838 GC heap after
{Heap after GC invocations=55 (full 9):
 garbage-first heap   total reserved 2021376K, committed 80896K, used 45500K [0x0000000084a00000, 0x0000000100000000)
  region size 1024K, 3 young (3072K), 3 survivors (3072K)
 Metaspace       used 84921K, committed 85888K, reserved 1179648K
  class space    used 11266K, committed 11712K, reserved 1048576K
}
Event: 1308.983 GC heap before
{Heap before GC invocations=55 (full 9):
 garbage-first heap   total reserved 2021376K, committed 80896K, used 65980K [0x0000000084a00000, 0x0000000100000000)
  region size 1024K, 24 young (24576K), 3 survivors (3072K)
 Metaspace       used 85129K, committed 86080K, reserved 1179648K
  class space    used 11273K, committed 11712K, reserved 1048576K
}
Event: 1309.034 GC heap after
{Heap after GC invocations=56 (full 10):
 garbage-first heap   total reserved 2021376K, committed 80896K, used 40421K [0x0000000084a00000, 0x0000000100000000)
  region size 1024K, 0 young (0K), 0 survivors (0K)
 Metaspace       used 85127K, committed 86080K, reserved 1179648K
  class space    used 11272K, committed 11712K, reserved 1048576K
}
Event: 1311.174 GC heap before
{Heap before GC invocations=56 (full 10):
 garbage-first heap   total reserved 2021376K, committed 80896K, used 68069K [0x0000000084a00000, 0x0000000100000000)
  region size 1024K, 27 young (27648K), 0 survivors (0K)
 Metaspace       used 85169K, committed 86208K, reserved 1179648K
  class space    used 11275K, committed 11712K, reserved 1048576K
}
Event: 1311.178 GC heap after
{Heap after GC invocations=57 (full 10):
 garbage-first heap   total reserved 2021376K, committed 80896K, used 43170K [0x0000000084a00000, 0x0000000100000000)
  region size 1024K, 3 young (3072K), 3 survivors (3072K)
 Metaspace       used 85169K, committed 86208K, reserved 1179648K
  class space    used 11275K, committed 11712K, reserved 1048576K
}
Event: 1311.852 GC heap before
{Heap before GC invocations=58 (full 10):
 garbage-first heap   total reserved 2021376K, committed 80896K, used 67746K [0x0000000084a00000, 0x0000000100000000)
  region size 1024K, 27 young (27648K), 3 survivors (3072K)
 Metaspace       used 85212K, committed 86208K, reserved 1179648K
  class space    used 11278K, committed 11712K, reserved 1048576K
}
Event: 1311.860 GC heap after
{Heap after GC invocations=59 (full 10):
 garbage-first heap   total reserved 2021376K, committed 97280K, used 45601K [0x0000000084a00000, 0x0000000100000000)
  region size 1024K, 3 young (3072K), 3 survivors (3072K)
 Metaspace       used 85212K, committed 86208K, reserved 1179648K
  class space    used 11278K, committed 11712K, reserved 1048576K
}
Event: 1319.981 GC heap before
{Heap before GC invocations=59 (full 10):
 garbage-first heap   total reserved 2021376K, committed 97280K, used 71201K [0x0000000084a00000, 0x0000000100000000)
  region size 1024K, 29 young (29696K), 3 survivors (3072K)
 Metaspace       used 85535K, committed 86528K, reserved 1179648K
  class space    used 11292K, committed 11712K, reserved 1048576K
}
Event: 1320.040 GC heap after
{Heap after GC invocations=60 (full 11):
 garbage-first heap   total reserved 2021376K, committed 97280K, used 40641K [0x0000000084a00000, 0x0000000100000000)
  region size 1024K, 0 young (0K), 0 survivors (0K)
 Metaspace       used 85532K, committed 86528K, reserved 1179648K
  class space    used 11291K, committed 11712K, reserved 1048576K
}
Event: 1321.841 GC heap before
{Heap before GC invocations=60 (full 11):
 garbage-first heap   total reserved 2021376K, committed 97280K, used 80577K [0x0000000084a00000, 0x0000000100000000)
  region size 1024K, 40 young (40960K), 0 survivors (0K)
 Metaspace       used 85579K, committed 86528K, reserved 1179648K
  class space    used 11294K, committed 11712K, reserved 1048576K
}
Event: 1321.847 GC heap after
{Heap after GC invocations=61 (full 11):
 garbage-first heap   total reserved 2021376K, committed 97280K, used 46400K [0x0000000084a00000, 0x0000000100000000)
  region size 1024K, 5 young (5120K), 5 survivors (5120K)
 Metaspace       used 85579K, committed 86528K, reserved 1179648K
  class space    used 11294K, committed 11712K, reserved 1048576K
}

