# JRE version: OpenJDK Runtime Environment Temurin-21.0.8+9 (21.0.8+9) (build 21.0.8+9-LTS)
# Java VM: OpenJDK 64-Bit Server VM Temurin-21.0.8+9 (21.0.8+9-LTS, mixed mode, sharing, tiered, compressed oops, compressed class ptrs, parallel gc, windows-amd64)
GC Precious Log:
 CardTable entry size: 512
 CPUs: 12 total, 12 available
 Memory: 7895M
 Large Page Support: Disabled
 NUMA Support: Disabled
 Compressed Oops: Enabled (32-bit)
 Alignments: Space 512K, Generation 512K, Heap 2M
 Heap Min Capacity: 100M
 Heap Initial Capacity: 100M
 Heap Max Capacity: 2G
 Pre-touch: Disabled
 Parallel Workers: 10
Heap:
 PSYoungGen      total 5120K, used 1024K [0x00000000d5580000, 0x00000000d5c80000, 0x0000000100000000)
  eden space 4096K, 0% used [0x00000000d5580000,0x00000000d5580000,0x00000000d5980000)
  from space 1024K, 100% used [0x00000000d5b80000,0x00000000d5c80000,0x00000000d5c80000)
  to   space 1536K, 0% used [0x00000000d5980000,0x00000000d5980000,0x00000000d5b00000)
 ParOldGen       total 1205760K, used 1205582K [0x0000000080000000, 0x00000000c9980000, 0x00000000d5580000)
  object space 1205760K, 99% used [0x0000000080000000,0x00000000c99538b8,0x00000000c9980000)
 Metaspace       used 80801K, committed 82432K, reserved 1179648K
  class space    used 8183K, committed 8896K, reserved 1048576K
GC Heap History (20 events):
Event: 232.315 GC heap after
{Heap after GC invocations=1232 (full 6):
 PSYoungGen      total 3072K, used 352K [0x00000000d5580000, 0x00000000d5900000, 0x0000000100000000)
  eden space 2048K, 0% used [0x00000000d5580000,0x00000000d5580000,0x00000000d5780000)
  from space 1024K, 34% used [0x00000000d5780000,0x00000000d57d8000,0x00000000d5880000)
  to   space 512K, 0% used [0x00000000d5880000,0x00000000d5880000,0x00000000d5900000)
 ParOldGen       total 1192960K, used 1192842K [0x0000000080000000, 0x00000000c8d00000, 0x00000000d5580000)
  object space 1192960K, 99% used [0x0000000080000000,0x00000000c8ce2978,0x00000000c8d00000)
 Metaspace       used 80793K, committed 82368K, reserved 1179648K
  class space    used 8182K, committed 8896K, reserved 1048576K
}
Event: 232.318 GC heap before
{Heap before GC invocations=1233 (full 6):
 PSYoungGen      total 3072K, used 2400K [0x00000000d5580000, 0x00000000d5900000, 0x0000000100000000)
  eden space 2048K, 100% used [0x00000000d5580000,0x00000000d5780000,0x00000000d5780000)
  from space 1024K, 34% used [0x00000000d5780000,0x00000000d57d8000,0x00000000d5880000)
  to   space 512K, 0% used [0x00000000d5880000,0x00000000d5880000,0x00000000d5900000)
 ParOldGen       total 1192960K, used 1192842K [0x0000000080000000, 0x00000000c8d00000, 0x00000000d5580000)
  object space 1192960K, 99% used [0x0000000080000000,0x00000000c8ce2978,0x00000000c8d00000)
 Metaspace       used 80793K, committed 82368K, reserved 1179648K
  class space    used 8182K, committed 8896K, reserved 1048576K
}
Event: 232.321 GC heap after
{Heap after GC invocations=1233 (full 6):
 PSYoungGen      total 1024K, used 488K [0x00000000d5580000, 0x00000000d5d00000, 0x0000000100000000)
  eden space 512K, 0% used [0x00000000d5580000,0x00000000d5580000,0x00000000d5600000)
  from space 512K, 95% used [0x00000000d5880000,0x00000000d58fa170,0x00000000d5900000)
  to   space 2560K, 0% used [0x00000000d5600000,0x00000000d5600000,0x00000000d5880000)
 ParOldGen       total 1194496K, used 1194158K [0x0000000080000000, 0x00000000c8e80000, 0x00000000d5580000)
  object space 1194496K, 99% used [0x0000000080000000,0x00000000c8e2baf8,0x00000000c8e80000)
 Metaspace       used 80793K, committed 82368K, reserved 1179648K
  class space    used 8182K, committed 8896K, reserved 1048576K
}
Event: 232.321 GC heap before
{Heap before GC invocations=1234 (full 6):
 PSYoungGen      total 1024K, used 1000K [0x00000000d5580000, 0x00000000d5d00000, 0x0000000100000000)
  eden space 512K, 100% used [0x00000000d5580000,0x00000000d5600000,0x00000000d5600000)
  from space 512K, 95% used [0x00000000d5880000,0x00000000d58fa170,0x00000000d5900000)
  to   space 2560K, 0% used [0x00000000d5600000,0x00000000d5600000,0x00000000d5880000)
 ParOldGen       total 1194496K, used 1194158K [0x0000000080000000, 0x00000000c8e80000, 0x00000000d5580000)
  object space 1194496K, 99% used [0x0000000080000000,0x00000000c8e2baf8,0x00000000c8e80000)
 Metaspace       used 80793K, committed 82368K, reserved 1179648K
  class space    used 8182K, committed 8896K, reserved 1048576K
}
Event: 232.323 GC heap after
{Heap after GC invocations=1234 (full 6):
 PSYoungGen      total 1536K, used 608K [0x00000000d5580000, 0x00000000d5980000, 0x0000000100000000)
  eden space 512K, 0% used [0x00000000d5580000,0x00000000d5580000,0x00000000d5600000)
  from space 1024K, 59% used [0x00000000d5600000,0x00000000d5698000,0x00000000d5700000)
  to   space 1536K, 0% used [0x00000000d5800000,0x00000000d5800000,0x00000000d5980000)
 ParOldGen       total 1195008K, used 1194703K [0x0000000080000000, 0x00000000c8f00000, 0x00000000d5580000)
  object space 1195008K, 99% used [0x0000000080000000,0x00000000c8eb3c68,0x00000000c8f00000)
 Metaspace       used 80793K, committed 82368K, reserved 1179648K
  class space    used 8182K, committed 8896K, reserved 1048576K
}
Event: 232.324 GC heap before
{Heap before GC invocations=1235 (full 6):
 PSYoungGen      total 1536K, used 1120K [0x00000000d5580000, 0x00000000d5980000, 0x0000000100000000)
  eden space 512K, 100% used [0x00000000d5580000,0x00000000d5600000,0x00000000d5600000)
  from space 1024K, 59% used [0x00000000d5600000,0x00000000d5698000,0x00000000d5700000)
  to   space 1536K, 0% used [0x00000000d5800000,0x00000000d5800000,0x00000000d5980000)
 ParOldGen       total 1195008K, used 1194703K [0x0000000080000000, 0x00000000c8f00000, 0x00000000d5580000)
  object space 1195008K, 99% used [0x0000000080000000,0x00000000c8eb3c68,0x00000000c8f00000)
 Metaspace       used 80793K, committed 82368K, reserved 1179648K
  class space    used 8182K, committed 8896K, reserved 1048576K
}
Event: 232.326 GC heap after
{Heap after GC invocations=1235 (full 6):
 PSYoungGen      total 2048K, used 608K [0x00000000d5580000, 0x00000000d5900000, 0x0000000100000000)
  eden space 1024K, 0% used [0x00000000d5580000,0x00000000d5580000,0x00000000d5680000)
  from space 1024K, 59% used [0x00000000d5800000,0x00000000d5898000,0x00000000d5900000)
  to   space 1024K, 0% used [0x00000000d5700000,0x00000000d5700000,0x00000000d5800000)
 ParOldGen       total 1195520K, used 1195215K [0x0000000080000000, 0x00000000c8f80000, 0x00000000d5580000)
  object space 1195520K, 99% used [0x0000000080000000,0x00000000c8f33c68,0x00000000c8f80000)
 Metaspace       used 80793K, committed 82368K, reserved 1179648K
  class space    used 8182K, committed 8896K, reserved 1048576K
}
Event: 232.327 GC heap before
{Heap before GC invocations=1236 (full 6):
 PSYoungGen      total 2048K, used 1632K [0x00000000d5580000, 0x00000000d5900000, 0x0000000100000000)
  eden space 1024K, 100% used [0x00000000d5580000,0x00000000d5680000,0x00000000d5680000)
  from space 1024K, 59% used [0x00000000d5800000,0x00000000d5898000,0x00000000d5900000)
  to   space 1024K, 0% used [0x00000000d5700000,0x00000000d5700000,0x00000000d5800000)
 ParOldGen       total 1195520K, used 1195215K [0x0000000080000000, 0x00000000c8f80000, 0x00000000d5580000)
  object space 1195520K, 99% used [0x0000000080000000,0x00000000c8f33c68,0x00000000c8f80000)
 Metaspace       used 80793K, committed 82368K, reserved 1179648K
  class space    used 8182K, committed 8896K, reserved 1048576K
}
Event: 232.329 GC heap after
{Heap after GC invocations=1236 (full 6):
 PSYoungGen      total 2560K, used 1024K [0x00000000d5580000, 0x00000000d5b00000, 0x0000000100000000)
  eden space 1536K, 0% used [0x00000000d5580000,0x00000000d5580000,0x00000000d5700000)
  from space 1024K, 100% used [0x00000000d5700000,0x00000000d5800000,0x00000000d5800000)
  to   space 2048K, 0% used [0x00000000d5900000,0x00000000d5900000,0x00000000d5b00000)
 ParOldGen       total 1196032K, used 1195759K [0x0000000080000000, 0x00000000c9000000, 0x00000000d5580000)
  object space 1196032K, 99% used [0x0000000080000000,0x00000000c8fbbc68,0x00000000c9000000)
 Metaspace       used 80793K, committed 82368K, reserved 1179648K
  class space    used 8182K, committed 8896K, reserved 1048576K
}
Event: 232.335 GC heap before
{Heap before GC invocations=1237 (full 6):
 PSYoungGen      total 2560K, used 2560K [0x00000000d5580000, 0x00000000d5b00000, 0x0000000100000000)
  eden space 1536K, 100% used [0x00000000d5580000,0x00000000d5700000,0x00000000d5700000)
  from space 1024K, 100% used [0x00000000d5700000,0x00000000d5800000,0x00000000d5800000)
  to   space 2048K, 0% used [0x00000000d5900000,0x00000000d5900000,0x00000000d5b00000)
 ParOldGen       total 1196032K, used 1195759K [0x0000000080000000, 0x00000000c9000000, 0x00000000d5580000)
  object space 1196032K, 99% used [0x0000000080000000,0x00000000c8fbbc68,0x00000000c9000000)
 Metaspace       used 80796K, committed 82368K, reserved 1179648K
  class space    used 8182K, committed 8896K, reserved 1048576K
}
Event: 232.337 GC heap after
{Heap after GC invocations=1237 (full 6):
 PSYoungGen      total 3584K, used 1488K [0x00000000d5580000, 0x00000000d5a80000, 0x0000000100000000)
  eden space 2048K, 0% used [0x00000000d5580000,0x00000000d5580000,0x00000000d5780000)
  from space 1536K, 96% used [0x00000000d5900000,0x00000000d5a742e0,0x00000000d5a80000)
  to   space 1536K, 0% used [0x00000000d5780000,0x00000000d5780000,0x00000000d5900000)
 ParOldGen       total 1197056K, used 1196783K [0x0000000080000000, 0x00000000c9100000, 0x00000000d5580000)
  object space 1197056K, 99% used [0x0000000080000000,0x00000000c90bbc68,0x00000000c9100000)
 Metaspace       used 80796K, committed 82368K, reserved 1179648K
  class space    used 8182K, committed 8896K, reserved 1048576K
}
Event: 232.341 GC heap before
{Heap before GC invocations=1238 (full 6):
 PSYoungGen      total 3584K, used 3536K [0x00000000d5580000, 0x00000000d5a80000, 0x0000000100000000)
  eden space 2048K, 100% used [0x00000000d5580000,0x00000000d5780000,0x00000000d5780000)
  from space 1536K, 96% used [0x00000000d5900000,0x00000000d5a742e0,0x00000000d5a80000)
  to   space 1536K, 0% used [0x00000000d5780000,0x00000000d5780000,0x00000000d5900000)
 ParOldGen       total 1197056K, used 1196783K [0x0000000080000000, 0x00000000c9100000, 0x00000000d5580000)
  object space 1197056K, 99% used [0x0000000080000000,0x00000000c90bbc68,0x00000000c9100000)
 Metaspace       used 80796K, committed 82368K, reserved 1179648K
  class space    used 8182K, committed 8896K, reserved 1048576K
}
Event: 232.343 GC heap after
{Heap after GC invocations=1238 (full 6):
 PSYoungGen      total 3584K, used 1536K [0x00000000d5580000, 0x00000000d6000000, 0x0000000100000000)
  eden space 2048K, 0% used [0x00000000d5580000,0x00000000d5580000,0x00000000d5780000)
  from space 1536K, 100% used [0x00000000d5780000,0x00000000d5900000,0x00000000d5900000)
  to   space 4096K, 0% used [0x00000000d5c00000,0x00000000d5c00000,0x00000000d6000000)
 ParOldGen       total 1199104K, used 1198647K [0x0000000080000000, 0x00000000c9300000, 0x00000000d5580000)
  object space 1199104K, 99% used [0x0000000080000000,0x00000000c928df48,0x00000000c9300000)
 Metaspace       used 80796K, committed 82368K, reserved 1179648K
  class space    used 8182K, committed 8896K, reserved 1048576K
}
Event: 232.410 GC heap before
{Heap before GC invocations=1239 (full 6):
 PSYoungGen      total 3584K, used 3584K [0x00000000d5580000, 0x00000000d6000000, 0x0000000100000000)
  eden space 2048K, 100% used [0x00000000d5580000,0x00000000d5780000,0x00000000d5780000)
  from space 1536K, 100% used [0x00000000d5780000,0x00000000d5900000,0x00000000d5900000)
  to   space 4096K, 0% used [0x00000000d5c00000,0x00000000d5c00000,0x00000000d6000000)
 ParOldGen       total 1199104K, used 1198647K [0x0000000080000000, 0x00000000c9300000, 0x00000000d5580000)
  object space 1199104K, 99% used [0x0000000080000000,0x00000000c928df48,0x00000000c9300000)
 Metaspace       used 80796K, committed 82368K, reserved 1179648K
  class space    used 8182K, committed 8896K, reserved 1048576K
}
Event: 232.413 GC heap after
{Heap after GC invocations=1239 (full 6):
 PSYoungGen      total 3584K, used 948K [0x00000000d5580000, 0x00000000d5d00000, 0x0000000100000000)
  eden space 2560K, 0% used [0x00000000d5580000,0x00000000d5580000,0x00000000d5800000)
  from space 1024K, 92% used [0x00000000d5c00000,0x00000000d5ced200,0x00000000d5d00000)
  to   space 2048K, 0% used [0x00000000d5900000,0x00000000d5900000,0x00000000d5b00000)
 ParOldGen       total 1200640K, used 1200239K [0x0000000080000000, 0x00000000c9480000, 0x00000000d5580000)
  object space 1200640K, 99% used [0x0000000080000000,0x00000000c941bf48,0x00000000c9480000)
 Metaspace       used 80796K, committed 82368K, reserved 1179648K
  class space    used 8182K, committed 8896K, reserved 1048576K
}
Event: 232.420 GC heap before
{Heap before GC invocations=1240 (full 6):
 PSYoungGen      total 3584K, used 3508K [0x00000000d5580000, 0x00000000d5d00000, 0x0000000100000000)
  eden space 2560K, 100% used [0x00000000d5580000,0x00000000d5800000,0x00000000d5800000)
  from space 1024K, 92% used [0x00000000d5c00000,0x00000000d5ced200,0x00000000d5d00000)
  to   space 2048K, 0% used [0x00000000d5900000,0x00000000d5900000,0x00000000d5b00000)
 ParOldGen       total 1200640K, used 1200239K [0x0000000080000000, 0x00000000c9480000, 0x00000000d5580000)
  object space 1200640K, 99% used [0x0000000080000000,0x00000000c941bf48,0x00000000c9480000)
 Metaspace       used 80796K, committed 82368K, reserved 1179648K
  class space    used 8182K, committed 8896K, reserved 1048576K
}
Event: 232.423 GC heap after
{Heap after GC invocations=1240 (full 6):
 PSYoungGen      total 5120K, used 480K [0x00000000d5580000, 0x00000000d5c80000, 0x0000000100000000)
  eden space 3072K, 0% used [0x00000000d5580000,0x00000000d5580000,0x00000000d5880000)
  from space 2048K, 23% used [0x00000000d5900000,0x00000000d5978000,0x00000000d5b00000)
  to   space 1024K, 0% used [0x00000000d5b80000,0x00000000d5b80000,0x00000000d5c80000)
 ParOldGen       total 1201152K, used 1201108K [0x0000000080000000, 0x00000000c9500000, 0x00000000d5580000)
  object space 1201152K, 99% used [0x0000000080000000,0x00000000c94f5148,0x00000000c9500000)
 Metaspace       used 80796K, committed 82368K, reserved 1179648K
  class space    used 8182K, committed 8896K, reserved 1048576K
}
Event: 232.425 GC heap before
{Heap before GC invocations=1241 (full 6):
 PSYoungGen      total 5120K, used 3552K [0x00000000d5580000, 0x00000000d5c80000, 0x0000000100000000)
  eden space 3072K, 100% used [0x00000000d5580000,0x00000000d5880000,0x00000000d5880000)
  from space 2048K, 23% used [0x00000000d5900000,0x00000000d5978000,0x00000000d5b00000)
  to   space 1024K, 0% used [0x00000000d5b80000,0x00000000d5b80000,0x00000000d5c80000)
 ParOldGen       total 1201152K, used 1201108K [0x0000000080000000, 0x00000000c9500000, 0x00000000d5580000)
  object space 1201152K, 99% used [0x0000000080000000,0x00000000c94f5148,0x00000000c9500000)
 Metaspace       used 80796K, committed 82368K, reserved 1179648K
  class space    used 8182K, committed 8896K, reserved 1048576K
}
Event: 232.427 GC heap after
{Heap after GC invocations=1241 (full 6):
 PSYoungGen      total 5120K, used 1008K [0x00000000d5580000, 0x00000000d5c80000, 0x0000000100000000)
  eden space 4096K, 0% used [0x00000000d5580000,0x00000000d5580000,0x00000000d5980000)
  from space 1024K, 98% used [0x00000000d5b80000,0x00000000d5c7c2e0,0x00000000d5c80000)
  to   space 1536K, 0% used [0x00000000d5980000,0x00000000d5980000,0x00000000d5b00000)
 ParOldGen       total 1201664K, used 1201424K [0x0000000080000000, 0x00000000c9580000, 0x00000000d5580000)
  object space 1201664K, 99% used [0x0000000080000000,0x00000000c9544158,0x00000000c9580000)
 Metaspace       used 80796K, committed 82368K, reserved 1179648K
  class space    used 8182K, committed 8896K, reserved 1048576K
}
Event: 232.433 GC heap before
{Heap before GC invocations=1242 (full 6):
 PSYoungGen      total 5120K, used 5104K [0x00000000d5580000, 0x00000000d5c80000, 0x0000000100000000)
  eden space 4096K, 100% used [0x00000000d5580000,0x00000000d5980000,0x00000000d5980000)
  from space 1024K, 98% used [0x00000000d5b80000,0x00000000d5c7c2e0,0x00000000d5c80000)
  to   space 1536K, 0% used [0x00000000d5980000,0x00000000d5980000,0x00000000d5b00000)
 ParOldGen       total 1201664K, used 1201424K [0x0000000080000000, 0x00000000c9580000, 0x00000000d5580000)
  object space 1201664K, 99% used [0x0000000080000000,0x00000000c9544158,0x00000000c9580000)
 Metaspace       used 80796K, committed 82368K, reserved 1179648K
  class space    used 8182K, committed 8896K, reserved 1048576K
}

