# JRE version: OpenJDK Runtime Environment Temurin-21.0.8+9 (21.0.8+9) (build 21.0.8+9-LTS)
# Java VM: OpenJDK 64-Bit Server VM Temurin-21.0.8+9 (21.0.8+9-LTS, mixed mode, sharing, tiered, compressed oops, compressed class ptrs, parallel gc, windows-amd64)
GC Precious Log:
 CardTable entry size: 512
 CPUs: 12 total, 12 available
 Memory: 7895M
 Large Page Support: Disabled
 NUMA Support: Disabled
 Compressed Oops: Enabled (32-bit)
 Alignments: Space 512K, Generation 512K, Heap 2M
 Heap Min Capacity: 100M
 Heap Initial Capacity: 100M
 Heap Max Capacity: 2G
 Pre-touch: Disabled
 Parallel Workers: 10
Heap:
 PSYoungGen      total 5120K, used 3114K [0x00000000d5580000, 0x00000000d5d00000, 0x0000000100000000)
  eden space 4608K, 63% used [0x00000000d5580000,0x00000000d585aa18,0x00000000d5a00000)
  from space 512K, 37% used [0x00000000d5c80000,0x00000000d5cb0000,0x00000000d5d00000)
  to   space 512K, 0% used [0x00000000d5c00000,0x00000000d5c00000,0x00000000d5c80000)
 ParOldGen       total 536576K, used 536143K [0x0000000080000000, 0x00000000a0c00000, 0x00000000d5580000)
  object space 536576K, 99% used [0x0000000080000000,0x00000000a0b93df0,0x00000000a0c00000)
 Metaspace       used 76878K, committed 78656K, reserved 1179648K
  class space    used 8237K, committed 9024K, reserved 1048576K
GC Heap History (20 events):
Event: 33.115 GC heap before
{Heap before GC invocations=550 (full 3):
 PSYoungGen      total 5120K, used 5114K [0x00000000d5580000, 0x00000000d5d00000, 0x0000000100000000)
  eden space 4608K, 100% used [0x00000000d5580000,0x00000000d5a00000,0x00000000d5a00000)
  from space 512K, 98% used [0x00000000d5c80000,0x00000000d5cfe900,0x00000000d5d00000)
  to   space 1024K, 0% used [0x00000000d5b00000,0x00000000d5b00000,0x00000000d5c00000)
 ParOldGen       total 531968K, used 531530K [0x0000000080000000, 0x00000000a0780000, 0x00000000d5580000)
  object space 531968K, 99% used [0x0000000080000000,0x00000000a0712990,0x00000000a0780000)
 Metaspace       used 76821K, committed 78592K, reserved 1179648K
  class space    used 8237K, committed 9024K, reserved 1048576K
}
Event: 33.117 GC heap after
{Heap after GC invocations=550 (full 3):
 PSYoungGen      total 5632K, used 448K [0x00000000d5580000, 0x00000000d5d00000, 0x0000000100000000)
  eden space 4608K, 0% used [0x00000000d5580000,0x00000000d5580000,0x00000000d5a00000)
  from space 1024K, 43% used [0x00000000d5b00000,0x00000000d5b70000,0x00000000d5c00000)
  to   space 512K, 0% used [0x00000000d5c80000,0x00000000d5c80000,0x00000000d5d00000)
 ParOldGen       total 531968K, used 531878K [0x0000000080000000, 0x00000000a0780000, 0x00000000d5580000)
  object space 531968K, 99% used [0x0000000080000000,0x00000000a0769b90,0x00000000a0780000)
 Metaspace       used 76821K, committed 78592K, reserved 1179648K
  class space    used 8237K, committed 9024K, reserved 1048576K
}
Event: 33.162 GC heap before
{Heap before GC invocations=551 (full 3):
 PSYoungGen      total 5632K, used 4529K [0x00000000d5580000, 0x00000000d5d00000, 0x0000000100000000)
  eden space 4608K, 88% used [0x00000000d5580000,0x00000000d597c6f0,0x00000000d5a00000)
  from space 1024K, 43% used [0x00000000d5b00000,0x00000000d5b70000,0x00000000d5c00000)
  to   space 512K, 0% used [0x00000000d5c80000,0x00000000d5c80000,0x00000000d5d00000)
 ParOldGen       total 531968K, used 531878K [0x0000000080000000, 0x00000000a0780000, 0x00000000d5580000)
  object space 531968K, 99% used [0x0000000080000000,0x00000000a0769b90,0x00000000a0780000)
 Metaspace       used 76821K, committed 78592K, reserved 1179648K
  class space    used 8237K, committed 9024K, reserved 1048576K
}
Event: 33.164 GC heap after
{Heap after GC invocations=551 (full 3):
 PSYoungGen      total 5120K, used 506K [0x00000000d5580000, 0x00000000d5d00000, 0x0000000100000000)
  eden space 4608K, 0% used [0x00000000d5580000,0x00000000d5580000,0x00000000d5a00000)
  from space 512K, 98% used [0x00000000d5c80000,0x00000000d5cfe900,0x00000000d5d00000)
  to   space 1024K, 0% used [0x00000000d5b00000,0x00000000d5b00000,0x00000000d5c00000)
 ParOldGen       total 532480K, used 532214K [0x0000000080000000, 0x00000000a0800000, 0x00000000d5580000)
  object space 532480K, 99% used [0x0000000080000000,0x00000000a07bdb90,0x00000000a0800000)
 Metaspace       used 76821K, committed 78592K, reserved 1179648K
  class space    used 8237K, committed 9024K, reserved 1048576K
}
Event: 33.179 GC heap before
{Heap before GC invocations=552 (full 3):
 PSYoungGen      total 5120K, used 5114K [0x00000000d5580000, 0x00000000d5d00000, 0x0000000100000000)
  eden space 4608K, 100% used [0x00000000d5580000,0x00000000d5a00000,0x00000000d5a00000)
  from space 512K, 98% used [0x00000000d5c80000,0x00000000d5cfe900,0x00000000d5d00000)
  to   space 1024K, 0% used [0x00000000d5b00000,0x00000000d5b00000,0x00000000d5c00000)
 ParOldGen       total 532480K, used 532214K [0x0000000080000000, 0x00000000a0800000, 0x00000000d5580000)
  object space 532480K, 99% used [0x0000000080000000,0x00000000a07bdb90,0x00000000a0800000)
 Metaspace       used 76821K, committed 78592K, reserved 1179648K
  class space    used 8237K, committed 9024K, reserved 1048576K
}
Event: 33.181 GC heap after
{Heap after GC invocations=552 (full 3):
 PSYoungGen      total 5632K, used 480K [0x00000000d5580000, 0x00000000d5d00000, 0x0000000100000000)
  eden space 4608K, 0% used [0x00000000d5580000,0x00000000d5580000,0x00000000d5a00000)
  from space 1024K, 46% used [0x00000000d5b00000,0x00000000d5b78000,0x00000000d5c00000)
  to   space 512K, 0% used [0x00000000d5c80000,0x00000000d5c80000,0x00000000d5d00000)
 ParOldGen       total 532992K, used 532587K [0x0000000080000000, 0x00000000a0880000, 0x00000000d5580000)
  object space 532992K, 99% used [0x0000000080000000,0x00000000a081ad90,0x00000000a0880000)
 Metaspace       used 76821K, committed 78592K, reserved 1179648K
  class space    used 8237K, committed 9024K, reserved 1048576K
}
Event: 33.212 GC heap before
{Heap before GC invocations=553 (full 3):
 PSYoungGen      total 5632K, used 4566K [0x00000000d5580000, 0x00000000d5d00000, 0x0000000100000000)
  eden space 4608K, 88% used [0x00000000d5580000,0x00000000d597d830,0x00000000d5a00000)
  from space 1024K, 46% used [0x00000000d5b00000,0x00000000d5b78000,0x00000000d5c00000)
  to   space 512K, 0% used [0x00000000d5c80000,0x00000000d5c80000,0x00000000d5d00000)
 ParOldGen       total 532992K, used 532587K [0x0000000080000000, 0x00000000a0880000, 0x00000000d5580000)
  object space 532992K, 99% used [0x0000000080000000,0x00000000a081ad90,0x00000000a0880000)
 Metaspace       used 76821K, committed 78592K, reserved 1179648K
  class space    used 8237K, committed 9024K, reserved 1048576K
}
Event: 33.214 GC heap after
{Heap after GC invocations=553 (full 3):
 PSYoungGen      total 5120K, used 506K [0x00000000d5580000, 0x00000000d5d00000, 0x0000000100000000)
  eden space 4608K, 0% used [0x00000000d5580000,0x00000000d5580000,0x00000000d5a00000)
  from space 512K, 98% used [0x00000000d5c80000,0x00000000d5cfe900,0x00000000d5d00000)
  to   space 512K, 0% used [0x00000000d5c00000,0x00000000d5c00000,0x00000000d5c80000)
 ParOldGen       total 532992K, used 532923K [0x0000000080000000, 0x00000000a0880000, 0x00000000d5580000)
  object space 532992K, 99% used [0x0000000080000000,0x00000000a086ed90,0x00000000a0880000)
 Metaspace       used 76821K, committed 78592K, reserved 1179648K
  class space    used 8237K, committed 9024K, reserved 1048576K
}
Event: 33.232 GC heap before
{Heap before GC invocations=554 (full 3):
 PSYoungGen      total 5120K, used 5114K [0x00000000d5580000, 0x00000000d5d00000, 0x0000000100000000)
  eden space 4608K, 100% used [0x00000000d5580000,0x00000000d5a00000,0x00000000d5a00000)
  from space 512K, 98% used [0x00000000d5c80000,0x00000000d5cfe900,0x00000000d5d00000)
  to   space 512K, 0% used [0x00000000d5c00000,0x00000000d5c00000,0x00000000d5c80000)
 ParOldGen       total 532992K, used 532923K [0x0000000080000000, 0x00000000a0880000, 0x00000000d5580000)
  object space 532992K, 99% used [0x0000000080000000,0x00000000a086ed90,0x00000000a0880000)
 Metaspace       used 76821K, committed 78592K, reserved 1179648K
  class space    used 8237K, committed 9024K, reserved 1048576K
}
Event: 33.234 GC heap after
{Heap after GC invocations=554 (full 3):
 PSYoungGen      total 5120K, used 448K [0x00000000d5580000, 0x00000000d5d00000, 0x0000000100000000)
  eden space 4608K, 0% used [0x00000000d5580000,0x00000000d5580000,0x00000000d5a00000)
  from space 512K, 87% used [0x00000000d5c00000,0x00000000d5c70000,0x00000000d5c80000)
  to   space 512K, 0% used [0x00000000d5c80000,0x00000000d5c80000,0x00000000d5d00000)
 ParOldGen       total 533504K, used 533287K [0x0000000080000000, 0x00000000a0900000, 0x00000000d5580000)
  object space 533504K, 99% used [0x0000000080000000,0x00000000a08c9f90,0x00000000a0900000)
 Metaspace       used 76821K, committed 78592K, reserved 1179648K
  class space    used 8237K, committed 9024K, reserved 1048576K
}
Event: 33.246 GC heap before
{Heap before GC invocations=555 (full 3):
 PSYoungGen      total 5120K, used 3844K [0x00000000d5580000, 0x00000000d5d00000, 0x0000000100000000)
  eden space 4608K, 73% used [0x00000000d5580000,0x00000000d58d1190,0x00000000d5a00000)
  from space 512K, 87% used [0x00000000d5c00000,0x00000000d5c70000,0x00000000d5c80000)
  to   space 512K, 0% used [0x00000000d5c80000,0x00000000d5c80000,0x00000000d5d00000)
 ParOldGen       total 533504K, used 533287K [0x0000000080000000, 0x00000000a0900000, 0x00000000d5580000)
  object space 533504K, 99% used [0x0000000080000000,0x00000000a08c9f90,0x00000000a0900000)
 Metaspace       used 76821K, committed 78592K, reserved 1179648K
  class space    used 8237K, committed 9024K, reserved 1048576K
}
Event: 33.248 GC heap after
{Heap after GC invocations=555 (full 3):
 PSYoungGen      total 5120K, used 352K [0x00000000d5580000, 0x00000000d5d00000, 0x0000000100000000)
  eden space 4608K, 0% used [0x00000000d5580000,0x00000000d5580000,0x00000000d5a00000)
  from space 512K, 68% used [0x00000000d5c80000,0x00000000d5cd8000,0x00000000d5d00000)
  to   space 512K, 0% used [0x00000000d5c00000,0x00000000d5c00000,0x00000000d5c80000)
 ParOldGen       total 534016K, used 533607K [0x0000000080000000, 0x00000000a0980000, 0x00000000d5580000)
  object space 534016K, 99% used [0x0000000080000000,0x00000000a0919f90,0x00000000a0980000)
 Metaspace       used 76821K, committed 78592K, reserved 1179648K
  class space    used 8237K, committed 9024K, reserved 1048576K
}
Event: 33.263 GC heap before
{Heap before GC invocations=556 (full 3):
 PSYoungGen      total 5120K, used 4959K [0x00000000d5580000, 0x00000000d5d00000, 0x0000000100000000)
  eden space 4608K, 99% used [0x00000000d5580000,0x00000000d59ffe08,0x00000000d5a00000)
  from space 512K, 68% used [0x00000000d5c80000,0x00000000d5cd8000,0x00000000d5d00000)
  to   space 512K, 0% used [0x00000000d5c00000,0x00000000d5c00000,0x00000000d5c80000)
 ParOldGen       total 534016K, used 533607K [0x0000000080000000, 0x00000000a0980000, 0x00000000d5580000)
  object space 534016K, 99% used [0x0000000080000000,0x00000000a0919f90,0x00000000a0980000)
 Metaspace       used 76821K, committed 78592K, reserved 1179648K
  class space    used 8237K, committed 9024K, reserved 1048576K
}
Event: 33.267 GC heap after
{Heap after GC invocations=556 (full 3):
 PSYoungGen      total 5120K, used 465K [0x00000000d5580000, 0x00000000d5d00000, 0x0000000100000000)
  eden space 4608K, 0% used [0x00000000d5580000,0x00000000d5580000,0x00000000d5a00000)
  from space 512K, 90% used [0x00000000d5c00000,0x00000000d5c74508,0x00000000d5c80000)
  to   space 512K, 0% used [0x00000000d5c80000,0x00000000d5c80000,0x00000000d5d00000)
 ParOldGen       total 535552K, used 535354K [0x0000000080000000, 0x00000000a0b00000, 0x00000000d5580000)
  object space 535552K, 99% used [0x0000000080000000,0x00000000a0acebf0,0x00000000a0b00000)
 Metaspace       used 76821K, committed 78592K, reserved 1179648K
  class space    used 8237K, committed 9024K, reserved 1048576K
}
Event: 33.282 GC heap before
{Heap before GC invocations=557 (full 3):
 PSYoungGen      total 5120K, used 5073K [0x00000000d5580000, 0x00000000d5d00000, 0x0000000100000000)
  eden space 4608K, 100% used [0x00000000d5580000,0x00000000d5a00000,0x00000000d5a00000)
  from space 512K, 90% used [0x00000000d5c00000,0x00000000d5c74508,0x00000000d5c80000)
  to   space 512K, 0% used [0x00000000d5c80000,0x00000000d5c80000,0x00000000d5d00000)
 ParOldGen       total 535552K, used 535354K [0x0000000080000000, 0x00000000a0b00000, 0x00000000d5580000)
  object space 535552K, 99% used [0x0000000080000000,0x00000000a0acebf0,0x00000000a0b00000)
 Metaspace       used 76829K, committed 78592K, reserved 1179648K
  class space    used 8237K, committed 9024K, reserved 1048576K
}
Event: 33.284 GC heap after
{Heap after GC invocations=557 (full 3):
 PSYoungGen      total 5120K, used 416K [0x00000000d5580000, 0x00000000d5d00000, 0x0000000100000000)
  eden space 4608K, 0% used [0x00000000d5580000,0x00000000d5580000,0x00000000d5a00000)
  from space 512K, 81% used [0x00000000d5c80000,0x00000000d5ce8000,0x00000000d5d00000)
  to   space 512K, 0% used [0x00000000d5c00000,0x00000000d5c00000,0x00000000d5c80000)
 ParOldGen       total 535552K, used 535471K [0x0000000080000000, 0x00000000a0b00000, 0x00000000d5580000)
  object space 535552K, 99% used [0x0000000080000000,0x00000000a0aebdf0,0x00000000a0b00000)
 Metaspace       used 76829K, committed 78592K, reserved 1179648K
  class space    used 8237K, committed 9024K, reserved 1048576K
}
Event: 33.351 GC heap before
{Heap before GC invocations=558 (full 3):
 PSYoungGen      total 5120K, used 5024K [0x00000000d5580000, 0x00000000d5d00000, 0x0000000100000000)
  eden space 4608K, 100% used [0x00000000d5580000,0x00000000d5a00000,0x00000000d5a00000)
  from space 512K, 81% used [0x00000000d5c80000,0x00000000d5ce8000,0x00000000d5d00000)
  to   space 512K, 0% used [0x00000000d5c00000,0x00000000d5c00000,0x00000000d5c80000)
 ParOldGen       total 535552K, used 535471K [0x0000000080000000, 0x00000000a0b00000, 0x00000000d5580000)
  object space 535552K, 99% used [0x0000000080000000,0x00000000a0aebdf0,0x00000000a0b00000)
 Metaspace       used 76832K, committed 78592K, reserved 1179648K
  class space    used 8237K, committed 9024K, reserved 1048576K
}
Event: 33.353 GC heap after
{Heap after GC invocations=558 (full 3):
 PSYoungGen      total 5120K, used 468K [0x00000000d5580000, 0x00000000d5d00000, 0x0000000100000000)
  eden space 4608K, 0% used [0x00000000d5580000,0x00000000d5580000,0x00000000d5a00000)
  from space 512K, 91% used [0x00000000d5c00000,0x00000000d5c75200,0x00000000d5c80000)
  to   space 512K, 0% used [0x00000000d5c80000,0x00000000d5c80000,0x00000000d5d00000)
 ParOldGen       total 536064K, used 535871K [0x0000000080000000, 0x00000000a0b80000, 0x00000000d5580000)
  object space 536064K, 99% used [0x0000000080000000,0x00000000a0b4fdf0,0x00000000a0b80000)
 Metaspace       used 76832K, committed 78592K, reserved 1179648K
  class space    used 8237K, committed 9024K, reserved 1048576K
}
Event: 33.373 GC heap before
{Heap before GC invocations=559 (full 3):
 PSYoungGen      total 5120K, used 4144K [0x00000000d5580000, 0x00000000d5d00000, 0x0000000100000000)
  eden space 4608K, 79% used [0x00000000d5580000,0x00000000d59170a0,0x00000000d5a00000)
  from space 512K, 91% used [0x00000000d5c00000,0x00000000d5c75200,0x00000000d5c80000)
  to   space 512K, 0% used [0x00000000d5c80000,0x00000000d5c80000,0x00000000d5d00000)
 ParOldGen       total 536064K, used 535871K [0x0000000080000000, 0x00000000a0b80000, 0x00000000d5580000)
  object space 536064K, 99% used [0x0000000080000000,0x00000000a0b4fdf0,0x00000000a0b80000)
 Metaspace       used 76835K, committed 78592K, reserved 1179648K
  class space    used 8237K, committed 9024K, reserved 1048576K
}
Event: 33.374 GC heap after
{Heap after GC invocations=559 (full 3):
 PSYoungGen      total 5120K, used 192K [0x00000000d5580000, 0x00000000d5d00000, 0x0000000100000000)
  eden space 4608K, 0% used [0x00000000d5580000,0x00000000d5580000,0x00000000d5a00000)
  from space 512K, 37% used [0x00000000d5c80000,0x00000000d5cb0000,0x00000000d5d00000)
  to   space 512K, 0% used [0x00000000d5c00000,0x00000000d5c00000,0x00000000d5c80000)
 ParOldGen       total 536576K, used 536143K [0x0000000080000000, 0x00000000a0c00000, 0x00000000d5580000)
  object space 536576K, 99% used [0x0000000080000000,0x00000000a0b93df0,0x00000000a0c00000)
 Metaspace       used 76835K, committed 78592K, reserved 1179648K
  class space    used 8237K, committed 9024K, reserved 1048576K
}

