# JRE version: OpenJDK Runtime Environment Temurin-21.0.8+9 (21.0.8+9) (build 21.0.8+9-LTS)
# Java VM: OpenJDK 64-Bit Server VM Temurin-21.0.8+9 (21.0.8+9-LTS, mixed mode, sharing, tiered, compressed oops, compressed class ptrs, parallel gc, windows-amd64)
GC Precious Log:
 CardTable entry size: 512
 CPUs: 12 total, 12 available
 Memory: 7895M
 Large Page Support: Disabled
 NUMA Support: Disabled
 Compressed Oops: Enabled (32-bit)
 Alignments: Space 512K, Generation 512K, Heap 2M
 Heap Min Capacity: 100M
 Heap Initial Capacity: 100M
 Heap Max Capacity: 2G
 Pre-touch: Disabled
 Parallel Workers: 10
Heap:
 PSYoungGen      total 3584K, used 3392K [0x00000000d5580000, 0x00000000d5b00000, 0x0000000100000000)
  eden space 2560K, 100% used [0x00000000d5580000,0x00000000d5800000,0x00000000d5800000)
  from space 1024K, 81% used [0x00000000d5880000,0x00000000d5950000,0x00000000d5980000)
  to   space 1536K, 0% used [0x00000000d5980000,0x00000000d5980000,0x00000000d5b00000)
 ParOldGen       total 920576K, used 919804K [0x0000000080000000, 0x00000000b8300000, 0x00000000d5580000)
  object space 920576K, 99% used [0x0000000080000000,0x00000000b823f178,0x00000000b8300000)
 Metaspace       used 80522K, committed 82176K, reserved 1179648K
  class space    used 8312K, committed 9024K, reserved 1048576K
GC Heap History (20 events):
Event: 218.191 GC heap before
{Heap before GC invocations=851 (full 5):
 PSYoungGen      total 3584K, used 3168K [0x00000000d5580000, 0x00000000d5b80000, 0x0000000100000000)
  eden space 1536K, 100% used [0x00000000d5580000,0x00000000d5700000,0x00000000d5700000)
  from space 2048K, 79% used [0x00000000d5700000,0x00000000d5898000,0x00000000d5900000)
  to   space 2048K, 0% used [0x00000000d5980000,0x00000000d5980000,0x00000000d5b80000)
 ParOldGen       total 880640K, used 880596K [0x0000000080000000, 0x00000000b5c00000, 0x00000000d5580000)
  object space 880640K, 99% used [0x0000000080000000,0x00000000b5bf5128,0x00000000b5c00000)
 Metaspace       used 80502K, committed 82176K, reserved 1179648K
  class space    used 8312K, committed 9024K, reserved 1048576K
}
Event: 218.193 GC heap after
{Heap after GC invocations=851 (full 5):
 PSYoungGen      total 4096K, used 1664K [0x00000000d5580000, 0x00000000d5b80000, 0x0000000100000000)
  eden space 2048K, 0% used [0x00000000d5580000,0x00000000d5580000,0x00000000d5780000)
  from space 2048K, 81% used [0x00000000d5980000,0x00000000d5b20000,0x00000000d5b80000)
  to   space 2048K, 0% used [0x00000000d5780000,0x00000000d5780000,0x00000000d5980000)
 ParOldGen       total 882176K, used 882156K [0x0000000080000000, 0x00000000b5d80000, 0x00000000d5580000)
  object space 882176K, 99% used [0x0000000080000000,0x00000000b5d7b128,0x00000000b5d80000)
 Metaspace       used 80502K, committed 82176K, reserved 1179648K
  class space    used 8312K, committed 9024K, reserved 1048576K
}
Event: 218.200 GC heap before
{Heap before GC invocations=852 (full 5):
 PSYoungGen      total 4096K, used 3712K [0x00000000d5580000, 0x00000000d5b80000, 0x0000000100000000)
  eden space 2048K, 100% used [0x00000000d5580000,0x00000000d5780000,0x00000000d5780000)
  from space 2048K, 81% used [0x00000000d5980000,0x00000000d5b20000,0x00000000d5b80000)
  to   space 2048K, 0% used [0x00000000d5780000,0x00000000d5780000,0x00000000d5980000)
 ParOldGen       total 882176K, used 882156K [0x0000000080000000, 0x00000000b5d80000, 0x00000000d5580000)
  object space 882176K, 99% used [0x0000000080000000,0x00000000b5d7b128,0x00000000b5d80000)
 Metaspace       used 80502K, committed 82176K, reserved 1179648K
  class space    used 8312K, committed 9024K, reserved 1048576K
}
Event: 218.204 GC heap after
{Heap after GC invocations=852 (full 5):
 PSYoungGen      total 4096K, used 2048K [0x00000000d5580000, 0x00000000d6000000, 0x0000000100000000)
  eden space 2048K, 0% used [0x00000000d5580000,0x00000000d5580000,0x00000000d5780000)
  from space 2048K, 100% used [0x00000000d5780000,0x00000000d5980000,0x00000000d5980000)
  to   space 4096K, 0% used [0x00000000d5c00000,0x00000000d5c00000,0x00000000d6000000)
 ParOldGen       total 884224K, used 883748K [0x0000000080000000, 0x00000000b5f80000, 0x00000000d5580000)
  object space 884224K, 99% used [0x0000000080000000,0x00000000b5f09128,0x00000000b5f80000)
 Metaspace       used 80502K, committed 82176K, reserved 1179648K
  class space    used 8312K, committed 9024K, reserved 1048576K
}
Event: 218.208 GC heap before
{Heap before GC invocations=853 (full 5):
 PSYoungGen      total 4096K, used 4096K [0x00000000d5580000, 0x00000000d6000000, 0x0000000100000000)
  eden space 2048K, 100% used [0x00000000d5580000,0x00000000d5780000,0x00000000d5780000)
  from space 2048K, 100% used [0x00000000d5780000,0x00000000d5980000,0x00000000d5980000)
  to   space 4096K, 0% used [0x00000000d5c00000,0x00000000d5c00000,0x00000000d6000000)
 ParOldGen       total 884224K, used 883748K [0x0000000080000000, 0x00000000b5f80000, 0x00000000d5580000)
  object space 884224K, 99% used [0x0000000080000000,0x00000000b5f09128,0x00000000b5f80000)
 Metaspace       used 80502K, committed 82176K, reserved 1179648K
  class space    used 8312K, committed 9024K, reserved 1048576K
}
Event: 218.211 GC heap after
{Heap after GC invocations=853 (full 5):
 PSYoungGen      total 5120K, used 2208K [0x00000000d5580000, 0x00000000d5e80000, 0x0000000100000000)
  eden space 2560K, 0% used [0x00000000d5580000,0x00000000d5580000,0x00000000d5800000)
  from space 2560K, 86% used [0x00000000d5c00000,0x00000000d5e28000,0x00000000d5e80000)
  to   space 3072K, 0% used [0x00000000d5880000,0x00000000d5880000,0x00000000d5b80000)
 ParOldGen       total 886272K, used 885796K [0x0000000080000000, 0x00000000b6180000, 0x00000000d5580000)
  object space 886272K, 99% used [0x0000000080000000,0x00000000b6109128,0x00000000b6180000)
 Metaspace       used 80502K, committed 82176K, reserved 1179648K
  class space    used 8312K, committed 9024K, reserved 1048576K
}
Event: 218.216 GC heap before
{Heap before GC invocations=854 (full 5):
 PSYoungGen      total 5120K, used 4768K [0x00000000d5580000, 0x00000000d5e80000, 0x0000000100000000)
  eden space 2560K, 100% used [0x00000000d5580000,0x00000000d5800000,0x00000000d5800000)
  from space 2560K, 86% used [0x00000000d5c00000,0x00000000d5e28000,0x00000000d5e80000)
  to   space 3072K, 0% used [0x00000000d5880000,0x00000000d5880000,0x00000000d5b80000)
 ParOldGen       total 886272K, used 885796K [0x0000000080000000, 0x00000000b6180000, 0x00000000d5580000)
  object space 886272K, 99% used [0x0000000080000000,0x00000000b6109128,0x00000000b6180000)
 Metaspace       used 80502K, committed 82176K, reserved 1179648K
  class space    used 8312K, committed 9024K, reserved 1048576K
}
Event: 218.220 GC heap after
{Heap after GC invocations=854 (full 5):
 PSYoungGen      total 6144K, used 2656K [0x00000000d5580000, 0x00000000d5e80000, 0x0000000100000000)
  eden space 3072K, 0% used [0x00000000d5580000,0x00000000d5580000,0x00000000d5880000)
  from space 3072K, 86% used [0x00000000d5880000,0x00000000d5b18000,0x00000000d5b80000)
  to   space 3072K, 0% used [0x00000000d5b80000,0x00000000d5b80000,0x00000000d5e80000)
 ParOldGen       total 888320K, used 887868K [0x0000000080000000, 0x00000000b6380000, 0x00000000d5580000)
  object space 888320K, 99% used [0x0000000080000000,0x00000000b630f128,0x00000000b6380000)
 Metaspace       used 80502K, committed 82176K, reserved 1179648K
  class space    used 8312K, committed 9024K, reserved 1048576K
}
Event: 218.236 GC heap before
{Heap before GC invocations=855 (full 5):
 PSYoungGen      total 6144K, used 5407K [0x00000000d5580000, 0x00000000d5e80000, 0x0000000100000000)
  eden space 3072K, 89% used [0x00000000d5580000,0x00000000d582fe78,0x00000000d5880000)
  from space 3072K, 86% used [0x00000000d5880000,0x00000000d5b18000,0x00000000d5b80000)
  to   space 3072K, 0% used [0x00000000d5b80000,0x00000000d5b80000,0x00000000d5e80000)
 ParOldGen       total 888320K, used 887868K [0x0000000080000000, 0x00000000b6380000, 0x00000000d5580000)
  object space 888320K, 99% used [0x0000000080000000,0x00000000b630f128,0x00000000b6380000)
 Metaspace       used 80502K, committed 82176K, reserved 1179648K
  class space    used 8312K, committed 9024K, reserved 1048576K
}
Event: 218.239 GC heap after
{Heap after GC invocations=855 (full 5):
 PSYoungGen      total 6656K, used 2288K [0x00000000d5580000, 0x00000000d5e80000, 0x0000000100000000)
  eden space 3584K, 0% used [0x00000000d5580000,0x00000000d5580000,0x00000000d5900000)
  from space 3072K, 74% used [0x00000000d5b80000,0x00000000d5dbc000,0x00000000d5e80000)
  to   space 2560K, 0% used [0x00000000d5900000,0x00000000d5900000,0x00000000d5b80000)
 ParOldGen       total 890880K, used 890444K [0x0000000080000000, 0x00000000b6600000, 0x00000000d5580000)
  object space 890880K, 99% used [0x0000000080000000,0x00000000b6593128,0x00000000b6600000)
 Metaspace       used 80502K, committed 82176K, reserved 1179648K
  class space    used 8312K, committed 9024K, reserved 1048576K
}
Event: 218.255 GC heap before
{Heap before GC invocations=856 (full 5):
 PSYoungGen      total 6656K, used 5872K [0x00000000d5580000, 0x00000000d5e80000, 0x0000000100000000)
  eden space 3584K, 100% used [0x00000000d5580000,0x00000000d5900000,0x00000000d5900000)
  from space 3072K, 74% used [0x00000000d5b80000,0x00000000d5dbc000,0x00000000d5e80000)
  to   space 2560K, 0% used [0x00000000d5900000,0x00000000d5900000,0x00000000d5b80000)
 ParOldGen       total 890880K, used 890444K [0x0000000080000000, 0x00000000b6600000, 0x00000000d5580000)
  object space 890880K, 99% used [0x0000000080000000,0x00000000b6593128,0x00000000b6600000)
 Metaspace       used 80508K, committed 82176K, reserved 1179648K
  class space    used 8312K, committed 9024K, reserved 1048576K
}
Event: 218.258 GC heap after
{Heap after GC invocations=856 (full 5):
 PSYoungGen      total 6144K, used 2058K [0x00000000d5580000, 0x00000000d5f00000, 0x0000000100000000)
  eden space 3584K, 0% used [0x00000000d5580000,0x00000000d5580000,0x00000000d5900000)
  from space 2560K, 80% used [0x00000000d5900000,0x00000000d5b02900,0x00000000d5b80000)
  to   space 2560K, 0% used [0x00000000d5c80000,0x00000000d5c80000,0x00000000d5f00000)
 ParOldGen       total 892416K, used 892084K [0x0000000080000000, 0x00000000b6780000, 0x00000000d5580000)
  object space 892416K, 99% used [0x0000000080000000,0x00000000b672d128,0x00000000b6780000)
 Metaspace       used 80508K, committed 82176K, reserved 1179648K
  class space    used 8312K, committed 9024K, reserved 1048576K
}
Event: 218.275 GC heap before
{Heap before GC invocations=857 (full 5):
 PSYoungGen      total 6144K, used 5604K [0x00000000d5580000, 0x00000000d5f00000, 0x0000000100000000)
  eden space 3584K, 98% used [0x00000000d5580000,0x00000000d58f6838,0x00000000d5900000)
  from space 2560K, 80% used [0x00000000d5900000,0x00000000d5b02900,0x00000000d5b80000)
  to   space 2560K, 0% used [0x00000000d5c80000,0x00000000d5c80000,0x00000000d5f00000)
 ParOldGen       total 892416K, used 892084K [0x0000000080000000, 0x00000000b6780000, 0x00000000d5580000)
  object space 892416K, 99% used [0x0000000080000000,0x00000000b672d128,0x00000000b6780000)
 Metaspace       used 80517K, committed 82176K, reserved 1179648K
  class space    used 8312K, committed 9024K, reserved 1048576K
}
Event: 218.279 GC heap after
{Heap after GC invocations=857 (full 5):
 PSYoungGen      total 4096K, used 2533K [0x00000000d5580000, 0x00000000d6500000, 0x0000000100000000)
  eden space 1536K, 0% used [0x00000000d5580000,0x00000000d5580000,0x00000000d5700000)
  from space 2560K, 98% used [0x00000000d5c80000,0x00000000d5ef9428,0x00000000d5f00000)
  to   space 5632K, 0% used [0x00000000d5700000,0x00000000d5700000,0x00000000d5c80000)
 ParOldGen       total 894976K, used 894508K [0x0000000080000000, 0x00000000b6a00000, 0x00000000d5580000)
  object space 894976K, 99% used [0x0000000080000000,0x00000000b698b128,0x00000000b6a00000)
 Metaspace       used 80517K, committed 82176K, reserved 1179648K
  class space    used 8312K, committed 9024K, reserved 1048576K
}
Event: 218.284 GC heap before
{Heap before GC invocations=858 (full 5):
 PSYoungGen      total 4096K, used 3870K [0x00000000d5580000, 0x00000000d6500000, 0x0000000100000000)
  eden space 1536K, 87% used [0x00000000d5580000,0x00000000d56ce528,0x00000000d5700000)
  from space 2560K, 98% used [0x00000000d5c80000,0x00000000d5ef9428,0x00000000d5f00000)
  to   space 5632K, 0% used [0x00000000d5700000,0x00000000d5700000,0x00000000d5c80000)
 ParOldGen       total 898048K, used 896748K [0x0000000080000000, 0x00000000b6d00000, 0x00000000d5580000)
  object space 898048K, 99% used [0x0000000080000000,0x00000000b6bbb128,0x00000000b6d00000)
 Metaspace       used 80517K, committed 82176K, reserved 1179648K
  class space    used 8312K, committed 9024K, reserved 1048576K
}
Event: 218.288 GC heap after
{Heap after GC invocations=858 (full 5):
 PSYoungGen      total 3072K, used 1513K [0x00000000d5580000, 0x00000000d5d80000, 0x0000000100000000)
  eden space 1536K, 0% used [0x00000000d5580000,0x00000000d5580000,0x00000000d5700000)
  from space 1536K, 98% used [0x00000000d5700000,0x00000000d587a7a0,0x00000000d5880000)
  to   space 3072K, 0% used [0x00000000d5a80000,0x00000000d5a80000,0x00000000d5d80000)
 ParOldGen       total 899584K, used 899216K [0x0000000080000000, 0x00000000b6e80000, 0x00000000d5580000)
  object space 899584K, 99% used [0x0000000080000000,0x00000000b6e242e0,0x00000000b6e80000)
 Metaspace       used 80517K, committed 82176K, reserved 1179648K
  class space    used 8312K, committed 9024K, reserved 1048576K
}
Event: 218.291 GC heap before
{Heap before GC invocations=859 (full 5):
 PSYoungGen      total 3072K, used 3040K [0x00000000d5580000, 0x00000000d5d80000, 0x0000000100000000)
  eden space 1536K, 99% used [0x00000000d5580000,0x00000000d56fdbf8,0x00000000d5700000)
  from space 1536K, 98% used [0x00000000d5700000,0x00000000d587a7a0,0x00000000d5880000)
  to   space 3072K, 0% used [0x00000000d5a80000,0x00000000d5a80000,0x00000000d5d80000)
 ParOldGen       total 899584K, used 899216K [0x0000000080000000, 0x00000000b6e80000, 0x00000000d5580000)
  object space 899584K, 99% used [0x0000000080000000,0x00000000b6e242e0,0x00000000b6e80000)
 Metaspace       used 80517K, committed 82176K, reserved 1179648K
  class space    used 8312K, committed 9024K, reserved 1048576K
}
Event: 218.294 GC heap after
{Heap after GC invocations=859 (full 5):
 PSYoungGen      total 4096K, used 1645K [0x00000000d5580000, 0x00000000d5c80000, 0x0000000100000000)
  eden space 2048K, 0% used [0x00000000d5580000,0x00000000d5580000,0x00000000d5780000)
  from space 2048K, 80% used [0x00000000d5a80000,0x00000000d5c1b4f0,0x00000000d5c80000)
  to   space 2048K, 0% used [0x00000000d5880000,0x00000000d5880000,0x00000000d5a80000)
 ParOldGen       total 900608K, used 900556K [0x0000000080000000, 0x00000000b6f80000, 0x00000000d5580000)
  object space 900608K, 99% used [0x0000000080000000,0x00000000b6f73158,0x00000000b6f80000)
 Metaspace       used 80517K, committed 82176K, reserved 1179648K
  class space    used 8312K, committed 9024K, reserved 1048576K
}
Event: 218.321 GC heap before
{Heap before GC invocations=860 (full 5):
 PSYoungGen      total 4096K, used 3693K [0x00000000d5580000, 0x00000000d5c80000, 0x0000000100000000)
  eden space 2048K, 100% used [0x00000000d5580000,0x00000000d5780000,0x00000000d5780000)
  from space 2048K, 80% used [0x00000000d5a80000,0x00000000d5c1b4f0,0x00000000d5c80000)
  to   space 2048K, 0% used [0x00000000d5880000,0x00000000d5880000,0x00000000d5a80000)
 ParOldGen       total 900608K, used 900556K [0x0000000080000000, 0x00000000b6f80000, 0x00000000d5580000)
  object space 900608K, 99% used [0x0000000080000000,0x00000000b6f73158,0x00000000b6f80000)
 Metaspace       used 80520K, committed 82176K, reserved 1179648K
  class space    used 8312K, committed 9024K, reserved 1048576K
}
Event: 218.324 GC heap after
{Heap after GC invocations=860 (full 5):
 PSYoungGen      total 3584K, used 832K [0x00000000d5580000, 0x00000000d5b00000, 0x0000000100000000)
  eden space 2560K, 0% used [0x00000000d5580000,0x00000000d5580000,0x00000000d5800000)
  from space 1024K, 81% used [0x00000000d5880000,0x00000000d5950000,0x00000000d5980000)
  to   space 1536K, 0% used [0x00000000d5980000,0x00000000d5980000,0x00000000d5b00000)
 ParOldGen       total 900608K, used 900604K [0x0000000080000000, 0x00000000b6f80000, 0x00000000d5580000)
  object space 900608K, 99% used [0x0000000080000000,0x00000000b6f7f158,0x00000000b6f80000)
 Metaspace       used 80520K, committed 82176K, reserved 1179648K
  class space    used 8312K, committed 9024K, reserved 1048576K
}

