# JRE version: OpenJDK Runtime Environment Temurin-21.0.8+9 (21.0.8+9) (build 21.0.8+9-LTS)
# Java VM: OpenJDK 64-Bit Server VM Temurin-21.0.8+9 (21.0.8+9-LTS, mixed mode, sharing, tiered, compressed oops, compressed class ptrs, parallel gc, windows-amd64)
GC Precious Log:
 CardTable entry size: 512
 CPUs: 12 total, 12 available
 Memory: 7895M
 Large Page Support: Disabled
 NUMA Support: Disabled
 Compressed Oops: Enabled (32-bit)
 Alignments: Space 512K, Generation 512K, Heap 2M
 Heap Min Capacity: 100M
 Heap Initial Capacity: 100M
 Heap Max Capacity: 2G
 Pre-touch: Disabled
 Parallel Workers: 10
Heap:
 PSYoungGen      total 7168K, used 5762K [0x00000000d5580000, 0x00000000d6200000, 0x0000000100000000)
  eden space 6144K, 82% used [0x00000000d5580000,0x00000000d5a6cc00,0x00000000d5b80000)
  from space 1024K, 70% used [0x00000000d5b80000,0x00000000d5c33d00,0x00000000d5c80000)
  to   space 2560K, 0% used [0x00000000d5f80000,0x00000000d5f80000,0x00000000d6200000)
 ParOldGen       total 1161216K, used 1161088K [0x0000000080000000, 0x00000000c6e00000, 0x00000000d5580000)
  object space 1161216K, 99% used [0x0000000080000000,0x00000000c6de0328,0x00000000c6e00000)
 Metaspace       used 76405K, committed 78016K, reserved 1179648K
  class space    used 7993K, committed 8704K, reserved 1048576K
GC Heap History (20 events):
Event: 151.790 GC heap before
{Heap before GC invocations=571 (full 3):
 PSYoungGen      total 6144K, used 5234K [0x00000000d5580000, 0x00000000d5e80000, 0x0000000100000000)
  eden space 3072K, 84% used [0x00000000d5580000,0x00000000d580c848,0x00000000d5880000)
  from space 3072K, 85% used [0x00000000d5880000,0x00000000d5b10000,0x00000000d5b80000)
  to   space 3072K, 0% used [0x00000000d5b80000,0x00000000d5b80000,0x00000000d5e80000)
 ParOldGen       total 1073664K, used 1073570K [0x0000000080000000, 0x00000000c1880000, 0x00000000d5580000)
  object space 1073664K, 99% used [0x0000000080000000,0x00000000c1868870,0x00000000c1880000)
 Metaspace       used 75940K, committed 77568K, reserved 1179648K
  class space    used 7939K, committed 8640K, reserved 1048576K
}
Event: 151.794 GC heap after
{Heap after GC invocations=571 (full 3):
 PSYoungGen      total 6656K, used 2072K [0x00000000d5580000, 0x00000000d5e80000, 0x0000000100000000)
  eden space 3584K, 0% used [0x00000000d5580000,0x00000000d5580000,0x00000000d5900000)
  from space 3072K, 67% used [0x00000000d5b80000,0x00000000d5d86000,0x00000000d5e80000)
  to   space 2560K, 0% used [0x00000000d5900000,0x00000000d5900000,0x00000000d5b80000)
 ParOldGen       total 1076224K, used 1076018K [0x0000000080000000, 0x00000000c1b00000, 0x00000000d5580000)
  object space 1076224K, 99% used [0x0000000080000000,0x00000000c1acc870,0x00000000c1b00000)
 Metaspace       used 75940K, committed 77568K, reserved 1179648K
  class space    used 7939K, committed 8640K, reserved 1048576K
}
Event: 151.812 GC heap before
{Heap before GC invocations=572 (full 3):
 PSYoungGen      total 6656K, used 5656K [0x00000000d5580000, 0x00000000d5e80000, 0x0000000100000000)
  eden space 3584K, 100% used [0x00000000d5580000,0x00000000d5900000,0x00000000d5900000)
  from space 3072K, 67% used [0x00000000d5b80000,0x00000000d5d86000,0x00000000d5e80000)
  to   space 2560K, 0% used [0x00000000d5900000,0x00000000d5900000,0x00000000d5b80000)
 ParOldGen       total 1076224K, used 1076018K [0x0000000080000000, 0x00000000c1b00000, 0x00000000d5580000)
  object space 1076224K, 99% used [0x0000000080000000,0x00000000c1acc870,0x00000000c1b00000)
 Metaspace       used 75941K, committed 77568K, reserved 1179648K
  class space    used 7939K, committed 8640K, reserved 1048576K
}
Event: 151.818 GC heap after
{Heap after GC invocations=572 (full 3):
 PSYoungGen      total 6144K, used 2552K [0x00000000d5580000, 0x00000000d6600000, 0x0000000100000000)
  eden space 3584K, 0% used [0x00000000d5580000,0x00000000d5580000,0x00000000d5900000)
  from space 2560K, 99% used [0x00000000d5900000,0x00000000d5b7e010,0x00000000d5b80000)
  to   space 6144K, 0% used [0x00000000d6000000,0x00000000d6000000,0x00000000d6600000)
 ParOldGen       total 1078784K, used 1078754K [0x0000000080000000, 0x00000000c1d80000, 0x00000000d5580000)
  object space 1078784K, 99% used [0x0000000080000000,0x00000000c1d78870,0x00000000c1d80000)
 Metaspace       used 75941K, committed 77568K, reserved 1179648K
  class space    used 7939K, committed 8640K, reserved 1048576K
}
Event: 151.841 GC heap before
{Heap before GC invocations=573 (full 3):
 PSYoungGen      total 6144K, used 6136K [0x00000000d5580000, 0x00000000d6600000, 0x0000000100000000)
  eden space 3584K, 100% used [0x00000000d5580000,0x00000000d5900000,0x00000000d5900000)
  from space 2560K, 99% used [0x00000000d5900000,0x00000000d5b7e010,0x00000000d5b80000)
  to   space 6144K, 0% used [0x00000000d6000000,0x00000000d6000000,0x00000000d6600000)
 ParOldGen       total 1078784K, used 1078754K [0x0000000080000000, 0x00000000c1d80000, 0x00000000d5580000)
  object space 1078784K, 99% used [0x0000000080000000,0x00000000c1d78870,0x00000000c1d80000)
 Metaspace       used 75941K, committed 77568K, reserved 1179648K
  class space    used 7939K, committed 8640K, reserved 1048576K
}
Event: 151.844 GC heap after
{Heap after GC invocations=573 (full 3):
 PSYoungGen      total 8192K, used 3413K [0x00000000d5580000, 0x00000000d6380000, 0x0000000100000000)
  eden space 4608K, 0% used [0x00000000d5580000,0x00000000d5580000,0x00000000d5a00000)
  from space 3584K, 95% used [0x00000000d6000000,0x00000000d63557f0,0x00000000d6380000)
  to   space 4096K, 0% used [0x00000000d5b80000,0x00000000d5b80000,0x00000000d5f80000)
 ParOldGen       total 1080832K, used 1080586K [0x0000000080000000, 0x00000000c1f80000, 0x00000000d5580000)
  object space 1080832K, 99% used [0x0000000080000000,0x00000000c1f428a0,0x00000000c1f80000)
 Metaspace       used 75941K, committed 77568K, reserved 1179648K
  class space    used 7939K, committed 8640K, reserved 1048576K
}
Event: 151.853 GC heap before
{Heap before GC invocations=574 (full 3):
 PSYoungGen      total 8192K, used 8021K [0x00000000d5580000, 0x00000000d6380000, 0x0000000100000000)
  eden space 4608K, 100% used [0x00000000d5580000,0x00000000d5a00000,0x00000000d5a00000)
  from space 3584K, 95% used [0x00000000d6000000,0x00000000d63557f0,0x00000000d6380000)
  to   space 4096K, 0% used [0x00000000d5b80000,0x00000000d5b80000,0x00000000d5f80000)
 ParOldGen       total 1080832K, used 1080586K [0x0000000080000000, 0x00000000c1f80000, 0x00000000d5580000)
  object space 1080832K, 99% used [0x0000000080000000,0x00000000c1f428a0,0x00000000c1f80000)
 Metaspace       used 75941K, committed 77568K, reserved 1179648K
  class space    used 7939K, committed 8640K, reserved 1048576K
}
Event: 151.857 GC heap after
{Heap after GC invocations=574 (full 3):
 PSYoungGen      total 9728K, used 4091K [0x00000000d5580000, 0x00000000d6c00000, 0x0000000100000000)
  eden space 5632K, 0% used [0x00000000d5580000,0x00000000d5580000,0x00000000d5b00000)
  from space 4096K, 99% used [0x00000000d5b80000,0x00000000d5f7ef48,0x00000000d5f80000)
  to   space 8704K, 0% used [0x00000000d6380000,0x00000000d6380000,0x00000000d6c00000)
 ParOldGen       total 1084416K, used 1084323K [0x0000000080000000, 0x00000000c2300000, 0x00000000d5580000)
  object space 1084416K, 99% used [0x0000000080000000,0x00000000c22e8ec8,0x00000000c2300000)
 Metaspace       used 75941K, committed 77568K, reserved 1179648K
  class space    used 7939K, committed 8640K, reserved 1048576K
}
Event: 151.865 GC heap before
{Heap before GC invocations=575 (full 3):
 PSYoungGen      total 9728K, used 9709K [0x00000000d5580000, 0x00000000d6c00000, 0x0000000100000000)
  eden space 5632K, 99% used [0x00000000d5580000,0x00000000d5afc888,0x00000000d5b00000)
  from space 4096K, 99% used [0x00000000d5b80000,0x00000000d5f7ef48,0x00000000d5f80000)
  to   space 8704K, 0% used [0x00000000d6380000,0x00000000d6380000,0x00000000d6c00000)
 ParOldGen       total 1084416K, used 1084323K [0x0000000080000000, 0x00000000c2300000, 0x00000000d5580000)
  object space 1084416K, 99% used [0x0000000080000000,0x00000000c22e8ec8,0x00000000c2300000)
 Metaspace       used 75941K, committed 77568K, reserved 1179648K
  class space    used 7939K, committed 8640K, reserved 1048576K
}
Event: 151.871 GC heap after
{Heap after GC invocations=575 (full 3):
 PSYoungGen      total 13312K, used 5443K [0x00000000d5580000, 0x00000000d6980000, 0x0000000100000000)
  eden space 7168K, 0% used [0x00000000d5580000,0x00000000d5580000,0x00000000d5c80000)
  from space 6144K, 88% used [0x00000000d6380000,0x00000000d68d0cf8,0x00000000d6980000)
  to   space 6656K, 0% used [0x00000000d5c80000,0x00000000d5c80000,0x00000000d6300000)
 ParOldGen       total 1088512K, used 1088479K [0x0000000080000000, 0x00000000c2700000, 0x00000000d5580000)
  object space 1088512K, 99% used [0x0000000080000000,0x00000000c26f7e88,0x00000000c2700000)
 Metaspace       used 75941K, committed 77568K, reserved 1179648K
  class space    used 7939K, committed 8640K, reserved 1048576K
}
Event: 151.985 GC heap before
{Heap before GC invocations=576 (full 3):
 PSYoungGen      total 13312K, used 12611K [0x00000000d5580000, 0x00000000d6980000, 0x0000000100000000)
  eden space 7168K, 100% used [0x00000000d5580000,0x00000000d5c80000,0x00000000d5c80000)
  from space 6144K, 88% used [0x00000000d6380000,0x00000000d68d0cf8,0x00000000d6980000)
  to   space 6656K, 0% used [0x00000000d5c80000,0x00000000d5c80000,0x00000000d6300000)
 ParOldGen       total 1152000K, used 1149919K [0x0000000080000000, 0x00000000c6500000, 0x00000000d5580000)
  object space 1152000K, 99% used [0x0000000080000000,0x00000000c62f7ee8,0x00000000c6500000)
 Metaspace       used 75950K, committed 77568K, reserved 1179648K
  class space    used 7939K, committed 8640K, reserved 1048576K
}
Event: 151.992 GC heap after
{Heap after GC invocations=576 (full 3):
 PSYoungGen      total 10240K, used 2688K [0x00000000d5580000, 0x00000000d6600000, 0x0000000100000000)
  eden space 7168K, 0% used [0x00000000d5580000,0x00000000d5580000,0x00000000d5c80000)
  from space 3072K, 87% used [0x00000000d5c80000,0x00000000d5f20000,0x00000000d5f80000)
  to   space 4096K, 0% used [0x00000000d6200000,0x00000000d6200000,0x00000000d6600000)
 ParOldGen       total 1154048K, used 1153983K [0x0000000080000000, 0x00000000c6700000, 0x00000000d5580000)
  object space 1154048K, 99% used [0x0000000080000000,0x00000000c66efee8,0x00000000c6700000)
 Metaspace       used 75950K, committed 77568K, reserved 1179648K
  class space    used 7939K, committed 8640K, reserved 1048576K
}
Event: 153.827 GC heap before
{Heap before GC invocations=577 (full 3):
 PSYoungGen      total 10240K, used 9856K [0x00000000d5580000, 0x00000000d6600000, 0x0000000100000000)
  eden space 7168K, 100% used [0x00000000d5580000,0x00000000d5c80000,0x00000000d5c80000)
  from space 3072K, 87% used [0x00000000d5c80000,0x00000000d5f20000,0x00000000d5f80000)
  to   space 4096K, 0% used [0x00000000d6200000,0x00000000d6200000,0x00000000d6600000)
 ParOldGen       total 1154048K, used 1153983K [0x0000000080000000, 0x00000000c6700000, 0x00000000d5580000)
  object space 1154048K, 99% used [0x0000000080000000,0x00000000c66efee8,0x00000000c6700000)
 Metaspace       used 76015K, committed 77632K, reserved 1179648K
  class space    used 7946K, committed 8640K, reserved 1048576K
}
Event: 153.836 GC heap after
{Heap after GC invocations=577 (full 3):
 PSYoungGen      total 8192K, used 857K [0x00000000d5580000, 0x00000000d6300000, 0x0000000100000000)
  eden space 7168K, 0% used [0x00000000d5580000,0x00000000d5580000,0x00000000d5c80000)
  from space 1024K, 83% used [0x00000000d6200000,0x00000000d62d6410,0x00000000d6300000)
  to   space 2048K, 0% used [0x00000000d5f00000,0x00000000d5f00000,0x00000000d6100000)
 ParOldGen       total 1156608K, used 1156415K [0x0000000080000000, 0x00000000c6980000, 0x00000000d5580000)
  object space 1156608K, 99% used [0x0000000080000000,0x00000000c694fee8,0x00000000c6980000)
 Metaspace       used 76015K, committed 77632K, reserved 1179648K
  class space    used 7946K, committed 8640K, reserved 1048576K
}
Event: 153.871 GC heap before
{Heap before GC invocations=578 (full 3):
 PSYoungGen      total 8192K, used 8025K [0x00000000d5580000, 0x00000000d6300000, 0x0000000100000000)
  eden space 7168K, 100% used [0x00000000d5580000,0x00000000d5c80000,0x00000000d5c80000)
  from space 1024K, 83% used [0x00000000d6200000,0x00000000d62d6410,0x00000000d6300000)
  to   space 2048K, 0% used [0x00000000d5f00000,0x00000000d5f00000,0x00000000d6100000)
 ParOldGen       total 1156608K, used 1156415K [0x0000000080000000, 0x00000000c6980000, 0x00000000d5580000)
  object space 1156608K, 99% used [0x0000000080000000,0x00000000c694fee8,0x00000000c6980000)
 Metaspace       used 76120K, committed 77760K, reserved 1179648K
  class space    used 7949K, committed 8640K, reserved 1048576K
}
Event: 153.874 GC heap after
{Heap after GC invocations=578 (full 3):
 PSYoungGen      total 9216K, used 576K [0x00000000d5580000, 0x00000000d6280000, 0x0000000100000000)
  eden space 7168K, 0% used [0x00000000d5580000,0x00000000d5580000,0x00000000d5c80000)
  from space 2048K, 28% used [0x00000000d5f00000,0x00000000d5f90000,0x00000000d6100000)
  to   space 1024K, 0% used [0x00000000d6180000,0x00000000d6180000,0x00000000d6280000)
 ParOldGen       total 1157120K, used 1157108K [0x0000000080000000, 0x00000000c6a00000, 0x00000000d5580000)
  object space 1157120K, 99% used [0x0000000080000000,0x00000000c69fd318,0x00000000c6a00000)
 Metaspace       used 76120K, committed 77760K, reserved 1179648K
  class space    used 7949K, committed 8640K, reserved 1048576K
}
Event: 154.545 GC heap before
{Heap before GC invocations=579 (full 3):
 PSYoungGen      total 9216K, used 7744K [0x00000000d5580000, 0x00000000d6280000, 0x0000000100000000)
  eden space 7168K, 100% used [0x00000000d5580000,0x00000000d5c80000,0x00000000d5c80000)
  from space 2048K, 28% used [0x00000000d5f00000,0x00000000d5f90000,0x00000000d6100000)
  to   space 1024K, 0% used [0x00000000d6180000,0x00000000d6180000,0x00000000d6280000)
 ParOldGen       total 1157120K, used 1157108K [0x0000000080000000, 0x00000000c6a00000, 0x00000000d5580000)
  object space 1157120K, 99% used [0x0000000080000000,0x00000000c69fd318,0x00000000c6a00000)
 Metaspace       used 76124K, committed 77760K, reserved 1179648K
  class space    used 7949K, committed 8640K, reserved 1048576K
}
Event: 154.553 GC heap after
{Heap after GC invocations=579 (full 3):
 PSYoungGen      total 7168K, used 1008K [0x00000000d5580000, 0x00000000d6880000, 0x0000000100000000)
  eden space 6144K, 0% used [0x00000000d5580000,0x00000000d5580000,0x00000000d5b80000)
  from space 1024K, 98% used [0x00000000d6180000,0x00000000d627c2e0,0x00000000d6280000)
  to   space 6144K, 0% used [0x00000000d5b80000,0x00000000d5b80000,0x00000000d6180000)
 ParOldGen       total 1161216K, used 1161000K [0x0000000080000000, 0x00000000c6e00000, 0x00000000d5580000)
  object space 1161216K, 99% used [0x0000000080000000,0x00000000c6dca328,0x00000000c6e00000)
 Metaspace       used 76124K, committed 77760K, reserved 1179648K
  class space    used 7949K, committed 8640K, reserved 1048576K
}
Event: 154.662 GC heap before
{Heap before GC invocations=580 (full 3):
 PSYoungGen      total 7168K, used 7152K [0x00000000d5580000, 0x00000000d6880000, 0x0000000100000000)
  eden space 6144K, 100% used [0x00000000d5580000,0x00000000d5b80000,0x00000000d5b80000)
  from space 1024K, 98% used [0x00000000d6180000,0x00000000d627c2e0,0x00000000d6280000)
  to   space 6144K, 0% used [0x00000000d5b80000,0x00000000d5b80000,0x00000000d6180000)
 ParOldGen       total 1161216K, used 1161000K [0x0000000080000000, 0x00000000c6e00000, 0x00000000d5580000)
  object space 1161216K, 99% used [0x0000000080000000,0x00000000c6dca328,0x00000000c6e00000)
 Metaspace       used 76289K, committed 77952K, reserved 1179648K
  class space    used 7982K, committed 8704K, reserved 1048576K
}
Event: 154.664 GC heap after
{Heap after GC invocations=580 (full 3):
 PSYoungGen      total 7168K, used 719K [0x00000000d5580000, 0x00000000d6200000, 0x0000000100000000)
  eden space 6144K, 0% used [0x00000000d5580000,0x00000000d5580000,0x00000000d5b80000)
  from space 1024K, 70% used [0x00000000d5b80000,0x00000000d5c33d00,0x00000000d5c80000)
  to   space 2560K, 0% used [0x00000000d5f80000,0x00000000d5f80000,0x00000000d6200000)
 ParOldGen       total 1161216K, used 1161088K [0x0000000080000000, 0x00000000c6e00000, 0x00000000d5580000)
  object space 1161216K, 99% used [0x0000000080000000,0x00000000c6de0328,0x00000000c6e00000)
 Metaspace       used 76289K, committed 77952K, reserved 1179648K
  class space    used 7982K, committed 8704K, reserved 1048576K
}

