# JRE version: OpenJDK Runtime Environment Temurin-21.0.8+9 (21.0.8+9) (build 21.0.8+9-LTS)
# Java VM: OpenJDK 64-Bit Server VM Temurin-21.0.8+9 (21.0.8+9-LTS, mixed mode, sharing, tiered, compressed oops, compressed class ptrs, parallel gc, windows-amd64)
GC Precious Log:
 CardTable entry size: 512
 CPUs: 12 total, 12 available
 Memory: 7895M
 Large Page Support: Disabled
 NUMA Support: Disabled
 Compressed Oops: Enabled (32-bit)
 Alignments: Space 512K, Generation 512K, Heap 2M
 Heap Min Capacity: 100M
 Heap Initial Capacity: 100M
 Heap Max Capacity: 2G
 Pre-touch: Disabled
 Parallel Workers: 10
Heap:
 PSYoungGen      total 12288K, used 12160K [0x00000000d5580000, 0x00000000d6900000, 0x0000000100000000)
  eden space 7168K, 100% used [0x00000000d5580000,0x00000000d5c80000,0x00000000d5c80000)
  from space 5120K, 97% used [0x00000000d6400000,0x00000000d68e0000,0x00000000d6900000)
  to   space 6144K, 0% used [0x00000000d5d00000,0x00000000d5d00000,0x00000000d6300000)
 ParOldGen       total 332800K, used 330959K [0x0000000080000000, 0x0000000094500000, 0x00000000d5580000)
  object space 332800K, 99% used [0x0000000080000000,0x0000000094333e00,0x0000000094500000)
 Metaspace       used 69897K, committed 71488K, reserved 1114112K
  class space    used 7379K, committed 8128K, reserved 1048576K
GC Heap History (20 events):
Event: 1073.993 GC heap before
{Heap before GC invocations=540 (full 3):
 PSYoungGen      total 3584K, used 3168K [0x00000000d5580000, 0x00000000d5b80000, 0x0000000100000000)
  eden space 1536K, 100% used [0x00000000d5580000,0x00000000d5700000,0x00000000d5700000)
  from space 2048K, 79% used [0x00000000d5900000,0x00000000d5a98000,0x00000000d5b00000)
  to   space 2048K, 0% used [0x00000000d5700000,0x00000000d5700000,0x00000000d5900000)
 ParOldGen       total 269312K, used 268922K [0x0000000080000000, 0x0000000090700000, 0x00000000d5580000)
  object space 269312K, 99% used [0x0000000080000000,0x000000009069e948,0x0000000090700000)
 Metaspace       used 69846K, committed 71488K, reserved 1114112K
  class space    used 7379K, committed 8128K, reserved 1048576K
}
Event: 1073.995 GC heap after
{Heap after GC invocations=540 (full 3):
 PSYoungGen      total 3584K, used 1504K [0x00000000d5580000, 0x00000000d5b80000, 0x0000000100000000)
  eden space 1536K, 0% used [0x00000000d5580000,0x00000000d5580000,0x00000000d5700000)
  from space 2048K, 73% used [0x00000000d5700000,0x00000000d5878000,0x00000000d5900000)
  to   space 2048K, 0% used [0x00000000d5980000,0x00000000d5980000,0x00000000d5b80000)
 ParOldGen       total 270848K, used 270474K [0x0000000080000000, 0x0000000090880000, 0x00000000d5580000)
  object space 270848K, 99% used [0x0000000080000000,0x0000000090822948,0x0000000090880000)
 Metaspace       used 69846K, committed 71488K, reserved 1114112K
  class space    used 7379K, committed 8128K, reserved 1048576K
}
Event: 1073.998 GC heap before
{Heap before GC invocations=541 (full 3):
 PSYoungGen      total 3584K, used 3039K [0x00000000d5580000, 0x00000000d5b80000, 0x0000000100000000)
  eden space 1536K, 99% used [0x00000000d5580000,0x00000000d56fff98,0x00000000d5700000)
  from space 2048K, 73% used [0x00000000d5700000,0x00000000d5878000,0x00000000d5900000)
  to   space 2048K, 0% used [0x00000000d5980000,0x00000000d5980000,0x00000000d5b80000)
 ParOldGen       total 270848K, used 270474K [0x0000000080000000, 0x0000000090880000, 0x00000000d5580000)
  object space 270848K, 99% used [0x0000000080000000,0x0000000090822948,0x0000000090880000)
 Metaspace       used 69846K, committed 71488K, reserved 1114112K
  class space    used 7379K, committed 8128K, reserved 1048576K
}
Event: 1074.000 GC heap after
{Heap after GC invocations=541 (full 3):
 PSYoungGen      total 4096K, used 1600K [0x00000000d5580000, 0x00000000d5b80000, 0x0000000100000000)
  eden space 2048K, 0% used [0x00000000d5580000,0x00000000d5580000,0x00000000d5780000)
  from space 2048K, 78% used [0x00000000d5980000,0x00000000d5b10000,0x00000000d5b80000)
  to   space 2048K, 0% used [0x00000000d5780000,0x00000000d5780000,0x00000000d5980000)
 ParOldGen       total 272384K, used 271882K [0x0000000080000000, 0x0000000090a00000, 0x00000000d5580000)
  object space 272384K, 99% used [0x0000000080000000,0x0000000090982948,0x0000000090a00000)
 Metaspace       used 69846K, committed 71488K, reserved 1114112K
  class space    used 7379K, committed 8128K, reserved 1048576K
}
Event: 1074.004 GC heap before
{Heap before GC invocations=542 (full 3):
 PSYoungGen      total 4096K, used 3647K [0x00000000d5580000, 0x00000000d5b80000, 0x0000000100000000)
  eden space 2048K, 99% used [0x00000000d5580000,0x00000000d577ffd0,0x00000000d5780000)
  from space 2048K, 78% used [0x00000000d5980000,0x00000000d5b10000,0x00000000d5b80000)
  to   space 2048K, 0% used [0x00000000d5780000,0x00000000d5780000,0x00000000d5980000)
 ParOldGen       total 272384K, used 271882K [0x0000000080000000, 0x0000000090a00000, 0x00000000d5580000)
  object space 272384K, 99% used [0x0000000080000000,0x0000000090982948,0x0000000090a00000)
 Metaspace       used 69849K, committed 71488K, reserved 1114112K
  class space    used 7379K, committed 8128K, reserved 1048576K
}
Event: 1074.006 GC heap after
{Heap after GC invocations=542 (full 3):
 PSYoungGen      total 4096K, used 1724K [0x00000000d5580000, 0x00000000d5c00000, 0x0000000100000000)
  eden space 2048K, 0% used [0x00000000d5580000,0x00000000d5580000,0x00000000d5780000)
  from space 2048K, 84% used [0x00000000d5780000,0x00000000d592f010,0x00000000d5980000)
  to   space 2048K, 0% used [0x00000000d5a00000,0x00000000d5a00000,0x00000000d5c00000)
 ParOldGen       total 273408K, used 273370K [0x0000000080000000, 0x0000000090b00000, 0x00000000d5580000)
  object space 273408K, 99% used [0x0000000080000000,0x0000000090af6948,0x0000000090b00000)
 Metaspace       used 69849K, committed 71488K, reserved 1114112K
  class space    used 7379K, committed 8128K, reserved 1048576K
}
Event: 1074.017 GC heap before
{Heap before GC invocations=543 (full 3):
 PSYoungGen      total 4096K, used 3487K [0x00000000d5580000, 0x00000000d5c00000, 0x0000000100000000)
  eden space 2048K, 86% used [0x00000000d5580000,0x00000000d5738d88,0x00000000d5780000)
  from space 2048K, 84% used [0x00000000d5780000,0x00000000d592f010,0x00000000d5980000)
  to   space 2048K, 0% used [0x00000000d5a00000,0x00000000d5a00000,0x00000000d5c00000)
 ParOldGen       total 273408K, used 273370K [0x0000000080000000, 0x0000000090b00000, 0x00000000d5580000)
  object space 273408K, 99% used [0x0000000080000000,0x0000000090af6948,0x0000000090b00000)
 Metaspace       used 69862K, committed 71488K, reserved 1114112K
  class space    used 7379K, committed 8128K, reserved 1048576K
}
Event: 1074.019 GC heap after
{Heap after GC invocations=543 (full 3):
 PSYoungGen      total 4608K, used 1584K [0x00000000d5580000, 0x00000000d5c00000, 0x0000000100000000)
  eden space 2560K, 0% used [0x00000000d5580000,0x00000000d5580000,0x00000000d5800000)
  from space 2048K, 77% used [0x00000000d5a00000,0x00000000d5b8c020,0x00000000d5c00000)
  to   space 2048K, 0% used [0x00000000d5800000,0x00000000d5800000,0x00000000d5a00000)
 ParOldGen       total 274944K, used 274778K [0x0000000080000000, 0x0000000090c80000, 0x00000000d5580000)
  object space 274944K, 99% used [0x0000000080000000,0x0000000090c56978,0x0000000090c80000)
 Metaspace       used 69862K, committed 71488K, reserved 1114112K
  class space    used 7379K, committed 8128K, reserved 1048576K
}
Event: 1074.031 GC heap before
{Heap before GC invocations=544 (full 3):
 PSYoungGen      total 4608K, used 4144K [0x00000000d5580000, 0x00000000d5c00000, 0x0000000100000000)
  eden space 2560K, 100% used [0x00000000d5580000,0x00000000d5800000,0x00000000d5800000)
  from space 2048K, 77% used [0x00000000d5a00000,0x00000000d5b8c020,0x00000000d5c00000)
  to   space 2048K, 0% used [0x00000000d5800000,0x00000000d5800000,0x00000000d5a00000)
 ParOldGen       total 274944K, used 274778K [0x0000000080000000, 0x0000000090c80000, 0x00000000d5580000)
  object space 274944K, 99% used [0x0000000080000000,0x0000000090c56978,0x0000000090c80000)
 Metaspace       used 69862K, committed 71488K, reserved 1114112K
  class space    used 7379K, committed 8128K, reserved 1048576K
}
Event: 1074.035 GC heap after
{Heap after GC invocations=544 (full 3):
 PSYoungGen      total 4608K, used 2038K [0x00000000d5580000, 0x00000000d6080000, 0x0000000100000000)
  eden space 2560K, 0% used [0x00000000d5580000,0x00000000d5580000,0x00000000d5800000)
  from space 2048K, 99% used [0x00000000d5800000,0x00000000d59fd860,0x00000000d5a00000)
  to   space 4096K, 0% used [0x00000000d5c80000,0x00000000d5c80000,0x00000000d6080000)
 ParOldGen       total 276480K, used 276234K [0x0000000080000000, 0x0000000090e00000, 0x00000000d5580000)
  object space 276480K, 99% used [0x0000000080000000,0x0000000090dc29a8,0x0000000090e00000)
 Metaspace       used 69862K, committed 71488K, reserved 1114112K
  class space    used 7379K, committed 8128K, reserved 1048576K
}
Event: 1074.042 GC heap before
{Heap before GC invocations=545 (full 3):
 PSYoungGen      total 4608K, used 4173K [0x00000000d5580000, 0x00000000d6080000, 0x0000000100000000)
  eden space 2560K, 83% used [0x00000000d5580000,0x00000000d5795d30,0x00000000d5800000)
  from space 2048K, 99% used [0x00000000d5800000,0x00000000d59fd860,0x00000000d5a00000)
  to   space 4096K, 0% used [0x00000000d5c80000,0x00000000d5c80000,0x00000000d6080000)
 ParOldGen       total 276480K, used 276234K [0x0000000080000000, 0x0000000090e00000, 0x00000000d5580000)
  object space 276480K, 99% used [0x0000000080000000,0x0000000090dc29a8,0x0000000090e00000)
 Metaspace       used 69862K, committed 71488K, reserved 1114112K
  class space    used 7379K, committed 8128K, reserved 1048576K
}
Event: 1074.044 GC heap after
{Heap after GC invocations=545 (full 3):
 PSYoungGen      total 5632K, used 2204K [0x00000000d5580000, 0x00000000d5f00000, 0x0000000100000000)
  eden space 3072K, 0% used [0x00000000d5580000,0x00000000d5580000,0x00000000d5880000)
  from space 2560K, 86% used [0x00000000d5c80000,0x00000000d5ea71e8,0x00000000d5f00000)
  to   space 3072K, 0% used [0x00000000d5900000,0x00000000d5900000,0x00000000d5c00000)
 ParOldGen       total 279040K, used 278248K [0x0000000080000000, 0x0000000091080000, 0x00000000d5580000)
  object space 279040K, 99% used [0x0000000080000000,0x0000000090fba1c0,0x0000000091080000)
 Metaspace       used 69862K, committed 71488K, reserved 1114112K
  class space    used 7379K, committed 8128K, reserved 1048576K
}
Event: 1074.067 GC heap before
{Heap before GC invocations=546 (full 3):
 PSYoungGen      total 5632K, used 5224K [0x00000000d5580000, 0x00000000d5f00000, 0x0000000100000000)
  eden space 3072K, 98% used [0x00000000d5580000,0x00000000d5872fd0,0x00000000d5880000)
  from space 2560K, 86% used [0x00000000d5c80000,0x00000000d5ea71e8,0x00000000d5f00000)
  to   space 3072K, 0% used [0x00000000d5900000,0x00000000d5900000,0x00000000d5c00000)
 ParOldGen       total 279040K, used 278248K [0x0000000080000000, 0x0000000091080000, 0x00000000d5580000)
  object space 279040K, 99% used [0x0000000080000000,0x0000000090fba1c0,0x0000000091080000)
 Metaspace       used 69862K, committed 71488K, reserved 1114112K
  class space    used 7379K, committed 8128K, reserved 1048576K
}
Event: 1074.071 GC heap after
{Heap after GC invocations=546 (full 3):
 PSYoungGen      total 6656K, used 3042K [0x00000000d5580000, 0x00000000d6780000, 0x0000000100000000)
  eden space 3584K, 0% used [0x00000000d5580000,0x00000000d5580000,0x00000000d5900000)
  from space 3072K, 99% used [0x00000000d5900000,0x00000000d5bf88e0,0x00000000d5c00000)
  to   space 7168K, 0% used [0x00000000d6080000,0x00000000d6080000,0x00000000d6780000)
 ParOldGen       total 282112K, used 281486K [0x0000000080000000, 0x0000000091380000, 0x00000000d5580000)
  object space 282112K, 99% used [0x0000000080000000,0x00000000912e3b88,0x0000000091380000)
 Metaspace       used 69862K, committed 71488K, reserved 1114112K
  class space    used 7379K, committed 8128K, reserved 1048576K
}
Event: 1074.103 GC heap before
{Heap before GC invocations=547 (full 3):
 PSYoungGen      total 6656K, used 6626K [0x00000000d5580000, 0x00000000d6780000, 0x0000000100000000)
  eden space 3584K, 100% used [0x00000000d5580000,0x00000000d5900000,0x00000000d5900000)
  from space 3072K, 99% used [0x00000000d5900000,0x00000000d5bf88e0,0x00000000d5c00000)
  to   space 7168K, 0% used [0x00000000d6080000,0x00000000d6080000,0x00000000d6780000)
 ParOldGen       total 282112K, used 281486K [0x0000000080000000, 0x0000000091380000, 0x00000000d5580000)
  object space 282112K, 99% used [0x0000000080000000,0x00000000912e3b88,0x0000000091380000)
 Metaspace       used 69864K, committed 71488K, reserved 1114112K
  class space    used 7379K, committed 8128K, reserved 1048576K
}
Event: 1074.107 GC heap after
{Heap after GC invocations=547 (full 3):
 PSYoungGen      total 8704K, used 3592K [0x00000000d5580000, 0x00000000d6480000, 0x0000000100000000)
  eden space 4608K, 0% used [0x00000000d5580000,0x00000000d5580000,0x00000000d5a00000)
  from space 4096K, 87% used [0x00000000d6080000,0x00000000d6402040,0x00000000d6480000)
  to   space 4608K, 0% used [0x00000000d5b80000,0x00000000d5b80000,0x00000000d6000000)
 ParOldGen       total 284672K, used 284469K [0x0000000080000000, 0x0000000091600000, 0x00000000d5580000)
  object space 284672K, 99% used [0x0000000080000000,0x00000000915cd520,0x0000000091600000)
 Metaspace       used 69864K, committed 71488K, reserved 1114112K
  class space    used 7379K, committed 8128K, reserved 1048576K
}
Event: 1074.116 GC heap before
{Heap before GC invocations=548 (full 3):
 PSYoungGen      total 8704K, used 8200K [0x00000000d5580000, 0x00000000d6480000, 0x0000000100000000)
  eden space 4608K, 100% used [0x00000000d5580000,0x00000000d5a00000,0x00000000d5a00000)
  from space 4096K, 87% used [0x00000000d6080000,0x00000000d6402040,0x00000000d6480000)
  to   space 4608K, 0% used [0x00000000d5b80000,0x00000000d5b80000,0x00000000d6000000)
 ParOldGen       total 284672K, used 284469K [0x0000000080000000, 0x0000000091600000, 0x00000000d5580000)
  object space 284672K, 99% used [0x0000000080000000,0x00000000915cd520,0x0000000091600000)
 Metaspace       used 69868K, committed 71488K, reserved 1114112K
  class space    used 7379K, committed 8128K, reserved 1048576K
}
Event: 1074.120 GC heap after
{Heap after GC invocations=548 (full 3):
 PSYoungGen      total 10240K, used 4608K [0x00000000d5580000, 0x00000000d6d00000, 0x0000000100000000)
  eden space 5632K, 0% used [0x00000000d5580000,0x00000000d5580000,0x00000000d5b00000)
  from space 4608K, 100% used [0x00000000d5b80000,0x00000000d6000000,0x00000000d6000000)
  to   space 9216K, 0% used [0x00000000d6400000,0x00000000d6400000,0x00000000d6d00000)
 ParOldGen       total 288256K, used 287991K [0x0000000080000000, 0x0000000091980000, 0x00000000d5580000)
  object space 288256K, 99% used [0x0000000080000000,0x000000009193ddc0,0x0000000091980000)
 Metaspace       used 69868K, committed 71488K, reserved 1114112K
  class space    used 7379K, committed 8128K, reserved 1048576K
}
Event: 1074.135 GC heap before
{Heap before GC invocations=549 (full 3):
 PSYoungGen      total 10240K, used 10240K [0x00000000d5580000, 0x00000000d6d00000, 0x0000000100000000)
  eden space 5632K, 100% used [0x00000000d5580000,0x00000000d5b00000,0x00000000d5b00000)
  from space 4608K, 100% used [0x00000000d5b80000,0x00000000d6000000,0x00000000d6000000)
  to   space 9216K, 0% used [0x00000000d6400000,0x00000000d6400000,0x00000000d6d00000)
 ParOldGen       total 288256K, used 287991K [0x0000000080000000, 0x0000000091980000, 0x00000000d5580000)
  object space 288256K, 99% used [0x0000000080000000,0x000000009193ddc0,0x0000000091980000)
 Metaspace       used 69870K, committed 71488K, reserved 1114112K
  class space    used 7379K, committed 8128K, reserved 1048576K
}
Event: 1074.139 GC heap after
{Heap after GC invocations=549 (full 3):
 PSYoungGen      total 12288K, used 4992K [0x00000000d5580000, 0x00000000d6900000, 0x0000000100000000)
  eden space 7168K, 0% used [0x00000000d5580000,0x00000000d5580000,0x00000000d5c80000)
  from space 5120K, 97% used [0x00000000d6400000,0x00000000d68e0000,0x00000000d6900000)
  to   space 6144K, 0% used [0x00000000d5d00000,0x00000000d5d00000,0x00000000d6300000)
 ParOldGen       total 292864K, used 292559K [0x0000000080000000, 0x0000000091e00000, 0x00000000d5580000)
  object space 292864K, 99% used [0x0000000080000000,0x0000000091db3dc0,0x0000000091e00000)
 Metaspace       used 69870K, committed 71488K, reserved 1114112K
  class space    used 7379K, committed 8128K, reserved 1048576K
}

