# JRE version: OpenJDK Runtime Environment Temurin-21.0.8+9 (21.0.8+9) (build 21.0.8+9-LTS)
# Java VM: OpenJDK 64-Bit Server VM Temurin-21.0.8+9 (21.0.8+9-LTS, mixed mode, sharing, tiered, compressed oops, compressed class ptrs, parallel gc, windows-amd64)
GC Precious Log:
 CardTable entry size: 512
 CPUs: 12 total, 12 available
 Memory: 7895M
 Large Page Support: Disabled
 NUMA Support: Disabled
 Compressed Oops: Enabled (32-bit)
 Alignments: Space 512K, Generation 512K, Heap 2M
 Heap Min Capacity: 100M
 Heap Initial Capacity: 100M
 Heap Max Capacity: 2G
 Pre-touch: Disabled
 Parallel Workers: 10
Heap:
 PSYoungGen      total 3584K, used 1830K [0x00000000d5580000, 0x00000000d5a00000, 0x0000000100000000)
  eden space 3072K, 45% used [0x00000000d5580000,0x00000000d56dd828,0x00000000d5880000)
  from space 512K, 84% used [0x00000000d5900000,0x00000000d596c010,0x00000000d5980000)
  to   space 512K, 0% used [0x00000000d5980000,0x00000000d5980000,0x00000000d5a00000)
 ParOldGen       total 147968K, used 147730K [0x0000000080000000, 0x0000000089080000, 0x00000000d5580000)
  object space 147968K, 99% used [0x0000000080000000,0x0000000089044810,0x0000000089080000)
 Metaspace       used 70695K, committed 72320K, reserved 1114112K
  class space    used 7364K, committed 8064K, reserved 1048576K
GC Heap History (20 events):
Event: 17.349 GC heap before
{Heap before GC invocations=215 (full 3):
 PSYoungGen      total 3584K, used 3173K [0x00000000d5580000, 0x00000000d5a80000, 0x0000000100000000)
  eden space 3072K, 86% used [0x00000000d5580000,0x00000000d581ad30,0x00000000d5880000)
  from space 512K, 98% used [0x00000000d5900000,0x00000000d597e900,0x00000000d5980000)
  to   space 1024K, 0% used [0x00000000d5980000,0x00000000d5980000,0x00000000d5a80000)
 ParOldGen       total 145408K, used 145300K [0x0000000080000000, 0x0000000088e00000, 0x00000000d5580000)
  object space 145408K, 99% used [0x0000000080000000,0x0000000088de50c0,0x0000000088e00000)
 Metaspace       used 70608K, committed 72192K, reserved 1114112K
  class space    used 7357K, committed 8064K, reserved 1048576K
}
Event: 17.350 GC heap after
{Heap after GC invocations=215 (full 3):
 PSYoungGen      total 4096K, used 320K [0x00000000d5580000, 0x00000000d5a80000, 0x0000000100000000)
  eden space 3072K, 0% used [0x00000000d5580000,0x00000000d5580000,0x00000000d5880000)
  from space 1024K, 31% used [0x00000000d5980000,0x00000000d59d0000,0x00000000d5a80000)
  to   space 1024K, 0% used [0x00000000d5880000,0x00000000d5880000,0x00000000d5980000)
 ParOldGen       total 145920K, used 145701K [0x0000000080000000, 0x0000000088e80000, 0x00000000d5580000)
  object space 145920K, 99% used [0x0000000080000000,0x0000000088e49610,0x0000000088e80000)
 Metaspace       used 70608K, committed 72192K, reserved 1114112K
  class space    used 7357K, committed 8064K, reserved 1048576K
}
Event: 17.358 GC heap before
{Heap before GC invocations=216 (full 3):
 PSYoungGen      total 4096K, used 3392K [0x00000000d5580000, 0x00000000d5a80000, 0x0000000100000000)
  eden space 3072K, 100% used [0x00000000d5580000,0x00000000d5880000,0x00000000d5880000)
  from space 1024K, 31% used [0x00000000d5980000,0x00000000d59d0000,0x00000000d5a80000)
  to   space 1024K, 0% used [0x00000000d5880000,0x00000000d5880000,0x00000000d5980000)
 ParOldGen       total 145920K, used 145701K [0x0000000080000000, 0x0000000088e80000, 0x00000000d5580000)
  object space 145920K, 99% used [0x0000000080000000,0x0000000088e49610,0x0000000088e80000)
 Metaspace       used 70608K, committed 72192K, reserved 1114112K
  class space    used 7357K, committed 8064K, reserved 1048576K
}
Event: 17.360 GC heap after
{Heap after GC invocations=216 (full 3):
 PSYoungGen      total 4096K, used 224K [0x00000000d5580000, 0x00000000d5a00000, 0x0000000100000000)
  eden space 3072K, 0% used [0x00000000d5580000,0x00000000d5580000,0x00000000d5880000)
  from space 1024K, 21% used [0x00000000d5880000,0x00000000d58b8000,0x00000000d5980000)
  to   space 512K, 0% used [0x00000000d5980000,0x00000000d5980000,0x00000000d5a00000)
 ParOldGen       total 145920K, used 145869K [0x0000000080000000, 0x0000000088e80000, 0x00000000d5580000)
  object space 145920K, 99% used [0x0000000080000000,0x0000000088e73610,0x0000000088e80000)
 Metaspace       used 70608K, committed 72192K, reserved 1114112K
  class space    used 7357K, committed 8064K, reserved 1048576K
}
Event: 17.436 GC heap before
{Heap before GC invocations=217 (full 3):
 PSYoungGen      total 4096K, used 3296K [0x00000000d5580000, 0x00000000d5a00000, 0x0000000100000000)
  eden space 3072K, 100% used [0x00000000d5580000,0x00000000d5880000,0x00000000d5880000)
  from space 1024K, 21% used [0x00000000d5880000,0x00000000d58b8000,0x00000000d5980000)
  to   space 512K, 0% used [0x00000000d5980000,0x00000000d5980000,0x00000000d5a00000)
 ParOldGen       total 145920K, used 145869K [0x0000000080000000, 0x0000000088e80000, 0x00000000d5580000)
  object space 145920K, 99% used [0x0000000080000000,0x0000000088e73610,0x0000000088e80000)
 Metaspace       used 70611K, committed 72192K, reserved 1114112K
  class space    used 7357K, committed 8064K, reserved 1048576K
}
Event: 17.437 GC heap after
{Heap after GC invocations=217 (full 3):
 PSYoungGen      total 3584K, used 512K [0x00000000d5580000, 0x00000000d5a80000, 0x0000000100000000)
  eden space 3072K, 0% used [0x00000000d5580000,0x00000000d5580000,0x00000000d5880000)
  from space 512K, 100% used [0x00000000d5980000,0x00000000d5a00000,0x00000000d5a00000)
  to   space 1024K, 0% used [0x00000000d5880000,0x00000000d5880000,0x00000000d5980000)
 ParOldGen       total 146432K, used 145933K [0x0000000080000000, 0x0000000088f00000, 0x00000000d5580000)
  object space 146432K, 99% used [0x0000000080000000,0x0000000088e83610,0x0000000088f00000)
 Metaspace       used 70611K, committed 72192K, reserved 1114112K
  class space    used 7357K, committed 8064K, reserved 1048576K
}
Event: 17.456 GC heap before
{Heap before GC invocations=218 (full 3):
 PSYoungGen      total 3584K, used 2752K [0x00000000d5580000, 0x00000000d5a80000, 0x0000000100000000)
  eden space 3072K, 72% used [0x00000000d5580000,0x00000000d57b03d0,0x00000000d5880000)
  from space 512K, 100% used [0x00000000d5980000,0x00000000d5a00000,0x00000000d5a00000)
  to   space 1024K, 0% used [0x00000000d5880000,0x00000000d5880000,0x00000000d5980000)
 ParOldGen       total 146432K, used 145933K [0x0000000080000000, 0x0000000088f00000, 0x00000000d5580000)
  object space 146432K, 99% used [0x0000000080000000,0x0000000088e83610,0x0000000088f00000)
 Metaspace       used 70622K, committed 72192K, reserved 1114112K
  class space    used 7357K, committed 8064K, reserved 1048576K
}
Event: 17.457 GC heap after
{Heap after GC invocations=218 (full 3):
 PSYoungGen      total 4096K, used 538K [0x00000000d5580000, 0x00000000d5a80000, 0x0000000100000000)
  eden space 3072K, 0% used [0x00000000d5580000,0x00000000d5580000,0x00000000d5880000)
  from space 1024K, 52% used [0x00000000d5880000,0x00000000d5906900,0x00000000d5980000)
  to   space 1024K, 0% used [0x00000000d5980000,0x00000000d5980000,0x00000000d5a80000)
 ParOldGen       total 146432K, used 146301K [0x0000000080000000, 0x0000000088f00000, 0x00000000d5580000)
  object space 146432K, 99% used [0x0000000080000000,0x0000000088edf610,0x0000000088f00000)
 Metaspace       used 70622K, committed 72192K, reserved 1114112K
  class space    used 7357K, committed 8064K, reserved 1048576K
}
Event: 17.467 GC heap before
{Heap before GC invocations=219 (full 3):
 PSYoungGen      total 4096K, used 3205K [0x00000000d5580000, 0x00000000d5a80000, 0x0000000100000000)
  eden space 3072K, 86% used [0x00000000d5580000,0x00000000d581adf0,0x00000000d5880000)
  from space 1024K, 52% used [0x00000000d5880000,0x00000000d5906900,0x00000000d5980000)
  to   space 1024K, 0% used [0x00000000d5980000,0x00000000d5980000,0x00000000d5a80000)
 ParOldGen       total 146432K, used 146301K [0x0000000080000000, 0x0000000088f00000, 0x00000000d5580000)
  object space 146432K, 99% used [0x0000000080000000,0x0000000088edf610,0x0000000088f00000)
 Metaspace       used 70623K, committed 72192K, reserved 1114112K
  class space    used 7357K, committed 8064K, reserved 1048576K
}
Event: 17.469 GC heap after
{Heap after GC invocations=219 (full 3):
 PSYoungGen      total 3584K, used 288K [0x00000000d5580000, 0x00000000d5a00000, 0x0000000100000000)
  eden space 3072K, 0% used [0x00000000d5580000,0x00000000d5580000,0x00000000d5880000)
  from space 512K, 56% used [0x00000000d5980000,0x00000000d59c8000,0x00000000d5a00000)
  to   space 512K, 0% used [0x00000000d5900000,0x00000000d5900000,0x00000000d5980000)
 ParOldGen       total 146944K, used 146714K [0x0000000080000000, 0x0000000088f80000, 0x00000000d5580000)
  object space 146944K, 99% used [0x0000000080000000,0x0000000088f46810,0x0000000088f80000)
 Metaspace       used 70623K, committed 72192K, reserved 1114112K
  class space    used 7357K, committed 8064K, reserved 1048576K
}
Event: 17.475 GC heap before
{Heap before GC invocations=220 (full 3):
 PSYoungGen      total 3584K, used 3360K [0x00000000d5580000, 0x00000000d5a00000, 0x0000000100000000)
  eden space 3072K, 100% used [0x00000000d5580000,0x00000000d5880000,0x00000000d5880000)
  from space 512K, 56% used [0x00000000d5980000,0x00000000d59c8000,0x00000000d5a00000)
  to   space 512K, 0% used [0x00000000d5900000,0x00000000d5900000,0x00000000d5980000)
 ParOldGen       total 146944K, used 146714K [0x0000000080000000, 0x0000000088f80000, 0x00000000d5580000)
  object space 146944K, 99% used [0x0000000080000000,0x0000000088f46810,0x0000000088f80000)
 Metaspace       used 70623K, committed 72192K, reserved 1114112K
  class space    used 7357K, committed 8064K, reserved 1048576K
}
Event: 17.476 GC heap after
{Heap after GC invocations=220 (full 3):
 PSYoungGen      total 3584K, used 224K [0x00000000d5580000, 0x00000000d5a00000, 0x0000000100000000)
  eden space 3072K, 0% used [0x00000000d5580000,0x00000000d5580000,0x00000000d5880000)
  from space 512K, 43% used [0x00000000d5900000,0x00000000d5938000,0x00000000d5980000)
  to   space 512K, 0% used [0x00000000d5980000,0x00000000d5980000,0x00000000d5a00000)
 ParOldGen       total 146944K, used 146866K [0x0000000080000000, 0x0000000088f80000, 0x00000000d5580000)
  object space 146944K, 99% used [0x0000000080000000,0x0000000088f6c810,0x0000000088f80000)
 Metaspace       used 70623K, committed 72192K, reserved 1114112K
  class space    used 7357K, committed 8064K, reserved 1048576K
}
Event: 17.505 GC heap before
{Heap before GC invocations=221 (full 3):
 PSYoungGen      total 3584K, used 3296K [0x00000000d5580000, 0x00000000d5a00000, 0x0000000100000000)
  eden space 3072K, 100% used [0x00000000d5580000,0x00000000d5880000,0x00000000d5880000)
  from space 512K, 43% used [0x00000000d5900000,0x00000000d5938000,0x00000000d5980000)
  to   space 512K, 0% used [0x00000000d5980000,0x00000000d5980000,0x00000000d5a00000)
 ParOldGen       total 146944K, used 146866K [0x0000000080000000, 0x0000000088f80000, 0x00000000d5580000)
  object space 146944K, 99% used [0x0000000080000000,0x0000000088f6c810,0x0000000088f80000)
 Metaspace       used 70623K, committed 72192K, reserved 1114112K
  class space    used 7357K, committed 8064K, reserved 1048576K
}
Event: 17.506 GC heap after
{Heap after GC invocations=221 (full 3):
 PSYoungGen      total 3584K, used 512K [0x00000000d5580000, 0x00000000d5a80000, 0x0000000100000000)
  eden space 3072K, 0% used [0x00000000d5580000,0x00000000d5580000,0x00000000d5880000)
  from space 512K, 100% used [0x00000000d5980000,0x00000000d5a00000,0x00000000d5a00000)
  to   space 1024K, 0% used [0x00000000d5880000,0x00000000d5880000,0x00000000d5980000)
 ParOldGen       total 146944K, used 146938K [0x0000000080000000, 0x0000000088f80000, 0x00000000d5580000)
  object space 146944K, 99% used [0x0000000080000000,0x0000000088f7e810,0x0000000088f80000)
 Metaspace       used 70623K, committed 72192K, reserved 1114112K
  class space    used 7357K, committed 8064K, reserved 1048576K
}
Event: 17.526 GC heap before
{Heap before GC invocations=222 (full 3):
 PSYoungGen      total 3584K, used 2759K [0x00000000d5580000, 0x00000000d5a80000, 0x0000000100000000)
  eden space 3072K, 73% used [0x00000000d5580000,0x00000000d57b1fe8,0x00000000d5880000)
  from space 512K, 100% used [0x00000000d5980000,0x00000000d5a00000,0x00000000d5a00000)
  to   space 1024K, 0% used [0x00000000d5880000,0x00000000d5880000,0x00000000d5980000)
 ParOldGen       total 146944K, used 146938K [0x0000000080000000, 0x0000000088f80000, 0x00000000d5580000)
  object space 146944K, 99% used [0x0000000080000000,0x0000000088f7e810,0x0000000088f80000)
 Metaspace       used 70626K, committed 72192K, reserved 1114112K
  class space    used 7357K, committed 8064K, reserved 1048576K
}
Event: 17.527 GC heap after
{Heap after GC invocations=222 (full 3):
 PSYoungGen      total 4096K, used 544K [0x00000000d5580000, 0x00000000d5a80000, 0x0000000100000000)
  eden space 3072K, 0% used [0x00000000d5580000,0x00000000d5580000,0x00000000d5880000)
  from space 1024K, 53% used [0x00000000d5880000,0x00000000d5908000,0x00000000d5980000)
  to   space 1024K, 0% used [0x00000000d5980000,0x00000000d5980000,0x00000000d5a80000)
 ParOldGen       total 147456K, used 147298K [0x0000000080000000, 0x0000000089000000, 0x00000000d5580000)
  object space 147456K, 99% used [0x0000000080000000,0x0000000088fd8810,0x0000000089000000)
 Metaspace       used 70626K, committed 72192K, reserved 1114112K
  class space    used 7357K, committed 8064K, reserved 1048576K
}
Event: 17.537 GC heap before
{Heap before GC invocations=223 (full 3):
 PSYoungGen      total 4096K, used 3030K [0x00000000d5580000, 0x00000000d5a80000, 0x0000000100000000)
  eden space 3072K, 80% used [0x00000000d5580000,0x00000000d57edaf8,0x00000000d5880000)
  from space 1024K, 53% used [0x00000000d5880000,0x00000000d5908000,0x00000000d5980000)
  to   space 1024K, 0% used [0x00000000d5980000,0x00000000d5980000,0x00000000d5a80000)
 ParOldGen       total 147456K, used 147298K [0x0000000080000000, 0x0000000089000000, 0x00000000d5580000)
  object space 147456K, 99% used [0x0000000080000000,0x0000000088fd8810,0x0000000089000000)
 Metaspace       used 70626K, committed 72192K, reserved 1114112K
  class space    used 7357K, committed 8064K, reserved 1048576K
}
Event: 17.538 GC heap after
{Heap after GC invocations=223 (full 3):
 PSYoungGen      total 3584K, used 128K [0x00000000d5580000, 0x00000000d5a00000, 0x0000000100000000)
  eden space 3072K, 0% used [0x00000000d5580000,0x00000000d5580000,0x00000000d5880000)
  from space 512K, 25% used [0x00000000d5980000,0x00000000d59a0000,0x00000000d5a00000)
  to   space 512K, 0% used [0x00000000d5900000,0x00000000d5900000,0x00000000d5980000)
 ParOldGen       total 147968K, used 147722K [0x0000000080000000, 0x0000000089080000, 0x00000000d5580000)
  object space 147968K, 99% used [0x0000000080000000,0x0000000089042810,0x0000000089080000)
 Metaspace       used 70626K, committed 72192K, reserved 1114112K
  class space    used 7357K, committed 8064K, reserved 1048576K
}
Event: 17.555 GC heap before
{Heap before GC invocations=224 (full 3):
 PSYoungGen      total 3584K, used 3197K [0x00000000d5580000, 0x00000000d5a00000, 0x0000000100000000)
  eden space 3072K, 99% used [0x00000000d5580000,0x00000000d587f490,0x00000000d5880000)
  from space 512K, 25% used [0x00000000d5980000,0x00000000d59a0000,0x00000000d5a00000)
  to   space 512K, 0% used [0x00000000d5900000,0x00000000d5900000,0x00000000d5980000)
 ParOldGen       total 147968K, used 147722K [0x0000000080000000, 0x0000000089080000, 0x00000000d5580000)
  object space 147968K, 99% used [0x0000000080000000,0x0000000089042810,0x0000000089080000)
 Metaspace       used 70644K, committed 72256K, reserved 1114112K
  class space    used 7359K, committed 8064K, reserved 1048576K
}
Event: 17.556 GC heap after
{Heap after GC invocations=224 (full 3):
 PSYoungGen      total 3584K, used 432K [0x00000000d5580000, 0x00000000d5a00000, 0x0000000100000000)
  eden space 3072K, 0% used [0x00000000d5580000,0x00000000d5580000,0x00000000d5880000)
  from space 512K, 84% used [0x00000000d5900000,0x00000000d596c010,0x00000000d5980000)
  to   space 512K, 0% used [0x00000000d5980000,0x00000000d5980000,0x00000000d5a00000)
 ParOldGen       total 147968K, used 147730K [0x0000000080000000, 0x0000000089080000, 0x00000000d5580000)
  object space 147968K, 99% used [0x0000000080000000,0x0000000089044810,0x0000000089080000)
 Metaspace       used 70644K, committed 72256K, reserved 1114112K
  class space    used 7359K, committed 8064K, reserved 1048576K
}

