# JRE version: OpenJDK Runtime Environment Temurin-21.0.8+9 (21.0.8+9) (build 21.0.8+9-LTS)
# Java VM: OpenJDK 64-Bit Server VM Temurin-21.0.8+9 (21.0.8+9-LTS, mixed mode, sharing, tiered, compressed oops, compressed class ptrs, parallel gc, windows-amd64)
GC Precious Log:
 CardTable entry size: 512
 CPUs: 12 total, 12 available
 Memory: 7895M
 Large Page Support: Disabled
 NUMA Support: Disabled
 Compressed Oops: Enabled (32-bit)
 Alignments: Space 512K, Generation 512K, Heap 2M
 Heap Min Capacity: 100M
 Heap Initial Capacity: 100M
 Heap Max Capacity: 2G
 Pre-touch: Disabled
 Parallel Workers: 10
Heap:
 PSYoungGen      total 10240K, used 6684K [0x00000000d5580000, 0x00000000d6180000, 0x0000000100000000)
  eden space 7680K, 77% used [0x00000000d5580000,0x00000000d5b49fb0,0x00000000d5d00000)
  from space 2560K, 29% used [0x00000000d5d00000,0x00000000d5dbd200,0x00000000d5f80000)
  to   space 1536K, 0% used [0x00000000d6000000,0x00000000d6000000,0x00000000d6180000)
 ParOldGen       total 316928K, used 315748K [0x0000000080000000, 0x0000000093580000, 0x00000000d5580000)
  object space 316928K, 99% used [0x0000000080000000,0x0000000093459060,0x0000000093580000)
 Metaspace       used 70197K, committed 71936K, reserved 1114112K
  class space    used 7344K, committed 8128K, reserved 1048576K
GC Heap History (20 events):
Event: 199.825 GC heap before
{Heap before GC invocations=295 (full 3):
 PSYoungGen      total 9216K, used 8941K [0x00000000d5580000, 0x00000000d6000000, 0x0000000100000000)
  eden space 8704K, 99% used [0x00000000d5580000,0x00000000d5df4c80,0x00000000d5e00000)
  from space 512K, 55% used [0x00000000d5f00000,0x00000000d5f46900,0x00000000d5f80000)
  to   space 512K, 0% used [0x00000000d5f80000,0x00000000d5f80000,0x00000000d6000000)
 ParOldGen       total 315392K, used 313796K [0x0000000080000000, 0x0000000093400000, 0x00000000d5580000)
  object space 315392K, 99% used [0x0000000080000000,0x0000000093271200,0x0000000093400000)
 Metaspace       used 70140K, committed 71872K, reserved 1114112K
  class space    used 7340K, committed 8128K, reserved 1048576K
}
Event: 199.827 GC heap after
{Heap after GC invocations=295 (full 3):
 PSYoungGen      total 9216K, used 218K [0x00000000d5580000, 0x00000000d6000000, 0x0000000100000000)
  eden space 8704K, 0% used [0x00000000d5580000,0x00000000d5580000,0x00000000d5e00000)
  from space 512K, 42% used [0x00000000d5f80000,0x00000000d5fb6900,0x00000000d6000000)
  to   space 512K, 0% used [0x00000000d5f00000,0x00000000d5f00000,0x00000000d5f80000)
 ParOldGen       total 315392K, used 313828K [0x0000000080000000, 0x0000000093400000, 0x00000000d5580000)
  object space 315392K, 99% used [0x0000000080000000,0x0000000093279200,0x0000000093400000)
 Metaspace       used 70140K, committed 71872K, reserved 1114112K
  class space    used 7340K, committed 8128K, reserved 1048576K
}
Event: 199.863 GC heap before
{Heap before GC invocations=296 (full 3):
 PSYoungGen      total 9216K, used 8922K [0x00000000d5580000, 0x00000000d6000000, 0x0000000100000000)
  eden space 8704K, 100% used [0x00000000d5580000,0x00000000d5e00000,0x00000000d5e00000)
  from space 512K, 42% used [0x00000000d5f80000,0x00000000d5fb6900,0x00000000d6000000)
  to   space 512K, 0% used [0x00000000d5f00000,0x00000000d5f00000,0x00000000d5f80000)
 ParOldGen       total 315392K, used 313828K [0x0000000080000000, 0x0000000093400000, 0x00000000d5580000)
  object space 315392K, 99% used [0x0000000080000000,0x0000000093279200,0x0000000093400000)
 Metaspace       used 70140K, committed 71872K, reserved 1114112K
  class space    used 7340K, committed 8128K, reserved 1048576K
}
Event: 199.864 GC heap after
{Heap after GC invocations=296 (full 3):
 PSYoungGen      total 9216K, used 282K [0x00000000d5580000, 0x00000000d6000000, 0x0000000100000000)
  eden space 8704K, 0% used [0x00000000d5580000,0x00000000d5580000,0x00000000d5e00000)
  from space 512K, 55% used [0x00000000d5f00000,0x00000000d5f46900,0x00000000d5f80000)
  to   space 512K, 0% used [0x00000000d5f80000,0x00000000d5f80000,0x00000000d6000000)
 ParOldGen       total 315392K, used 313852K [0x0000000080000000, 0x0000000093400000, 0x00000000d5580000)
  object space 315392K, 99% used [0x0000000080000000,0x000000009327f200,0x0000000093400000)
 Metaspace       used 70140K, committed 71872K, reserved 1114112K
  class space    used 7340K, committed 8128K, reserved 1048576K
}
Event: 199.895 GC heap before
{Heap before GC invocations=297 (full 3):
 PSYoungGen      total 9216K, used 8950K [0x00000000d5580000, 0x00000000d6000000, 0x0000000100000000)
  eden space 8704K, 99% used [0x00000000d5580000,0x00000000d5df7078,0x00000000d5e00000)
  from space 512K, 55% used [0x00000000d5f00000,0x00000000d5f46900,0x00000000d5f80000)
  to   space 512K, 0% used [0x00000000d5f80000,0x00000000d5f80000,0x00000000d6000000)
 ParOldGen       total 315392K, used 313852K [0x0000000080000000, 0x0000000093400000, 0x00000000d5580000)
  object space 315392K, 99% used [0x0000000080000000,0x000000009327f200,0x0000000093400000)
 Metaspace       used 70141K, committed 71872K, reserved 1114112K
  class space    used 7340K, committed 8128K, reserved 1048576K
}
Event: 199.896 GC heap after
{Heap after GC invocations=297 (full 3):
 PSYoungGen      total 9216K, used 288K [0x00000000d5580000, 0x00000000d6000000, 0x0000000100000000)
  eden space 8704K, 0% used [0x00000000d5580000,0x00000000d5580000,0x00000000d5e00000)
  from space 512K, 56% used [0x00000000d5f80000,0x00000000d5fc8000,0x00000000d6000000)
  to   space 512K, 0% used [0x00000000d5f00000,0x00000000d5f00000,0x00000000d5f80000)
 ParOldGen       total 315392K, used 313884K [0x0000000080000000, 0x0000000093400000, 0x00000000d5580000)
  object space 315392K, 99% used [0x0000000080000000,0x0000000093287200,0x0000000093400000)
 Metaspace       used 70141K, committed 71872K, reserved 1114112K
  class space    used 7340K, committed 8128K, reserved 1048576K
}
Event: 199.933 GC heap before
{Heap before GC invocations=298 (full 3):
 PSYoungGen      total 9216K, used 8992K [0x00000000d5580000, 0x00000000d6000000, 0x0000000100000000)
  eden space 8704K, 100% used [0x00000000d5580000,0x00000000d5e00000,0x00000000d5e00000)
  from space 512K, 56% used [0x00000000d5f80000,0x00000000d5fc8000,0x00000000d6000000)
  to   space 512K, 0% used [0x00000000d5f00000,0x00000000d5f00000,0x00000000d5f80000)
 ParOldGen       total 315392K, used 313884K [0x0000000080000000, 0x0000000093400000, 0x00000000d5580000)
  object space 315392K, 99% used [0x0000000080000000,0x0000000093287200,0x0000000093400000)
 Metaspace       used 70141K, committed 71872K, reserved 1114112K
  class space    used 7340K, committed 8128K, reserved 1048576K
}
Event: 199.935 GC heap after
{Heap after GC invocations=298 (full 3):
 PSYoungGen      total 9216K, used 282K [0x00000000d5580000, 0x00000000d6000000, 0x0000000100000000)
  eden space 8704K, 0% used [0x00000000d5580000,0x00000000d5580000,0x00000000d5e00000)
  from space 512K, 55% used [0x00000000d5f00000,0x00000000d5f46900,0x00000000d5f80000)
  to   space 512K, 0% used [0x00000000d5f80000,0x00000000d5f80000,0x00000000d6000000)
 ParOldGen       total 315392K, used 313924K [0x0000000080000000, 0x0000000093400000, 0x00000000d5580000)
  object space 315392K, 99% used [0x0000000080000000,0x0000000093291200,0x0000000093400000)
 Metaspace       used 70141K, committed 71872K, reserved 1114112K
  class space    used 7340K, committed 8128K, reserved 1048576K
}
Event: 199.971 GC heap before
{Heap before GC invocations=299 (full 3):
 PSYoungGen      total 9216K, used 8954K [0x00000000d5580000, 0x00000000d6000000, 0x0000000100000000)
  eden space 8704K, 99% used [0x00000000d5580000,0x00000000d5df7f28,0x00000000d5e00000)
  from space 512K, 55% used [0x00000000d5f00000,0x00000000d5f46900,0x00000000d5f80000)
  to   space 512K, 0% used [0x00000000d5f80000,0x00000000d5f80000,0x00000000d6000000)
 ParOldGen       total 315392K, used 313924K [0x0000000080000000, 0x0000000093400000, 0x00000000d5580000)
  object space 315392K, 99% used [0x0000000080000000,0x0000000093291200,0x0000000093400000)
 Metaspace       used 70147K, committed 71936K, reserved 1114112K
  class space    used 7340K, committed 8128K, reserved 1048576K
}
Event: 199.972 GC heap after
{Heap after GC invocations=299 (full 3):
 PSYoungGen      total 9216K, used 224K [0x00000000d5580000, 0x00000000d6000000, 0x0000000100000000)
  eden space 8704K, 0% used [0x00000000d5580000,0x00000000d5580000,0x00000000d5e00000)
  from space 512K, 43% used [0x00000000d5f80000,0x00000000d5fb8000,0x00000000d6000000)
  to   space 512K, 0% used [0x00000000d5f00000,0x00000000d5f00000,0x00000000d5f80000)
 ParOldGen       total 315392K, used 313972K [0x0000000080000000, 0x0000000093400000, 0x00000000d5580000)
  object space 315392K, 99% used [0x0000000080000000,0x000000009329d200,0x0000000093400000)
 Metaspace       used 70147K, committed 71936K, reserved 1114112K
  class space    used 7340K, committed 8128K, reserved 1048576K
}
Event: 200.007 GC heap before
{Heap before GC invocations=300 (full 3):
 PSYoungGen      total 9216K, used 8928K [0x00000000d5580000, 0x00000000d6000000, 0x0000000100000000)
  eden space 8704K, 100% used [0x00000000d5580000,0x00000000d5e00000,0x00000000d5e00000)
  from space 512K, 43% used [0x00000000d5f80000,0x00000000d5fb8000,0x00000000d6000000)
  to   space 512K, 0% used [0x00000000d5f00000,0x00000000d5f00000,0x00000000d5f80000)
 ParOldGen       total 315392K, used 313972K [0x0000000080000000, 0x0000000093400000, 0x00000000d5580000)
  object space 315392K, 99% used [0x0000000080000000,0x000000009329d200,0x0000000093400000)
 Metaspace       used 70147K, committed 71936K, reserved 1114112K
  class space    used 7340K, committed 8128K, reserved 1048576K
}
Event: 200.008 GC heap after
{Heap after GC invocations=300 (full 3):
 PSYoungGen      total 9216K, used 346K [0x00000000d5580000, 0x00000000d6000000, 0x0000000100000000)
  eden space 8704K, 0% used [0x00000000d5580000,0x00000000d5580000,0x00000000d5e00000)
  from space 512K, 67% used [0x00000000d5f00000,0x00000000d5f56900,0x00000000d5f80000)
  to   space 512K, 0% used [0x00000000d5f80000,0x00000000d5f80000,0x00000000d6000000)
 ParOldGen       total 315392K, used 314012K [0x0000000080000000, 0x0000000093400000, 0x00000000d5580000)
  object space 315392K, 99% used [0x0000000080000000,0x00000000932a7200,0x0000000093400000)
 Metaspace       used 70147K, committed 71936K, reserved 1114112K
  class space    used 7340K, committed 8128K, reserved 1048576K
}
Event: 200.050 GC heap before
{Heap before GC invocations=301 (full 3):
 PSYoungGen      total 9216K, used 9050K [0x00000000d5580000, 0x00000000d6000000, 0x0000000100000000)
  eden space 8704K, 100% used [0x00000000d5580000,0x00000000d5e00000,0x00000000d5e00000)
  from space 512K, 67% used [0x00000000d5f00000,0x00000000d5f56900,0x00000000d5f80000)
  to   space 512K, 0% used [0x00000000d5f80000,0x00000000d5f80000,0x00000000d6000000)
 ParOldGen       total 315392K, used 314012K [0x0000000080000000, 0x0000000093400000, 0x00000000d5580000)
  object space 315392K, 99% used [0x0000000080000000,0x00000000932a7200,0x0000000093400000)
 Metaspace       used 70148K, committed 71936K, reserved 1114112K
  class space    used 7340K, committed 8128K, reserved 1048576K
}
Event: 200.052 GC heap after
{Heap after GC invocations=301 (full 3):
 PSYoungGen      total 9216K, used 250K [0x00000000d5580000, 0x00000000d6000000, 0x0000000100000000)
  eden space 8704K, 0% used [0x00000000d5580000,0x00000000d5580000,0x00000000d5e00000)
  from space 512K, 48% used [0x00000000d5f80000,0x00000000d5fbe900,0x00000000d6000000)
  to   space 512K, 0% used [0x00000000d5f00000,0x00000000d5f00000,0x00000000d5f80000)
 ParOldGen       total 315392K, used 314044K [0x0000000080000000, 0x0000000093400000, 0x00000000d5580000)
  object space 315392K, 99% used [0x0000000080000000,0x00000000932af200,0x0000000093400000)
 Metaspace       used 70148K, committed 71936K, reserved 1114112K
  class space    used 7340K, committed 8128K, reserved 1048576K
}
Event: 200.088 GC heap before
{Heap before GC invocations=302 (full 3):
 PSYoungGen      total 9216K, used 8349K [0x00000000d5580000, 0x00000000d6000000, 0x0000000100000000)
  eden space 8704K, 93% used [0x00000000d5580000,0x00000000d5d68be8,0x00000000d5e00000)
  from space 512K, 48% used [0x00000000d5f80000,0x00000000d5fbe900,0x00000000d6000000)
  to   space 512K, 0% used [0x00000000d5f00000,0x00000000d5f00000,0x00000000d5f80000)
 ParOldGen       total 315392K, used 314044K [0x0000000080000000, 0x0000000093400000, 0x00000000d5580000)
  object space 315392K, 99% used [0x0000000080000000,0x00000000932af200,0x0000000093400000)
 Metaspace       used 70148K, committed 71936K, reserved 1114112K
  class space    used 7340K, committed 8128K, reserved 1048576K
}
Event: 200.089 GC heap after
{Heap after GC invocations=302 (full 3):
 PSYoungGen      total 9216K, used 256K [0x00000000d5580000, 0x00000000d6000000, 0x0000000100000000)
  eden space 8704K, 0% used [0x00000000d5580000,0x00000000d5580000,0x00000000d5e00000)
  from space 512K, 50% used [0x00000000d5f00000,0x00000000d5f40000,0x00000000d5f80000)
  to   space 512K, 0% used [0x00000000d5f80000,0x00000000d5f80000,0x00000000d6000000)
 ParOldGen       total 315392K, used 314068K [0x0000000080000000, 0x0000000093400000, 0x00000000d5580000)
  object space 315392K, 99% used [0x0000000080000000,0x00000000932b5200,0x0000000093400000)
 Metaspace       used 70148K, committed 71936K, reserved 1114112K
  class space    used 7340K, committed 8128K, reserved 1048576K
}
Event: 200.120 GC heap before
{Heap before GC invocations=303 (full 3):
 PSYoungGen      total 9216K, used 8894K [0x00000000d5580000, 0x00000000d6000000, 0x0000000100000000)
  eden space 8704K, 99% used [0x00000000d5580000,0x00000000d5def868,0x00000000d5e00000)
  from space 512K, 50% used [0x00000000d5f00000,0x00000000d5f40000,0x00000000d5f80000)
  to   space 512K, 0% used [0x00000000d5f80000,0x00000000d5f80000,0x00000000d6000000)
 ParOldGen       total 315392K, used 314068K [0x0000000080000000, 0x0000000093400000, 0x00000000d5580000)
  object space 315392K, 99% used [0x0000000080000000,0x00000000932b5200,0x0000000093400000)
 Metaspace       used 70148K, committed 71936K, reserved 1114112K
  class space    used 7340K, committed 8128K, reserved 1048576K
}
Event: 201.125 GC heap after
{Heap after GC invocations=303 (full 3):
 PSYoungGen      total 8192K, used 509K [0x00000000d5580000, 0x00000000d6500000, 0x0000000100000000)
  eden space 7680K, 0% used [0x00000000d5580000,0x00000000d5580000,0x00000000d5d00000)
  from space 512K, 99% used [0x00000000d5f80000,0x00000000d5fff438,0x00000000d6000000)
  to   space 2560K, 0% used [0x00000000d5d00000,0x00000000d5d00000,0x00000000d5f80000)
 ParOldGen       total 316928K, used 315649K [0x0000000080000000, 0x0000000093580000, 0x00000000d5580000)
  object space 316928K, 99% used [0x0000000080000000,0x0000000093440760,0x0000000093580000)
 Metaspace       used 70148K, committed 71936K, reserved 1114112K
  class space    used 7340K, committed 8128K, reserved 1048576K
}
Event: 201.296 GC heap before
{Heap before GC invocations=304 (full 3):
 PSYoungGen      total 8192K, used 8189K [0x00000000d5580000, 0x00000000d6500000, 0x0000000100000000)
  eden space 7680K, 100% used [0x00000000d5580000,0x00000000d5d00000,0x00000000d5d00000)
  from space 512K, 99% used [0x00000000d5f80000,0x00000000d5fff438,0x00000000d6000000)
  to   space 2560K, 0% used [0x00000000d5d00000,0x00000000d5d00000,0x00000000d5f80000)
 ParOldGen       total 316928K, used 315649K [0x0000000080000000, 0x0000000093580000, 0x00000000d5580000)
  object space 316928K, 99% used [0x0000000080000000,0x0000000093440760,0x0000000093580000)
 Metaspace       used 70192K, committed 71936K, reserved 1114112K
  class space    used 7344K, committed 8128K, reserved 1048576K
}
Event: 201.299 GC heap after
{Heap after GC invocations=304 (full 3):
 PSYoungGen      total 10240K, used 756K [0x00000000d5580000, 0x00000000d6180000, 0x0000000100000000)
  eden space 7680K, 0% used [0x00000000d5580000,0x00000000d5580000,0x00000000d5d00000)
  from space 2560K, 29% used [0x00000000d5d00000,0x00000000d5dbd200,0x00000000d5f80000)
  to   space 1536K, 0% used [0x00000000d6000000,0x00000000d6000000,0x00000000d6180000)
 ParOldGen       total 316928K, used 315748K [0x0000000080000000, 0x0000000093580000, 0x00000000d5580000)
  object space 316928K, 99% used [0x0000000080000000,0x0000000093459060,0x0000000093580000)
 Metaspace       used 70192K, committed 71936K, reserved 1114112K
  class space    used 7344K, committed 8128K, reserved 1048576K
}

