# JRE version: OpenJDK Runtime Environment Temurin-21.0.8+9 (21.0.8+9) (build 21.0.8+9-LTS)
# Java VM: OpenJDK 64-Bit Server VM Temurin-21.0.8+9 (21.0.8+9-LTS, mixed mode, sharing, tiered, compressed oops, compressed class ptrs, parallel gc, windows-amd64)
GC Precious Log:
 CardTable entry size: 512
 CPUs: 12 total, 12 available
 Memory: 7895M
 Large Page Support: Disabled
 NUMA Support: Disabled
 Compressed Oops: Enabled (32-bit)
 Alignments: Space 512K, Generation 512K, Heap 2M
 Heap Min Capacity: 100M
 Heap Initial Capacity: 100M
 Heap Max Capacity: 2G
 Pre-touch: Disabled
 Parallel Workers: 10
Heap:
 PSYoungGen      total 1536K, used 1112K [0x00000000d5580000, 0x00000000d5780000, 0x0000000100000000)
  eden space 1024K, 77% used [0x00000000d5580000,0x00000000d5646320,0x00000000d5680000)
  from space 512K, 62% used [0x00000000d5680000,0x00000000d56d0020,0x00000000d5700000)
  to   space 512K, 0% used [0x00000000d5700000,0x00000000d5700000,0x00000000d5780000)
 ParOldGen       total 269824K, used 269590K [0x0000000080000000, 0x0000000090780000, 0x00000000d5580000)
  object space 269824K, 99% used [0x0000000080000000,0x0000000090745870,0x0000000090780000)
 Metaspace       used 77371K, committed 79104K, reserved 1179648K
  class space    used 8189K, committed 8960K, reserved 1048576K
GC Heap History (20 events):
Event: 1754.157 GC heap after
{Heap after GC invocations=229 (full 3):
 PSYoungGen      total 1536K, used 342K [0x00000000d5580000, 0x00000000d5780000, 0x0000000100000000)
  eden space 1024K, 0% used [0x00000000d5580000,0x00000000d5580000,0x00000000d5680000)
  from space 512K, 66% used [0x00000000d5700000,0x00000000d5755928,0x00000000d5780000)
  to   space 512K, 0% used [0x00000000d5680000,0x00000000d5680000,0x00000000d5700000)
 ParOldGen       total 268800K, used 268544K [0x0000000080000000, 0x0000000090680000, 0x00000000d5580000)
  object space 268800K, 99% used [0x0000000080000000,0x00000000906402d8,0x0000000090680000)
 Metaspace       used 76240K, committed 77952K, reserved 1179648K
  class space    used 8038K, committed 8832K, reserved 1048576K
}
Event: 1754.211 GC heap before
{Heap before GC invocations=230 (full 3):
 PSYoungGen      total 1536K, used 1366K [0x00000000d5580000, 0x00000000d5780000, 0x0000000100000000)
  eden space 1024K, 100% used [0x00000000d5580000,0x00000000d5680000,0x00000000d5680000)
  from space 512K, 66% used [0x00000000d5700000,0x00000000d5755928,0x00000000d5780000)
  to   space 512K, 0% used [0x00000000d5680000,0x00000000d5680000,0x00000000d5700000)
 ParOldGen       total 268800K, used 268544K [0x0000000080000000, 0x0000000090680000, 0x00000000d5580000)
  object space 268800K, 99% used [0x0000000080000000,0x00000000906402d8,0x0000000090680000)
 Metaspace       used 76287K, committed 78016K, reserved 1179648K
  class space    used 8042K, committed 8832K, reserved 1048576K
}
Event: 1754.213 GC heap after
{Heap after GC invocations=230 (full 3):
 PSYoungGen      total 1536K, used 320K [0x00000000d5580000, 0x00000000d5780000, 0x0000000100000000)
  eden space 1024K, 0% used [0x00000000d5580000,0x00000000d5580000,0x00000000d5680000)
  from space 512K, 62% used [0x00000000d5680000,0x00000000d56d0010,0x00000000d5700000)
  to   space 512K, 0% used [0x00000000d5700000,0x00000000d5700000,0x00000000d5780000)
 ParOldGen       total 268800K, used 268703K [0x0000000080000000, 0x0000000090680000, 0x00000000d5580000)
  object space 268800K, 99% used [0x0000000080000000,0x0000000090667c00,0x0000000090680000)
 Metaspace       used 76287K, committed 78016K, reserved 1179648K
  class space    used 8042K, committed 8832K, reserved 1048576K
}
Event: 1754.248 GC heap before
{Heap before GC invocations=231 (full 3):
 PSYoungGen      total 1536K, used 1344K [0x00000000d5580000, 0x00000000d5780000, 0x0000000100000000)
  eden space 1024K, 100% used [0x00000000d5580000,0x00000000d5680000,0x00000000d5680000)
  from space 512K, 62% used [0x00000000d5680000,0x00000000d56d0010,0x00000000d5700000)
  to   space 512K, 0% used [0x00000000d5700000,0x00000000d5700000,0x00000000d5780000)
 ParOldGen       total 268800K, used 268703K [0x0000000080000000, 0x0000000090680000, 0x00000000d5580000)
  object space 268800K, 99% used [0x0000000080000000,0x0000000090667c00,0x0000000090680000)
 Metaspace       used 76455K, committed 78144K, reserved 1179648K
  class space    used 8060K, committed 8832K, reserved 1048576K
}
Event: 1754.249 GC heap after
{Heap after GC invocations=231 (full 3):
 PSYoungGen      total 1536K, used 320K [0x00000000d5580000, 0x00000000d5780000, 0x0000000100000000)
  eden space 1024K, 0% used [0x00000000d5580000,0x00000000d5580000,0x00000000d5680000)
  from space 512K, 62% used [0x00000000d5700000,0x00000000d5750000,0x00000000d5780000)
  to   space 512K, 0% used [0x00000000d5680000,0x00000000d5680000,0x00000000d5700000)
 ParOldGen       total 268800K, used 268797K [0x0000000080000000, 0x0000000090680000, 0x00000000d5580000)
  object space 268800K, 99% used [0x0000000080000000,0x000000009067f6e8,0x0000000090680000)
 Metaspace       used 76455K, committed 78144K, reserved 1179648K
  class space    used 8060K, committed 8832K, reserved 1048576K
}
Event: 1754.284 GC heap before
{Heap before GC invocations=232 (full 3):
 PSYoungGen      total 1536K, used 1344K [0x00000000d5580000, 0x00000000d5780000, 0x0000000100000000)
  eden space 1024K, 100% used [0x00000000d5580000,0x00000000d5680000,0x00000000d5680000)
  from space 512K, 62% used [0x00000000d5700000,0x00000000d5750000,0x00000000d5780000)
  to   space 512K, 0% used [0x00000000d5680000,0x00000000d5680000,0x00000000d5700000)
 ParOldGen       total 268800K, used 268797K [0x0000000080000000, 0x0000000090680000, 0x00000000d5580000)
  object space 268800K, 99% used [0x0000000080000000,0x000000009067f6e8,0x0000000090680000)
 Metaspace       used 76646K, committed 78336K, reserved 1179648K
  class space    used 8077K, committed 8832K, reserved 1048576K
}
Event: 1754.285 GC heap after
{Heap after GC invocations=232 (full 3):
 PSYoungGen      total 1536K, used 224K [0x00000000d5580000, 0x00000000d5780000, 0x0000000100000000)
  eden space 1024K, 0% used [0x00000000d5580000,0x00000000d5580000,0x00000000d5680000)
  from space 512K, 43% used [0x00000000d5680000,0x00000000d56b8000,0x00000000d5700000)
  to   space 512K, 0% used [0x00000000d5700000,0x00000000d5700000,0x00000000d5780000)
 ParOldGen       total 269312K, used 268853K [0x0000000080000000, 0x0000000090700000, 0x00000000d5580000)
  object space 269312K, 99% used [0x0000000080000000,0x000000009068d6e8,0x0000000090700000)
 Metaspace       used 76646K, committed 78336K, reserved 1179648K
  class space    used 8077K, committed 8832K, reserved 1048576K
}
Event: 1754.316 GC heap before
{Heap before GC invocations=233 (full 3):
 PSYoungGen      total 1536K, used 1248K [0x00000000d5580000, 0x00000000d5780000, 0x0000000100000000)
  eden space 1024K, 100% used [0x00000000d5580000,0x00000000d5680000,0x00000000d5680000)
  from space 512K, 43% used [0x00000000d5680000,0x00000000d56b8000,0x00000000d5700000)
  to   space 512K, 0% used [0x00000000d5700000,0x00000000d5700000,0x00000000d5780000)
 ParOldGen       total 269312K, used 268853K [0x0000000080000000, 0x0000000090700000, 0x00000000d5580000)
  object space 269312K, 99% used [0x0000000080000000,0x000000009068d6e8,0x0000000090700000)
 Metaspace       used 76809K, committed 78528K, reserved 1179648K
  class space    used 8104K, committed 8896K, reserved 1048576K
}
Event: 1754.317 GC heap after
{Heap after GC invocations=233 (full 3):
 PSYoungGen      total 1536K, used 224K [0x00000000d5580000, 0x00000000d5780000, 0x0000000100000000)
  eden space 1024K, 0% used [0x00000000d5580000,0x00000000d5580000,0x00000000d5680000)
  from space 512K, 43% used [0x00000000d5700000,0x00000000d5738000,0x00000000d5780000)
  to   space 512K, 0% used [0x00000000d5680000,0x00000000d5680000,0x00000000d5700000)
 ParOldGen       total 269312K, used 268925K [0x0000000080000000, 0x0000000090700000, 0x00000000d5580000)
  object space 269312K, 99% used [0x0000000080000000,0x000000009069f6e8,0x0000000090700000)
 Metaspace       used 76809K, committed 78528K, reserved 1179648K
  class space    used 8104K, committed 8896K, reserved 1048576K
}
Event: 1754.338 GC heap before
{Heap before GC invocations=234 (full 3):
 PSYoungGen      total 1536K, used 1221K [0x00000000d5580000, 0x00000000d5780000, 0x0000000100000000)
  eden space 1024K, 97% used [0x00000000d5580000,0x00000000d5679428,0x00000000d5680000)
  from space 512K, 43% used [0x00000000d5700000,0x00000000d5738000,0x00000000d5780000)
  to   space 512K, 0% used [0x00000000d5680000,0x00000000d5680000,0x00000000d5700000)
 ParOldGen       total 269312K, used 268925K [0x0000000080000000, 0x0000000090700000, 0x00000000d5580000)
  object space 269312K, 99% used [0x0000000080000000,0x000000009069f6e8,0x0000000090700000)
 Metaspace       used 76895K, committed 78592K, reserved 1179648K
  class space    used 8113K, committed 8896K, reserved 1048576K
}
Event: 1754.339 GC heap after
{Heap after GC invocations=234 (full 3):
 PSYoungGen      total 1536K, used 383K [0x00000000d5580000, 0x00000000d5780000, 0x0000000100000000)
  eden space 1024K, 0% used [0x00000000d5580000,0x00000000d5580000,0x00000000d5680000)
  from space 512K, 74% used [0x00000000d5680000,0x00000000d56dfc48,0x00000000d5700000)
  to   space 512K, 0% used [0x00000000d5700000,0x00000000d5700000,0x00000000d5780000)
 ParOldGen       total 269312K, used 269005K [0x0000000080000000, 0x0000000090700000, 0x00000000d5580000)
  object space 269312K, 99% used [0x0000000080000000,0x00000000906b36e8,0x0000000090700000)
 Metaspace       used 76895K, committed 78592K, reserved 1179648K
  class space    used 8113K, committed 8896K, reserved 1048576K
}
Event: 1754.353 GC heap before
{Heap before GC invocations=235 (full 3):
 PSYoungGen      total 1536K, used 1407K [0x00000000d5580000, 0x00000000d5780000, 0x0000000100000000)
  eden space 1024K, 100% used [0x00000000d5580000,0x00000000d5680000,0x00000000d5680000)
  from space 512K, 74% used [0x00000000d5680000,0x00000000d56dfc48,0x00000000d5700000)
  to   space 512K, 0% used [0x00000000d5700000,0x00000000d5700000,0x00000000d5780000)
 ParOldGen       total 269312K, used 269005K [0x0000000080000000, 0x0000000090700000, 0x00000000d5580000)
  object space 269312K, 99% used [0x0000000080000000,0x00000000906b36e8,0x0000000090700000)
 Metaspace       used 76994K, committed 78720K, reserved 1179648K
  class space    used 8135K, committed 8896K, reserved 1048576K
}
Event: 1754.354 GC heap after
{Heap after GC invocations=235 (full 3):
 PSYoungGen      total 1536K, used 288K [0x00000000d5580000, 0x00000000d5780000, 0x0000000100000000)
  eden space 1024K, 0% used [0x00000000d5580000,0x00000000d5580000,0x00000000d5680000)
  from space 512K, 56% used [0x00000000d5700000,0x00000000d5748010,0x00000000d5780000)
  to   space 512K, 0% used [0x00000000d5680000,0x00000000d5680000,0x00000000d5700000)
 ParOldGen       total 269312K, used 269238K [0x0000000080000000, 0x0000000090700000, 0x00000000d5580000)
  object space 269312K, 99% used [0x0000000080000000,0x00000000906ed850,0x0000000090700000)
 Metaspace       used 76994K, committed 78720K, reserved 1179648K
  class space    used 8135K, committed 8896K, reserved 1048576K
}
Event: 1754.372 GC heap before
{Heap before GC invocations=236 (full 3):
 PSYoungGen      total 1536K, used 1312K [0x00000000d5580000, 0x00000000d5780000, 0x0000000100000000)
  eden space 1024K, 100% used [0x00000000d5580000,0x00000000d5680000,0x00000000d5680000)
  from space 512K, 56% used [0x00000000d5700000,0x00000000d5748010,0x00000000d5780000)
  to   space 512K, 0% used [0x00000000d5680000,0x00000000d5680000,0x00000000d5700000)
 ParOldGen       total 269312K, used 269238K [0x0000000080000000, 0x0000000090700000, 0x00000000d5580000)
  object space 269312K, 99% used [0x0000000080000000,0x00000000906ed850,0x0000000090700000)
 Metaspace       used 77127K, committed 78784K, reserved 1179648K
  class space    used 8159K, committed 8896K, reserved 1048576K
}
Event: 1754.373 GC heap after
{Heap after GC invocations=236 (full 3):
 PSYoungGen      total 1536K, used 288K [0x00000000d5580000, 0x00000000d5780000, 0x0000000100000000)
  eden space 1024K, 0% used [0x00000000d5580000,0x00000000d5580000,0x00000000d5680000)
  from space 512K, 56% used [0x00000000d5680000,0x00000000d56c8000,0x00000000d5700000)
  to   space 512K, 0% used [0x00000000d5700000,0x00000000d5700000,0x00000000d5780000)
 ParOldGen       total 269824K, used 269350K [0x0000000080000000, 0x0000000090780000, 0x00000000d5580000)
  object space 269824K, 99% used [0x0000000080000000,0x0000000090709860,0x0000000090780000)
 Metaspace       used 77127K, committed 78784K, reserved 1179648K
  class space    used 8159K, committed 8896K, reserved 1048576K
}
Event: 1754.424 GC heap before
{Heap before GC invocations=237 (full 3):
 PSYoungGen      total 1536K, used 1312K [0x00000000d5580000, 0x00000000d5780000, 0x0000000100000000)
  eden space 1024K, 100% used [0x00000000d5580000,0x00000000d5680000,0x00000000d5680000)
  from space 512K, 56% used [0x00000000d5680000,0x00000000d56c8000,0x00000000d5700000)
  to   space 512K, 0% used [0x00000000d5700000,0x00000000d5700000,0x00000000d5780000)
 ParOldGen       total 269824K, used 269350K [0x0000000080000000, 0x0000000090780000, 0x00000000d5580000)
  object space 269824K, 99% used [0x0000000080000000,0x0000000090709860,0x0000000090780000)
 Metaspace       used 77301K, committed 79040K, reserved 1179648K
  class space    used 8180K, committed 8960K, reserved 1048576K
}
Event: 1754.425 GC heap after
{Heap after GC invocations=237 (full 3):
 PSYoungGen      total 1536K, used 288K [0x00000000d5580000, 0x00000000d5780000, 0x0000000100000000)
  eden space 1024K, 0% used [0x00000000d5580000,0x00000000d5580000,0x00000000d5680000)
  from space 512K, 56% used [0x00000000d5700000,0x00000000d5748000,0x00000000d5780000)
  to   space 512K, 0% used [0x00000000d5680000,0x00000000d5680000,0x00000000d5700000)
 ParOldGen       total 269824K, used 269398K [0x0000000080000000, 0x0000000090780000, 0x00000000d5580000)
  object space 269824K, 99% used [0x0000000080000000,0x0000000090715860,0x0000000090780000)
 Metaspace       used 77301K, committed 79040K, reserved 1179648K
  class space    used 8180K, committed 8960K, reserved 1048576K
}
Event: 1789.374 GC heap before
{Heap before GC invocations=238 (full 3):
 PSYoungGen      total 1536K, used 1312K [0x00000000d5580000, 0x00000000d5780000, 0x0000000100000000)
  eden space 1024K, 100% used [0x00000000d5580000,0x00000000d5680000,0x00000000d5680000)
  from space 512K, 56% used [0x00000000d5700000,0x00000000d5748000,0x00000000d5780000)
  to   space 512K, 0% used [0x00000000d5680000,0x00000000d5680000,0x00000000d5700000)
 ParOldGen       total 269824K, used 269398K [0x0000000080000000, 0x0000000090780000, 0x00000000d5580000)
  object space 269824K, 99% used [0x0000000080000000,0x0000000090715860,0x0000000090780000)
 Metaspace       used 77348K, committed 79040K, reserved 1179648K
  class space    used 8186K, committed 8960K, reserved 1048576K
}
Event: 1789.411 GC heap after
{Heap after GC invocations=238 (full 3):
 PSYoungGen      total 1536K, used 314K [0x00000000d5580000, 0x00000000d5780000, 0x0000000100000000)
  eden space 1024K, 0% used [0x00000000d5580000,0x00000000d5580000,0x00000000d5680000)
  from space 512K, 61% used [0x00000000d5680000,0x00000000d56ce900,0x00000000d5700000)
  to   space 512K, 0% used [0x00000000d5700000,0x00000000d5700000,0x00000000d5780000)
 ParOldGen       total 269824K, used 269478K [0x0000000080000000, 0x0000000090780000, 0x00000000d5580000)
  object space 269824K, 99% used [0x0000000080000000,0x0000000090729870,0x0000000090780000)
 Metaspace       used 77348K, committed 79040K, reserved 1179648K
  class space    used 8186K, committed 8960K, reserved 1048576K
}
Event: 1789.956 GC heap before
{Heap before GC invocations=239 (full 3):
 PSYoungGen      total 1536K, used 1338K [0x00000000d5580000, 0x00000000d5780000, 0x0000000100000000)
  eden space 1024K, 100% used [0x00000000d5580000,0x00000000d5680000,0x00000000d5680000)
  from space 512K, 61% used [0x00000000d5680000,0x00000000d56ce900,0x00000000d5700000)
  to   space 512K, 0% used [0x00000000d5700000,0x00000000d5700000,0x00000000d5780000)
 ParOldGen       total 269824K, used 269478K [0x0000000080000000, 0x0000000090780000, 0x00000000d5580000)
  object space 269824K, 99% used [0x0000000080000000,0x0000000090729870,0x0000000090780000)
 Metaspace       used 77356K, committed 79040K, reserved 1179648K
  class space    used 8187K, committed 8960K, reserved 1048576K
}

