# JRE version: Java(TM) SE Runtime Environment (22.0.1+8) (build 22.0.1+8-16)
# Java VM: Java HotSpot(TM) 64-Bit Server VM (22.0.1+8-16, mixed mode, sharing, tiered, compressed oops, compressed class ptrs, g1 gc, windows-amd64)
GC Precious Log:
 CardTable entry size: 512
 Card Set container configuration: InlinePtr #cards 5 size 8 Array Of Cards #cards 12 size 40 Howl #buckets 4 coarsen threshold 1843 Howl Bitmap #cards 512 size 80 coarsen threshold 460 Card regions per heap region 1 cards per card region 2048
 CPUs: 12 total, 12 available
 Memory: 7895M
 Large Page Support: Disabled
 NUMA Support: Disabled
 Compressed Oops: Enabled (32-bit)
 Heap Region Size: 1M
 Heap Min Capacity: 8M
 Heap Initial Capacity: 124M
 Heap Max Capacity: 1974M
 Pre-touch: Disabled
 Parallel Workers: 10
 Concurrent Workers: 3
 Concurrent Refinement Workers: 10
 Periodic GC: Disabled
Heap:
 garbage-first heap   total reserved 2021376K, committed 88064K, used 60058K [0x0000000084a00000, 0x0000000100000000)
  region size 1024K, 21 young (21504K), 4 survivors (4096K)
 Metaspace       used 82786K, committed 83648K, reserved 1179648K
  class space    used 11243K, committed 11584K, reserved 1048576K
GC Heap History (20 events):
Event: 32.643 GC heap before
{Heap before GC invocations=16 (full 0):
 garbage-first heap   total reserved 2021376K, committed 88064K, used 69632K [0x0000000084a00000, 0x0000000100000000)
  region size 1024K, 32 young (32768K), 6 survivors (6144K)
 Metaspace       used 73868K, committed 74752K, reserved 1114112K
  class space    used 10314K, committed 10688K, reserved 1048576K
}
Event: 32.747 GC heap after
{Heap after GC invocations=17 (full 1):
 garbage-first heap   total reserved 2021376K, committed 88064K, used 37954K [0x0000000084a00000, 0x0000000100000000)
  region size 1024K, 0 young (0K), 0 survivors (0K)
 Metaspace       used 73868K, committed 74752K, reserved 1114112K
  class space    used 10314K, committed 10688K, reserved 1048576K
}
Event: 43.302 GC heap before
{Heap before GC invocations=17 (full 1):
 garbage-first heap   total reserved 2021376K, committed 88064K, used 72770K [0x0000000084a00000, 0x0000000100000000)
  region size 1024K, 35 young (35840K), 0 survivors (0K)
 Metaspace       used 74106K, committed 74944K, reserved 1114112K
  class space    used 10321K, committed 10688K, reserved 1048576K
}
Event: 43.307 GC heap after
{Heap after GC invocations=18 (full 1):
 garbage-first heap   total reserved 2021376K, committed 88064K, used 41545K [0x0000000084a00000, 0x0000000100000000)
  region size 1024K, 4 young (4096K), 4 survivors (4096K)
 Metaspace       used 74106K, committed 74944K, reserved 1114112K
  class space    used 10321K, committed 10688K, reserved 1048576K
}
Event: 45.148 GC heap before
{Heap before GC invocations=19 (full 1):
 garbage-first heap   total reserved 2021376K, committed 88064K, used 75337K [0x0000000084a00000, 0x0000000100000000)
  region size 1024K, 37 young (37888K), 4 survivors (4096K)
 Metaspace       used 74668K, committed 75520K, reserved 1114112K
  class space    used 10336K, committed 10688K, reserved 1048576K
}
Event: 45.152 GC heap after
{Heap after GC invocations=20 (full 1):
 garbage-first heap   total reserved 2021376K, committed 88064K, used 44700K [0x0000000084a00000, 0x0000000100000000)
  region size 1024K, 4 young (4096K), 4 survivors (4096K)
 Metaspace       used 74668K, committed 75520K, reserved 1114112K
  class space    used 10336K, committed 10688K, reserved 1048576K
}
Event: 92.091 GC heap before
{Heap before GC invocations=20 (full 1):
 garbage-first heap   total reserved 2021376K, committed 88064K, used 59036K [0x0000000084a00000, 0x0000000100000000)
  region size 1024K, 19 young (19456K), 4 survivors (4096K)
 Metaspace       used 74907K, committed 75712K, reserved 1114112K
  class space    used 10341K, committed 10688K, reserved 1048576K
}
Event: 92.337 GC heap after
{Heap after GC invocations=21 (full 2):
 garbage-first heap   total reserved 2021376K, committed 88064K, used 38281K [0x0000000084a00000, 0x0000000100000000)
  region size 1024K, 0 young (0K), 0 survivors (0K)
 Metaspace       used 74905K, committed 75712K, reserved 1114112K
  class space    used 10341K, committed 10688K, reserved 1048576K
}
Event: 95.860 GC heap before
{Heap before GC invocations=21 (full 2):
 garbage-first heap   total reserved 2021376K, committed 88064K, used 74121K [0x0000000084a00000, 0x0000000100000000)
  region size 1024K, 35 young (35840K), 0 survivors (0K)
 Metaspace       used 75046K, committed 75840K, reserved 1114112K
  class space    used 10348K, committed 10688K, reserved 1048576K
}
Event: 95.867 GC heap after
{Heap after GC invocations=22 (full 2):
 garbage-first heap   total reserved 2021376K, committed 88064K, used 41705K [0x0000000084a00000, 0x0000000100000000)
  region size 1024K, 4 young (4096K), 4 survivors (4096K)
 Metaspace       used 75046K, committed 75840K, reserved 1114112K
  class space    used 10348K, committed 10688K, reserved 1048576K
}
Event: 97.665 GC heap before
{Heap before GC invocations=23 (full 2):
 garbage-first heap   total reserved 2021376K, committed 88064K, used 75497K [0x0000000084a00000, 0x0000000100000000)
  region size 1024K, 37 young (37888K), 4 survivors (4096K)
 Metaspace       used 75465K, committed 76352K, reserved 1179648K
  class space    used 10362K, committed 10752K, reserved 1048576K
}
Event: 97.671 GC heap after
{Heap after GC invocations=24 (full 2):
 garbage-first heap   total reserved 2021376K, committed 88064K, used 44675K [0x0000000084a00000, 0x0000000100000000)
  region size 1024K, 4 young (4096K), 4 survivors (4096K)
 Metaspace       used 75465K, committed 76352K, reserved 1179648K
  class space    used 10362K, committed 10752K, reserved 1048576K
}
Event: 699.633 GC heap before
{Heap before GC invocations=24 (full 2):
 garbage-first heap   total reserved 2021376K, committed 88064K, used 74371K [0x0000000084a00000, 0x0000000100000000)
  region size 1024K, 34 young (34816K), 4 survivors (4096K)
 Metaspace       used 78030K, committed 78912K, reserved 1179648K
  class space    used 10612K, committed 11008K, reserved 1048576K
}
Event: 699.757 GC heap after
{Heap after GC invocations=25 (full 2):
 garbage-first heap   total reserved 2021376K, committed 88064K, used 46225K [0x0000000084a00000, 0x0000000100000000)
  region size 1024K, 3 young (3072K), 3 survivors (3072K)
 Metaspace       used 78030K, committed 78912K, reserved 1179648K
  class space    used 10612K, committed 11008K, reserved 1048576K
}
Event: 1474.515 GC heap before
{Heap before GC invocations=25 (full 2):
 garbage-first heap   total reserved 2021376K, committed 88064K, used 75921K [0x0000000084a00000, 0x0000000100000000)
  region size 1024K, 33 young (33792K), 3 survivors (3072K)
 Metaspace       used 82641K, committed 83520K, reserved 1179648K
  class space    used 11238K, committed 11584K, reserved 1048576K
}
Event: 1474.567 GC heap after
{Heap after GC invocations=26 (full 2):
 garbage-first heap   total reserved 2021376K, committed 88064K, used 46965K [0x0000000084a00000, 0x0000000100000000)
  region size 1024K, 3 young (3072K), 3 survivors (3072K)
 Metaspace       used 82641K, committed 83520K, reserved 1179648K
  class space    used 11238K, committed 11584K, reserved 1048576K
}
Event: 1760.997 GC heap before
{Heap before GC invocations=27 (full 2):
 garbage-first heap   total reserved 2021376K, committed 88064K, used 55157K [0x0000000084a00000, 0x0000000100000000)
  region size 1024K, 12 young (12288K), 3 survivors (3072K)
 Metaspace       used 82676K, committed 83584K, reserved 1179648K
  class space    used 11238K, committed 11584K, reserved 1048576K
}
Event: 1762.011 GC heap after
{Heap after GC invocations=28 (full 3):
 garbage-first heap   total reserved 2021376K, committed 88064K, used 39948K [0x0000000084a00000, 0x0000000100000000)
  region size 1024K, 0 young (0K), 0 survivors (0K)
 Metaspace       used 82676K, committed 83584K, reserved 1179648K
  class space    used 11238K, committed 11584K, reserved 1048576K
}
Event: 1766.153 GC heap before
{Heap before GC invocations=28 (full 3):
 garbage-first heap   total reserved 2021376K, committed 88064K, used 75788K [0x0000000084a00000, 0x0000000100000000)
  region size 1024K, 36 young (36864K), 0 survivors (0K)
 Metaspace       used 82756K, committed 83648K, reserved 1179648K
  class space    used 11242K, committed 11584K, reserved 1048576K
}
Event: 1766.161 GC heap after
{Heap after GC invocations=29 (full 3):
 garbage-first heap   total reserved 2021376K, committed 88064K, used 43674K [0x0000000084a00000, 0x0000000100000000)
  region size 1024K, 4 young (4096K), 4 survivors (4096K)
 Metaspace       used 82756K, committed 83648K, reserved 1179648K
  class space    used 11242K, committed 11584K, reserved 1048576K
}

