# JRE version: Java(TM) SE Runtime Environment (22.0.1+8) (build 22.0.1+8-16)
# Java VM: Java HotSpot(TM) 64-Bit Server VM (22.0.1+8-16, mixed mode, sharing, tiered, compressed oops, compressed class ptrs, g1 gc, windows-amd64)
GC Precious Log:
 CardTable entry size: 512
 Card Set container configuration: InlinePtr #cards 5 size 8 Array Of Cards #cards 12 size 40 Howl #buckets 4 coarsen threshold 1843 Howl Bitmap #cards 512 size 80 coarsen threshold 460 Card regions per heap region 1 cards per card region 2048
 CPUs: 12 total, 12 available
 Memory: 7895M
 Large Page Support: Disabled
 NUMA Support: Disabled
 Compressed Oops: Enabled (32-bit)
 Heap Region Size: 1M
 Heap Min Capacity: 8M
 Heap Initial Capacity: 124M
 Heap Max Capacity: 1974M
 Pre-touch: Disabled
 Parallel Workers: 10
 Concurrent Workers: 3
 Concurrent Refinement Workers: 10
 Periodic GC: Disabled
Heap:
 garbage-first heap   total reserved 2021376K, committed 95232K, used 50362K [0x0000000084a00000, 0x0000000100000000)
  region size 1024K, 10 young (10240K), 0 survivors (0K)
 Metaspace       used 78378K, committed 79296K, reserved 1179648K
  class space    used 10510K, committed 10944K, reserved 1048576K
GC Heap History (20 events):
Event: 1156.976 GC heap before
{Heap before GC invocations=22 (full 2):
 garbage-first heap   total reserved 2021376K, committed 95232K, used 80391K [0x0000000084a00000, 0x0000000100000000)
  region size 1024K, 41 young (41984K), 0 survivors (0K)
 Metaspace       used 75994K, committed 76928K, reserved 1179648K
  class space    used 10379K, committed 10752K, reserved 1048576K
}
Event: 1157.044 GC heap after
{Heap after GC invocations=23 (full 2):
 garbage-first heap   total reserved 2021376K, committed 95232K, used 41580K [0x0000000084a00000, 0x0000000100000000)
  region size 1024K, 4 young (4096K), 4 survivors (4096K)
 Metaspace       used 75994K, committed 76928K, reserved 1179648K
  class space    used 10379K, committed 10752K, reserved 1048576K
}
Event: 1160.759 GC heap before
{Heap before GC invocations=24 (full 2):
 garbage-first heap   total reserved 2021376K, committed 95232K, used 80492K [0x0000000084a00000, 0x0000000100000000)
  region size 1024K, 42 young (43008K), 4 survivors (4096K)
 Metaspace       used 76431K, committed 77312K, reserved 1179648K
  class space    used 10396K, committed 10816K, reserved 1048576K
}
Event: 1160.774 GC heap after
{Heap after GC invocations=25 (full 2):
 garbage-first heap   total reserved 2021376K, committed 95232K, used 44758K [0x0000000084a00000, 0x0000000100000000)
  region size 1024K, 6 young (6144K), 6 survivors (6144K)
 Metaspace       used 76431K, committed 77312K, reserved 1179648K
  class space    used 10396K, committed 10816K, reserved 1048576K
}
Event: 1416.968 GC heap before
{Heap before GC invocations=25 (full 2):
 garbage-first heap   total reserved 2021376K, committed 95232K, used 74454K [0x0000000084a00000, 0x0000000100000000)
  region size 1024K, 36 young (36864K), 6 survivors (6144K)
 Metaspace       used 76622K, committed 77568K, reserved 1179648K
  class space    used 10397K, committed 10816K, reserved 1048576K
}
Event: 1417.554 GC heap after
{Heap after GC invocations=26 (full 3):
 garbage-first heap   total reserved 2021376K, committed 95232K, used 38712K [0x0000000084a00000, 0x0000000100000000)
  region size 1024K, 0 young (0K), 0 survivors (0K)
 Metaspace       used 76615K, committed 77568K, reserved 1179648K
  class space    used 10395K, committed 10816K, reserved 1048576K
}
Event: 1420.447 GC heap before
{Heap before GC invocations=26 (full 3):
 garbage-first heap   total reserved 2021376K, committed 95232K, used 79672K [0x0000000084a00000, 0x0000000100000000)
  region size 1024K, 41 young (41984K), 0 survivors (0K)
 Metaspace       used 76713K, committed 77632K, reserved 1179648K
  class space    used 10401K, committed 10816K, reserved 1048576K
}
Event: 1420.463 GC heap after
{Heap after GC invocations=27 (full 3):
 garbage-first heap   total reserved 2021376K, committed 95232K, used 43832K [0x0000000084a00000, 0x0000000100000000)
  region size 1024K, 5 young (5120K), 5 survivors (5120K)
 Metaspace       used 76713K, committed 77632K, reserved 1179648K
  class space    used 10401K, committed 10816K, reserved 1048576K
}
Event: 1423.699 GC heap before
{Heap before GC invocations=28 (full 3):
 garbage-first heap   total reserved 2021376K, committed 95232K, used 80696K [0x0000000084a00000, 0x0000000100000000)
  region size 1024K, 41 young (41984K), 5 survivors (5120K)
 Metaspace       used 77672K, committed 78528K, reserved 1179648K
  class space    used 10490K, committed 10880K, reserved 1048576K
}
Event: 1423.712 GC heap after
{Heap after GC invocations=29 (full 3):
 garbage-first heap   total reserved 2021376K, committed 95232K, used 45393K [0x0000000084a00000, 0x0000000100000000)
  region size 1024K, 4 young (4096K), 4 survivors (4096K)
 Metaspace       used 77672K, committed 78528K, reserved 1179648K
  class space    used 10490K, committed 10880K, reserved 1048576K
}
Event: 1455.445 GC heap before
{Heap before GC invocations=29 (full 3):
 garbage-first heap   total reserved 2021376K, committed 95232K, used 51537K [0x0000000084a00000, 0x0000000100000000)
  region size 1024K, 11 young (11264K), 4 survivors (4096K)
 Metaspace       used 77746K, committed 78656K, reserved 1179648K
  class space    used 10491K, committed 10880K, reserved 1048576K
}
Event: 1455.624 GC heap after
{Heap after GC invocations=30 (full 4):
 garbage-first heap   total reserved 2021376K, committed 95232K, used 41934K [0x0000000084a00000, 0x0000000100000000)
  region size 1024K, 0 young (0K), 0 survivors (0K)
 Metaspace       used 77746K, committed 78656K, reserved 1179648K
  class space    used 10491K, committed 10880K, reserved 1048576K
}
Event: 1457.373 GC heap before
{Heap before GC invocations=30 (full 4):
 garbage-first heap   total reserved 2021376K, committed 95232K, used 78798K [0x0000000084a00000, 0x0000000100000000)
  region size 1024K, 37 young (37888K), 0 survivors (0K)
 Metaspace       used 77851K, committed 78784K, reserved 1179648K
  class space    used 10497K, committed 10944K, reserved 1048576K
}
Event: 1457.379 GC heap after
{Heap after GC invocations=31 (full 4):
 garbage-first heap   total reserved 2021376K, committed 95232K, used 45790K [0x0000000084a00000, 0x0000000100000000)
  region size 1024K, 4 young (4096K), 4 survivors (4096K)
 Metaspace       used 77851K, committed 78784K, reserved 1179648K
  class space    used 10497K, committed 10944K, reserved 1048576K
}
Event: 1458.932 GC heap before
{Heap before GC invocations=32 (full 4):
 garbage-first heap   total reserved 2021376K, committed 95232K, used 80606K [0x0000000084a00000, 0x0000000100000000)
  region size 1024K, 38 young (38912K), 4 survivors (4096K)
 Metaspace       used 78214K, committed 79104K, reserved 1179648K
  class space    used 10510K, committed 10944K, reserved 1048576K
}
Event: 1458.940 GC heap after
{Heap after GC invocations=33 (full 4):
 garbage-first heap   total reserved 2021376K, committed 95232K, used 48966K [0x0000000084a00000, 0x0000000100000000)
  region size 1024K, 4 young (4096K), 4 survivors (4096K)
 Metaspace       used 78214K, committed 79104K, reserved 1179648K
  class space    used 10510K, committed 10944K, reserved 1048576K
}
Event: 1753.612 GC heap before
{Heap before GC invocations=33 (full 4):
 garbage-first heap   total reserved 2021376K, committed 95232K, used 79686K [0x0000000084a00000, 0x0000000100000000)
  region size 1024K, 34 young (34816K), 4 survivors (4096K)
 Metaspace       used 78340K, committed 79232K, reserved 1179648K
  class space    used 10510K, committed 10944K, reserved 1048576K
}
Event: 1753.691 GC heap after
{Heap after GC invocations=34 (full 4):
 garbage-first heap   total reserved 2021376K, committed 95232K, used 49408K [0x0000000084a00000, 0x0000000100000000)
  region size 1024K, 2 young (2048K), 2 survivors (2048K)
 Metaspace       used 78340K, committed 79232K, reserved 1179648K
  class space    used 10510K, committed 10944K, reserved 1048576K
}
Event: 1757.292 GC heap before
{Heap before GC invocations=34 (full 4):
 garbage-first heap   total reserved 2021376K, committed 95232K, used 50432K [0x0000000084a00000, 0x0000000100000000)
  region size 1024K, 4 young (4096K), 2 survivors (2048K)
 Metaspace       used 78364K, committed 79296K, reserved 1179648K
  class space    used 10510K, committed 10944K, reserved 1048576K
}
Event: 1758.198 GC heap after
{Heap after GC invocations=35 (full 5):
 garbage-first heap   total reserved 2021376K, committed 95232K, used 42170K [0x0000000084a00000, 0x0000000100000000)
  region size 1024K, 0 young (0K), 0 survivors (0K)
 Metaspace       used 78361K, committed 79296K, reserved 1179648K
  class space    used 10510K, committed 10944K, reserved 1048576K
}

