# JRE version: OpenJDK Runtime Environment Temurin-21.0.8+9 (21.0.8+9) (build 21.0.8+9-LTS)
# Java VM: OpenJDK 64-Bit Server VM Temurin-21.0.8+9 (21.0.8+9-LTS, mixed mode, sharing, tiered, compressed oops, compressed class ptrs, parallel gc, windows-amd64)
GC Precious Log:
 CardTable entry size: 512
 CPUs: 12 total, 12 available
 Memory: 7895M
 Large Page Support: Disabled
 NUMA Support: Disabled
 Compressed Oops: Enabled (32-bit)
 Alignments: Space 512K, Generation 512K, Heap 2M
 Heap Min Capacity: 100M
 Heap Initial Capacity: 100M
 Heap Max Capacity: 2G
 Pre-touch: Disabled
 Parallel Workers: 10
Heap:
 PSYoungGen      total 13312K, used 6547K [0x00000000d5580000, 0x00000000d6900000, 0x0000000100000000)
  eden space 7168K, 23% used [0x00000000d5580000,0x00000000d571cd08,0x00000000d5c80000)
  from space 6144K, 79% used [0x00000000d5c80000,0x00000000d6148000,0x00000000d6280000)
  to   space 5632K, 0% used [0x00000000d6380000,0x00000000d6380000,0x00000000d6900000)
 ParOldGen       total 1092608K, used 294882K [0x0000000080000000, 0x00000000c2b00000, 0x00000000d5580000)
  object space 1092608K, 26% used [0x0000000080000000,0x0000000091ff8960,0x00000000c2b00000)
 Metaspace       used 84942K, committed 86848K, reserved 1179648K
  class space    used 8996K, committed 9856K, reserved 1048576K
GC Heap History (20 events):
Event: 1245.369 GC heap before
{Heap before GC invocations=1188 (full 4):
 PSYoungGen      total 11264K, used 11060K [0x00000000d5580000, 0x00000000d6180000, 0x0000000100000000)
  eden space 10752K, 100% used [0x00000000d5580000,0x00000000d6000000,0x00000000d6000000)
  from space 512K, 60% used [0x00000000d6080000,0x00000000d60cd200,0x00000000d6100000)
  to   space 512K, 0% used [0x00000000d6100000,0x00000000d6100000,0x00000000d6180000)
 ParOldGen       total 1092608K, used 204592K [0x0000000080000000, 0x00000000c2b00000, 0x00000000d5580000)
  object space 1092608K, 18% used [0x0000000080000000,0x000000008c7cc0e0,0x00000000c2b00000)
 Metaspace       used 84863K, committed 86784K, reserved 1179648K
  class space    used 8993K, committed 9856K, reserved 1048576K
}
Event: 1245.371 GC heap after
{Heap after GC invocations=1188 (full 4):
 PSYoungGen      total 11264K, used 288K [0x00000000d5580000, 0x00000000d6180000, 0x0000000100000000)
  eden space 10752K, 0% used [0x00000000d5580000,0x00000000d5580000,0x00000000d6000000)
  from space 512K, 56% used [0x00000000d6100000,0x00000000d6148000,0x00000000d6180000)
  to   space 512K, 0% used [0x00000000d6080000,0x00000000d6080000,0x00000000d6100000)
 ParOldGen       total 1092608K, used 204664K [0x0000000080000000, 0x00000000c2b00000, 0x00000000d5580000)
  object space 1092608K, 18% used [0x0000000080000000,0x000000008c7de0e0,0x00000000c2b00000)
 Metaspace       used 84863K, committed 86784K, reserved 1179648K
  class space    used 8993K, committed 9856K, reserved 1048576K
}
Event: 1245.957 GC heap before
{Heap before GC invocations=1189 (full 4):
 PSYoungGen      total 11264K, used 10991K [0x00000000d5580000, 0x00000000d6180000, 0x0000000100000000)
  eden space 10752K, 99% used [0x00000000d5580000,0x00000000d5ff3f50,0x00000000d6000000)
  from space 512K, 56% used [0x00000000d6100000,0x00000000d6148000,0x00000000d6180000)
  to   space 512K, 0% used [0x00000000d6080000,0x00000000d6080000,0x00000000d6100000)
 ParOldGen       total 1092608K, used 204664K [0x0000000080000000, 0x00000000c2b00000, 0x00000000d5580000)
  object space 1092608K, 18% used [0x0000000080000000,0x000000008c7de0e0,0x00000000c2b00000)
 Metaspace       used 84875K, committed 86784K, reserved 1179648K
  class space    used 8993K, committed 9856K, reserved 1048576K
}
Event: 1245.963 GC heap after
{Heap after GC invocations=1189 (full 4):
 PSYoungGen      total 11264K, used 511K [0x00000000d5580000, 0x00000000d6200000, 0x0000000100000000)
  eden space 10752K, 0% used [0x00000000d5580000,0x00000000d5580000,0x00000000d6000000)
  from space 512K, 99% used [0x00000000d6080000,0x00000000d60fffa8,0x00000000d6100000)
  to   space 1024K, 0% used [0x00000000d6100000,0x00000000d6100000,0x00000000d6200000)
 ParOldGen       total 1092608K, used 204832K [0x0000000080000000, 0x00000000c2b00000, 0x00000000d5580000)
  object space 1092608K, 18% used [0x0000000080000000,0x000000008c808120,0x00000000c2b00000)
 Metaspace       used 84875K, committed 86784K, reserved 1179648K
  class space    used 8993K, committed 9856K, reserved 1048576K
}
Event: 1248.294 GC heap before
{Heap before GC invocations=1190 (full 4):
 PSYoungGen      total 11264K, used 11263K [0x00000000d5580000, 0x00000000d6200000, 0x0000000100000000)
  eden space 10752K, 100% used [0x00000000d5580000,0x00000000d6000000,0x00000000d6000000)
  from space 512K, 99% used [0x00000000d6080000,0x00000000d60fffa8,0x00000000d6100000)
  to   space 1024K, 0% used [0x00000000d6100000,0x00000000d6100000,0x00000000d6200000)
 ParOldGen       total 1092608K, used 266272K [0x0000000080000000, 0x00000000c2b00000, 0x00000000d5580000)
  object space 1092608K, 24% used [0x0000000080000000,0x0000000090408180,0x00000000c2b00000)
 Metaspace       used 84906K, committed 86784K, reserved 1179648K
  class space    used 8994K, committed 9856K, reserved 1048576K
}
Event: 1248.304 GC heap after
{Heap after GC invocations=1190 (full 4):
 PSYoungGen      total 11776K, used 544K [0x00000000d5580000, 0x00000000d6200000, 0x0000000100000000)
  eden space 10752K, 0% used [0x00000000d5580000,0x00000000d5580000,0x00000000d6000000)
  from space 1024K, 53% used [0x00000000d6100000,0x00000000d6188040,0x00000000d6200000)
  to   space 1024K, 0% used [0x00000000d6000000,0x00000000d6000000,0x00000000d6100000)
 ParOldGen       total 1092608K, used 266400K [0x0000000080000000, 0x00000000c2b00000, 0x00000000d5580000)
  object space 1092608K, 24% used [0x0000000080000000,0x0000000090428190,0x00000000c2b00000)
 Metaspace       used 84906K, committed 86784K, reserved 1179648K
  class space    used 8994K, committed 9856K, reserved 1048576K
}
Event: 1248.481 GC heap before
{Heap before GC invocations=1191 (full 4):
 PSYoungGen      total 11776K, used 11296K [0x00000000d5580000, 0x00000000d6200000, 0x0000000100000000)
  eden space 10752K, 100% used [0x00000000d5580000,0x00000000d6000000,0x00000000d6000000)
  from space 1024K, 53% used [0x00000000d6100000,0x00000000d6188040,0x00000000d6200000)
  to   space 1024K, 0% used [0x00000000d6000000,0x00000000d6000000,0x00000000d6100000)
 ParOldGen       total 1092608K, used 266400K [0x0000000080000000, 0x00000000c2b00000, 0x00000000d5580000)
  object space 1092608K, 24% used [0x0000000080000000,0x0000000090428190,0x00000000c2b00000)
 Metaspace       used 84910K, committed 86784K, reserved 1179648K
  class space    used 8994K, committed 9856K, reserved 1048576K
}
Event: 1248.502 GC heap after
{Heap after GC invocations=1191 (full 4):
 PSYoungGen      total 11776K, used 1008K [0x00000000d5580000, 0x00000000d6800000, 0x0000000100000000)
  eden space 10752K, 0% used [0x00000000d5580000,0x00000000d5580000,0x00000000d6000000)
  from space 1024K, 98% used [0x00000000d6000000,0x00000000d60fc2f8,0x00000000d6100000)
  to   space 4096K, 0% used [0x00000000d6400000,0x00000000d6400000,0x00000000d6800000)
 ParOldGen       total 1092608K, used 268948K [0x0000000080000000, 0x00000000c2b00000, 0x00000000d5580000)
  object space 1092608K, 24% used [0x0000000080000000,0x00000000906a52d8,0x00000000c2b00000)
 Metaspace       used 84910K, committed 86784K, reserved 1179648K
  class space    used 8994K, committed 9856K, reserved 1048576K
}
Event: 1248.558 GC heap before
{Heap before GC invocations=1192 (full 4):
 PSYoungGen      total 11776K, used 11760K [0x00000000d5580000, 0x00000000d6800000, 0x0000000100000000)
  eden space 10752K, 100% used [0x00000000d5580000,0x00000000d6000000,0x00000000d6000000)
  from space 1024K, 98% used [0x00000000d6000000,0x00000000d60fc2f8,0x00000000d6100000)
  to   space 4096K, 0% used [0x00000000d6400000,0x00000000d6400000,0x00000000d6800000)
 ParOldGen       total 1092608K, used 268948K [0x0000000080000000, 0x00000000c2b00000, 0x00000000d5580000)
  object space 1092608K, 24% used [0x0000000080000000,0x00000000906a52d8,0x00000000c2b00000)
 Metaspace       used 84920K, committed 86848K, reserved 1179648K
  class space    used 8996K, committed 9856K, reserved 1048576K
}
Event: 1248.602 GC heap after
{Heap after GC invocations=1192 (full 4):
 PSYoungGen      total 7680K, used 4096K [0x00000000d5580000, 0x00000000d7600000, 0x0000000100000000)
  eden space 3584K, 0% used [0x00000000d5580000,0x00000000d5580000,0x00000000d5900000)
  from space 4096K, 100% used [0x00000000d6400000,0x00000000d6800000,0x00000000d6800000)
  to   space 11264K, 0% used [0x00000000d5900000,0x00000000d5900000,0x00000000d6400000)
 ParOldGen       total 1092608K, used 274541K [0x0000000080000000, 0x00000000c2b00000, 0x00000000d5580000)
  object space 1092608K, 25% used [0x0000000080000000,0x0000000090c1b5e0,0x00000000c2b00000)
 Metaspace       used 84920K, committed 86848K, reserved 1179648K
  class space    used 8996K, committed 9856K, reserved 1048576K
}
Event: 1248.627 GC heap before
{Heap before GC invocations=1193 (full 4):
 PSYoungGen      total 7680K, used 7680K [0x00000000d5580000, 0x00000000d7600000, 0x0000000100000000)
  eden space 3584K, 100% used [0x00000000d5580000,0x00000000d5900000,0x00000000d5900000)
  from space 4096K, 100% used [0x00000000d6400000,0x00000000d6800000,0x00000000d6800000)
  to   space 11264K, 0% used [0x00000000d5900000,0x00000000d5900000,0x00000000d6400000)
 ParOldGen       total 1092608K, used 274541K [0x0000000080000000, 0x00000000c2b00000, 0x00000000d5580000)
  object space 1092608K, 25% used [0x0000000080000000,0x0000000090c1b5e0,0x00000000c2b00000)
 Metaspace       used 84920K, committed 86848K, reserved 1179648K
  class space    used 8996K, committed 9856K, reserved 1048576K
}
Event: 1248.661 GC heap after
{Heap after GC invocations=1193 (full 4):
 PSYoungGen      total 7680K, used 3680K [0x00000000d5580000, 0x00000000d6600000, 0x0000000100000000)
  eden space 3584K, 0% used [0x00000000d5580000,0x00000000d5580000,0x00000000d5900000)
  from space 4096K, 89% used [0x00000000d5900000,0x00000000d5c98000,0x00000000d5d00000)
  to   space 6144K, 0% used [0x00000000d6000000,0x00000000d6000000,0x00000000d6600000)
 ParOldGen       total 1092608K, used 278725K [0x0000000080000000, 0x00000000c2b00000, 0x00000000d5580000)
  object space 1092608K, 25% used [0x0000000080000000,0x00000000910315e0,0x00000000c2b00000)
 Metaspace       used 84920K, committed 86848K, reserved 1179648K
  class space    used 8996K, committed 9856K, reserved 1048576K
}
Event: 1248.704 GC heap before
{Heap before GC invocations=1194 (full 4):
 PSYoungGen      total 7680K, used 7264K [0x00000000d5580000, 0x00000000d6600000, 0x0000000100000000)
  eden space 3584K, 100% used [0x00000000d5580000,0x00000000d5900000,0x00000000d5900000)
  from space 4096K, 89% used [0x00000000d5900000,0x00000000d5c98000,0x00000000d5d00000)
  to   space 6144K, 0% used [0x00000000d6000000,0x00000000d6000000,0x00000000d6600000)
 ParOldGen       total 1092608K, used 278725K [0x0000000080000000, 0x00000000c2b00000, 0x00000000d5580000)
  object space 1092608K, 25% used [0x0000000080000000,0x00000000910315e0,0x00000000c2b00000)
 Metaspace       used 84920K, committed 86848K, reserved 1179648K
  class space    used 8996K, committed 9856K, reserved 1048576K
}
Event: 1248.736 GC heap after
{Heap after GC invocations=1194 (full 4):
 PSYoungGen      total 7680K, used 3000K [0x00000000d5580000, 0x00000000d6300000, 0x0000000100000000)
  eden space 4608K, 0% used [0x00000000d5580000,0x00000000d5580000,0x00000000d5a00000)
  from space 3072K, 97% used [0x00000000d6000000,0x00000000d62ee000,0x00000000d6300000)
  to   space 4096K, 0% used [0x00000000d5b00000,0x00000000d5b00000,0x00000000d5f00000)
 ParOldGen       total 1092608K, used 282341K [0x0000000080000000, 0x00000000c2b00000, 0x00000000d5580000)
  object space 1092608K, 25% used [0x0000000080000000,0x00000000913b95e0,0x00000000c2b00000)
 Metaspace       used 84920K, committed 86848K, reserved 1179648K
  class space    used 8996K, committed 9856K, reserved 1048576K
}
Event: 1248.885 GC heap before
{Heap before GC invocations=1195 (full 4):
 PSYoungGen      total 7680K, used 7608K [0x00000000d5580000, 0x00000000d6300000, 0x0000000100000000)
  eden space 4608K, 100% used [0x00000000d5580000,0x00000000d5a00000,0x00000000d5a00000)
  from space 3072K, 97% used [0x00000000d6000000,0x00000000d62ee000,0x00000000d6300000)
  to   space 4096K, 0% used [0x00000000d5b00000,0x00000000d5b00000,0x00000000d5f00000)
 ParOldGen       total 1092608K, used 282341K [0x0000000080000000, 0x00000000c2b00000, 0x00000000d5580000)
  object space 1092608K, 25% used [0x0000000080000000,0x00000000913b95e0,0x00000000c2b00000)
 Metaspace       used 84920K, committed 86848K, reserved 1179648K
  class space    used 8996K, committed 9856K, reserved 1048576K
}
Event: 1248.910 GC heap after
{Heap after GC invocations=1195 (full 4):
 PSYoungGen      total 9728K, used 4076K [0x00000000d5580000, 0x00000000d6a00000, 0x0000000100000000)
  eden space 5632K, 0% used [0x00000000d5580000,0x00000000d5580000,0x00000000d5b00000)
  from space 4096K, 99% used [0x00000000d5b00000,0x00000000d5efb380,0x00000000d5f00000)
  to   space 7680K, 0% used [0x00000000d6280000,0x00000000d6280000,0x00000000d6a00000)
 ParOldGen       total 1092608K, used 285021K [0x0000000080000000, 0x00000000c2b00000, 0x00000000d5580000)
  object space 1092608K, 26% used [0x0000000080000000,0x00000000916575e0,0x00000000c2b00000)
 Metaspace       used 84920K, committed 86848K, reserved 1179648K
  class space    used 8996K, committed 9856K, reserved 1048576K
}
Event: 1248.937 GC heap before
{Heap before GC invocations=1196 (full 4):
 PSYoungGen      total 9728K, used 9708K [0x00000000d5580000, 0x00000000d6a00000, 0x0000000100000000)
  eden space 5632K, 100% used [0x00000000d5580000,0x00000000d5b00000,0x00000000d5b00000)
  from space 4096K, 99% used [0x00000000d5b00000,0x00000000d5efb380,0x00000000d5f00000)
  to   space 7680K, 0% used [0x00000000d6280000,0x00000000d6280000,0x00000000d6a00000)
 ParOldGen       total 1092608K, used 285021K [0x0000000080000000, 0x00000000c2b00000, 0x00000000d5580000)
  object space 1092608K, 26% used [0x0000000080000000,0x00000000916575e0,0x00000000c2b00000)
 Metaspace       used 84920K, committed 86848K, reserved 1179648K
  class space    used 8996K, committed 9856K, reserved 1048576K
}
Event: 1248.965 GC heap after
{Heap after GC invocations=1196 (full 4):
 PSYoungGen      total 13312K, used 5824K [0x00000000d5580000, 0x00000000d6880000, 0x0000000100000000)
  eden space 7168K, 0% used [0x00000000d5580000,0x00000000d5580000,0x00000000d5c80000)
  from space 6144K, 94% used [0x00000000d6280000,0x00000000d6830000,0x00000000d6880000)
  to   space 6144K, 0% used [0x00000000d5c80000,0x00000000d5c80000,0x00000000d6280000)
 ParOldGen       total 1092608K, used 289178K [0x0000000080000000, 0x00000000c2b00000, 0x00000000d5580000)
  object space 1092608K, 26% used [0x0000000080000000,0x0000000091a66960,0x00000000c2b00000)
 Metaspace       used 84920K, committed 86848K, reserved 1179648K
  class space    used 8996K, committed 9856K, reserved 1048576K
}
Event: 1350.152 GC heap before
{Heap before GC invocations=1197 (full 4):
 PSYoungGen      total 13312K, used 12992K [0x00000000d5580000, 0x00000000d6880000, 0x0000000100000000)
  eden space 7168K, 100% used [0x00000000d5580000,0x00000000d5c80000,0x00000000d5c80000)
  from space 6144K, 94% used [0x00000000d6280000,0x00000000d6830000,0x00000000d6880000)
  to   space 6144K, 0% used [0x00000000d5c80000,0x00000000d5c80000,0x00000000d6280000)
 ParOldGen       total 1092608K, used 289178K [0x0000000080000000, 0x00000000c2b00000, 0x00000000d5580000)
  object space 1092608K, 26% used [0x0000000080000000,0x0000000091a66960,0x00000000c2b00000)
 Metaspace       used 84936K, committed 86848K, reserved 1179648K
  class space    used 8996K, committed 9856K, reserved 1048576K
}
Event: 1350.258 GC heap after
{Heap after GC invocations=1197 (full 4):
 PSYoungGen      total 13312K, used 4896K [0x00000000d5580000, 0x00000000d6900000, 0x0000000100000000)
  eden space 7168K, 0% used [0x00000000d5580000,0x00000000d5580000,0x00000000d5c80000)
  from space 6144K, 79% used [0x00000000d5c80000,0x00000000d6148000,0x00000000d6280000)
  to   space 5632K, 0% used [0x00000000d6380000,0x00000000d6380000,0x00000000d6900000)
 ParOldGen       total 1092608K, used 294882K [0x0000000080000000, 0x00000000c2b00000, 0x00000000d5580000)
  object space 1092608K, 26% used [0x0000000080000000,0x0000000091ff8960,0x00000000c2b00000)
 Metaspace       used 84936K, committed 86848K, reserved 1179648K
  class space    used 8996K, committed 9856K, reserved 1048576K
}

