# JRE version: OpenJDK Runtime Environment Temurin-21.0.8+9 (21.0.8+9) (build 21.0.8+9-LTS)
# Java VM: OpenJDK 64-Bit Server VM Temurin-21.0.8+9 (21.0.8+9-LTS, mixed mode, sharing, tiered, compressed oops, compressed class ptrs, parallel gc, windows-amd64)
GC Precious Log:
 CardTable entry size: 512
 CPUs: 12 total, 12 available
 Memory: 7895M
 Large Page Support: Disabled
 NUMA Support: Disabled
 Compressed Oops: Enabled (32-bit)
 Alignments: Space 512K, Generation 512K, Heap 2M
 Heap Min Capacity: 100M
 Heap Initial Capacity: 100M
 Heap Max Capacity: 2G
 Pre-touch: Disabled
 Parallel Workers: 10
Heap:
 PSYoungGen      total 10752K, used 6785K [0x00000000d5580000, 0x00000000d6480000, 0x0000000100000000)
  eden space 10240K, 61% used [0x00000000d5580000,0x00000000d5ba8700,0x00000000d5f80000)
  from space 512K, 93% used [0x00000000d6200000,0x00000000d6278040,0x00000000d6280000)
  to   space 2560K, 0% used [0x00000000d5f80000,0x00000000d5f80000,0x00000000d6200000)
 ParOldGen       total 139776K, used 139601K [0x0000000080000000, 0x0000000088880000, 0x00000000d5580000)
  object space 139776K, 99% used [0x0000000080000000,0x00000000888545a8,0x0000000088880000)
 Metaspace       used 70181K, committed 71744K, reserved 1114112K
  class space    used 7310K, committed 8000K, reserved 1048576K
GC Heap History (20 events):
Event: 17.001 GC heap before
{Heap before GC invocations=218 (full 3):
 PSYoungGen      total 11264K, used 11193K [0x00000000d5580000, 0x00000000d6200000, 0x0000000100000000)
  eden space 10240K, 100% used [0x00000000d5580000,0x00000000d5f80000,0x00000000d5f80000)
  from space 1024K, 93% used [0x00000000d6100000,0x00000000d61ee410,0x00000000d6200000)
  to   space 1024K, 0% used [0x00000000d5f80000,0x00000000d5f80000,0x00000000d6080000)
 ParOldGen       total 132096K, used 131883K [0x0000000080000000, 0x0000000088100000, 0x00000000d5580000)
  object space 132096K, 99% used [0x0000000080000000,0x00000000880cacd8,0x0000000088100000)
 Metaspace       used 68734K, committed 70272K, reserved 1114112K
  class space    used 7188K, committed 7872K, reserved 1048576K
}
Event: 17.003 GC heap after
{Heap after GC invocations=218 (full 3):
 PSYoungGen      total 11264K, used 1015K [0x00000000d5580000, 0x00000000d6580000, 0x0000000100000000)
  eden space 10240K, 0% used [0x00000000d5580000,0x00000000d5580000,0x00000000d5f80000)
  from space 1024K, 99% used [0x00000000d5f80000,0x00000000d607dd98,0x00000000d6080000)
  to   space 3072K, 0% used [0x00000000d6280000,0x00000000d6280000,0x00000000d6580000)
 ParOldGen       total 133632K, used 133420K [0x0000000080000000, 0x0000000088280000, 0x00000000d5580000)
  object space 133632K, 99% used [0x0000000080000000,0x000000008824b368,0x0000000088280000)
 Metaspace       used 68734K, committed 70272K, reserved 1114112K
  class space    used 7188K, committed 7872K, reserved 1048576K
}
Event: 17.032 GC heap before
{Heap before GC invocations=219 (full 3):
 PSYoungGen      total 11264K, used 11157K [0x00000000d5580000, 0x00000000d6580000, 0x0000000100000000)
  eden space 10240K, 99% used [0x00000000d5580000,0x00000000d5f67768,0x00000000d5f80000)
  from space 1024K, 99% used [0x00000000d5f80000,0x00000000d607dd98,0x00000000d6080000)
  to   space 3072K, 0% used [0x00000000d6280000,0x00000000d6280000,0x00000000d6580000)
 ParOldGen       total 133632K, used 133420K [0x0000000080000000, 0x0000000088280000, 0x00000000d5580000)
  object space 133632K, 99% used [0x0000000080000000,0x000000008824b368,0x0000000088280000)
 Metaspace       used 68801K, committed 70272K, reserved 1114112K
  class space    used 7189K, committed 7872K, reserved 1048576K
}
Event: 17.034 GC heap after
{Heap after GC invocations=219 (full 3):
 PSYoungGen      total 11264K, used 1022K [0x00000000d5580000, 0x00000000d6380000, 0x0000000100000000)
  eden space 10240K, 0% used [0x00000000d5580000,0x00000000d5580000,0x00000000d5f80000)
  from space 1024K, 99% used [0x00000000d6280000,0x00000000d637fb10,0x00000000d6380000)
  to   space 2048K, 0% used [0x00000000d5f80000,0x00000000d5f80000,0x00000000d6180000)
 ParOldGen       total 134656K, used 134412K [0x0000000080000000, 0x0000000088380000, 0x00000000d5580000)
  object space 134656K, 99% used [0x0000000080000000,0x0000000088343098,0x0000000088380000)
 Metaspace       used 68801K, committed 70272K, reserved 1114112K
  class space    used 7189K, committed 7872K, reserved 1048576K
}
Event: 17.056 GC heap before
{Heap before GC invocations=220 (full 3):
 PSYoungGen      total 11264K, used 11262K [0x00000000d5580000, 0x00000000d6380000, 0x0000000100000000)
  eden space 10240K, 100% used [0x00000000d5580000,0x00000000d5f80000,0x00000000d5f80000)
  from space 1024K, 99% used [0x00000000d6280000,0x00000000d637fb10,0x00000000d6380000)
  to   space 2048K, 0% used [0x00000000d5f80000,0x00000000d5f80000,0x00000000d6180000)
 ParOldGen       total 134656K, used 134412K [0x0000000080000000, 0x0000000088380000, 0x00000000d5580000)
  object space 134656K, 99% used [0x0000000080000000,0x0000000088343098,0x0000000088380000)
 Metaspace       used 68954K, committed 70528K, reserved 1114112K
  class space    used 7207K, committed 7936K, reserved 1048576K
}
Event: 17.058 GC heap after
{Heap after GC invocations=220 (full 3):
 PSYoungGen      total 12288K, used 2022K [0x00000000d5580000, 0x00000000d6880000, 0x0000000100000000)
  eden space 10240K, 0% used [0x00000000d5580000,0x00000000d5580000,0x00000000d5f80000)
  from space 2048K, 98% used [0x00000000d5f80000,0x00000000d6179ac0,0x00000000d6180000)
  to   space 4608K, 0% used [0x00000000d6400000,0x00000000d6400000,0x00000000d6880000)
 ParOldGen       total 136192K, used 136118K [0x0000000080000000, 0x0000000088500000, 0x00000000d5580000)
  object space 136192K, 99% used [0x0000000080000000,0x00000000884ed9e0,0x0000000088500000)
 Metaspace       used 68954K, committed 70528K, reserved 1114112K
  class space    used 7207K, committed 7936K, reserved 1048576K
}
Event: 17.078 GC heap before
{Heap before GC invocations=221 (full 3):
 PSYoungGen      total 12288K, used 12262K [0x00000000d5580000, 0x00000000d6880000, 0x0000000100000000)
  eden space 10240K, 100% used [0x00000000d5580000,0x00000000d5f80000,0x00000000d5f80000)
  from space 2048K, 98% used [0x00000000d5f80000,0x00000000d6179ac0,0x00000000d6180000)
  to   space 4608K, 0% used [0x00000000d6400000,0x00000000d6400000,0x00000000d6880000)
 ParOldGen       total 136192K, used 136118K [0x0000000080000000, 0x0000000088500000, 0x00000000d5580000)
  object space 136192K, 99% used [0x0000000080000000,0x00000000884ed9e0,0x0000000088500000)
 Metaspace       used 69058K, committed 70592K, reserved 1114112K
  class space    used 7221K, committed 7936K, reserved 1048576K
}
Event: 17.080 GC heap after
{Heap after GC invocations=221 (full 3):
 PSYoungGen      total 12288K, used 1957K [0x00000000d5580000, 0x00000000d6600000, 0x0000000100000000)
  eden space 10240K, 0% used [0x00000000d5580000,0x00000000d5580000,0x00000000d5f80000)
  from space 2048K, 95% used [0x00000000d6400000,0x00000000d65e9560,0x00000000d6600000)
  to   space 3072K, 0% used [0x00000000d6000000,0x00000000d6000000,0x00000000d6300000)
 ParOldGen       total 136704K, used 136526K [0x0000000080000000, 0x0000000088580000, 0x00000000d5580000)
  object space 136704K, 99% used [0x0000000080000000,0x00000000885539e0,0x0000000088580000)
 Metaspace       used 69058K, committed 70592K, reserved 1114112K
  class space    used 7221K, committed 7936K, reserved 1048576K
}
Event: 17.093 GC heap before
{Heap before GC invocations=222 (full 3):
 PSYoungGen      total 12288K, used 12197K [0x00000000d5580000, 0x00000000d6600000, 0x0000000100000000)
  eden space 10240K, 100% used [0x00000000d5580000,0x00000000d5f80000,0x00000000d5f80000)
  from space 2048K, 95% used [0x00000000d6400000,0x00000000d65e9560,0x00000000d6600000)
  to   space 3072K, 0% used [0x00000000d6000000,0x00000000d6000000,0x00000000d6300000)
 ParOldGen       total 136704K, used 136526K [0x0000000080000000, 0x0000000088580000, 0x00000000d5580000)
  object space 136704K, 99% used [0x0000000080000000,0x00000000885539e0,0x0000000088580000)
 Metaspace       used 69142K, committed 70656K, reserved 1114112K
  class space    used 7222K, committed 7936K, reserved 1048576K
}
Event: 17.095 GC heap after
{Heap after GC invocations=222 (full 3):
 PSYoungGen      total 12800K, used 2141K [0x00000000d5580000, 0x00000000d6480000, 0x0000000100000000)
  eden space 10240K, 0% used [0x00000000d5580000,0x00000000d5580000,0x00000000d5f80000)
  from space 2560K, 83% used [0x00000000d6000000,0x00000000d62174b8,0x00000000d6280000)
  to   space 2048K, 0% used [0x00000000d6280000,0x00000000d6280000,0x00000000d6480000)
 ParOldGen       total 137216K, used 136834K [0x0000000080000000, 0x0000000088600000, 0x00000000d5580000)
  object space 137216K, 99% used [0x0000000080000000,0x00000000885a0be0,0x0000000088600000)
 Metaspace       used 69142K, committed 70656K, reserved 1114112K
  class space    used 7222K, committed 7936K, reserved 1048576K
}
Event: 17.129 GC heap before
{Heap before GC invocations=223 (full 3):
 PSYoungGen      total 12800K, used 12381K [0x00000000d5580000, 0x00000000d6480000, 0x0000000100000000)
  eden space 10240K, 100% used [0x00000000d5580000,0x00000000d5f80000,0x00000000d5f80000)
  from space 2560K, 83% used [0x00000000d6000000,0x00000000d62174b8,0x00000000d6280000)
  to   space 2048K, 0% used [0x00000000d6280000,0x00000000d6280000,0x00000000d6480000)
 ParOldGen       total 137216K, used 136834K [0x0000000080000000, 0x0000000088600000, 0x00000000d5580000)
  object space 137216K, 99% used [0x0000000080000000,0x00000000885a0be0,0x0000000088600000)
 Metaspace       used 69283K, committed 70784K, reserved 1114112K
  class space    used 7235K, committed 7936K, reserved 1048576K
}
Event: 17.131 GC heap after
{Heap after GC invocations=223 (full 3):
 PSYoungGen      total 12288K, used 1589K [0x00000000d5580000, 0x00000000d6480000, 0x0000000100000000)
  eden space 10240K, 0% used [0x00000000d5580000,0x00000000d5580000,0x00000000d5f80000)
  from space 2048K, 77% used [0x00000000d6280000,0x00000000d640d7b0,0x00000000d6480000)
  to   space 2048K, 0% used [0x00000000d6080000,0x00000000d6080000,0x00000000d6280000)
 ParOldGen       total 137216K, used 137047K [0x0000000080000000, 0x0000000088600000, 0x00000000d5580000)
  object space 137216K, 99% used [0x0000000080000000,0x00000000885d5f60,0x0000000088600000)
 Metaspace       used 69283K, committed 70784K, reserved 1114112K
  class space    used 7235K, committed 7936K, reserved 1048576K
}
Event: 17.201 GC heap before
{Heap before GC invocations=224 (full 3):
 PSYoungGen      total 12288K, used 11829K [0x00000000d5580000, 0x00000000d6480000, 0x0000000100000000)
  eden space 10240K, 100% used [0x00000000d5580000,0x00000000d5f80000,0x00000000d5f80000)
  from space 2048K, 77% used [0x00000000d6280000,0x00000000d640d7b0,0x00000000d6480000)
  to   space 2048K, 0% used [0x00000000d6080000,0x00000000d6080000,0x00000000d6280000)
 ParOldGen       total 137216K, used 137047K [0x0000000080000000, 0x0000000088600000, 0x00000000d5580000)
  object space 137216K, 99% used [0x0000000080000000,0x00000000885d5f60,0x0000000088600000)
 Metaspace       used 69486K, committed 71104K, reserved 1114112K
  class space    used 7259K, committed 8000K, reserved 1048576K
}
Event: 17.203 GC heap after
{Heap after GC invocations=224 (full 3):
 PSYoungGen      total 10752K, used 436K [0x00000000d5580000, 0x00000000d6300000, 0x0000000100000000)
  eden space 10240K, 0% used [0x00000000d5580000,0x00000000d5580000,0x00000000d5f80000)
  from space 512K, 85% used [0x00000000d6080000,0x00000000d60ed200,0x00000000d6100000)
  to   space 1024K, 0% used [0x00000000d6200000,0x00000000d6200000,0x00000000d6300000)
 ParOldGen       total 138240K, used 137733K [0x0000000080000000, 0x0000000088700000, 0x00000000d5580000)
  object space 138240K, 99% used [0x0000000080000000,0x0000000088681550,0x0000000088700000)
 Metaspace       used 69486K, committed 71104K, reserved 1114112K
  class space    used 7259K, committed 8000K, reserved 1048576K
}
Event: 17.284 GC heap before
{Heap before GC invocations=225 (full 3):
 PSYoungGen      total 10752K, used 10676K [0x00000000d5580000, 0x00000000d6300000, 0x0000000100000000)
  eden space 10240K, 100% used [0x00000000d5580000,0x00000000d5f80000,0x00000000d5f80000)
  from space 512K, 85% used [0x00000000d6080000,0x00000000d60ed200,0x00000000d6100000)
  to   space 1024K, 0% used [0x00000000d6200000,0x00000000d6200000,0x00000000d6300000)
 ParOldGen       total 138240K, used 137733K [0x0000000080000000, 0x0000000088700000, 0x00000000d5580000)
  object space 138240K, 99% used [0x0000000080000000,0x0000000088681550,0x0000000088700000)
 Metaspace       used 69710K, committed 71296K, reserved 1114112K
  class space    used 7289K, committed 8000K, reserved 1048576K
}
Event: 17.286 GC heap after
{Heap after GC invocations=225 (full 3):
 PSYoungGen      total 11264K, used 890K [0x00000000d5580000, 0x00000000d6300000, 0x0000000100000000)
  eden space 10240K, 0% used [0x00000000d5580000,0x00000000d5580000,0x00000000d5f80000)
  from space 1024K, 86% used [0x00000000d6200000,0x00000000d62de880,0x00000000d6300000)
  to   space 1024K, 0% used [0x00000000d6100000,0x00000000d6100000,0x00000000d6200000)
 ParOldGen       total 138240K, used 137829K [0x0000000080000000, 0x0000000088700000, 0x00000000d5580000)
  object space 138240K, 99% used [0x0000000080000000,0x0000000088699550,0x0000000088700000)
 Metaspace       used 69710K, committed 71296K, reserved 1114112K
  class space    used 7289K, committed 8000K, reserved 1048576K
}
Event: 17.417 GC heap before
{Heap before GC invocations=226 (full 3):
 PSYoungGen      total 11264K, used 11130K [0x00000000d5580000, 0x00000000d6300000, 0x0000000100000000)
  eden space 10240K, 100% used [0x00000000d5580000,0x00000000d5f80000,0x00000000d5f80000)
  from space 1024K, 86% used [0x00000000d6200000,0x00000000d62de880,0x00000000d6300000)
  to   space 1024K, 0% used [0x00000000d6100000,0x00000000d6100000,0x00000000d6200000)
 ParOldGen       total 138240K, used 137829K [0x0000000080000000, 0x0000000088700000, 0x00000000d5580000)
  object space 138240K, 99% used [0x0000000080000000,0x0000000088699550,0x0000000088700000)
 Metaspace       used 69793K, committed 71424K, reserved 1114112K
  class space    used 7290K, committed 8000K, reserved 1048576K
}
Event: 17.419 GC heap after
{Heap after GC invocations=226 (full 3):
 PSYoungGen      total 11264K, used 1002K [0x00000000d5580000, 0x00000000d6280000, 0x0000000100000000)
  eden space 10240K, 0% used [0x00000000d5580000,0x00000000d5580000,0x00000000d5f80000)
  from space 1024K, 97% used [0x00000000d6100000,0x00000000d61faae8,0x00000000d6200000)
  to   space 512K, 0% used [0x00000000d6200000,0x00000000d6200000,0x00000000d6280000)
 ParOldGen       total 138240K, used 138101K [0x0000000080000000, 0x0000000088700000, 0x00000000d5580000)
  object space 138240K, 99% used [0x0000000080000000,0x00000000886dd4d0,0x0000000088700000)
 Metaspace       used 69793K, committed 71424K, reserved 1114112K
  class space    used 7290K, committed 8000K, reserved 1048576K
}
Event: 17.593 GC heap before
{Heap before GC invocations=227 (full 3):
 PSYoungGen      total 11264K, used 11242K [0x00000000d5580000, 0x00000000d6280000, 0x0000000100000000)
  eden space 10240K, 99% used [0x00000000d5580000,0x00000000d5f7ffa0,0x00000000d5f80000)
  from space 1024K, 97% used [0x00000000d6100000,0x00000000d61faae8,0x00000000d6200000)
  to   space 512K, 0% used [0x00000000d6200000,0x00000000d6200000,0x00000000d6280000)
 ParOldGen       total 138240K, used 138101K [0x0000000080000000, 0x0000000088700000, 0x00000000d5580000)
  object space 138240K, 99% used [0x0000000080000000,0x00000000886dd4d0,0x0000000088700000)
 Metaspace       used 70010K, committed 71616K, reserved 1114112K
  class space    used 7293K, committed 8000K, reserved 1048576K
}
Event: 17.596 GC heap after
{Heap after GC invocations=227 (full 3):
 PSYoungGen      total 10752K, used 480K [0x00000000d5580000, 0x00000000d6480000, 0x0000000100000000)
  eden space 10240K, 0% used [0x00000000d5580000,0x00000000d5580000,0x00000000d5f80000)
  from space 512K, 93% used [0x00000000d6200000,0x00000000d6278040,0x00000000d6280000)
  to   space 2560K, 0% used [0x00000000d5f80000,0x00000000d5f80000,0x00000000d6200000)
 ParOldGen       total 139776K, used 139601K [0x0000000080000000, 0x0000000088880000, 0x00000000d5580000)
  object space 139776K, 99% used [0x0000000080000000,0x00000000888545a8,0x0000000088880000)
 Metaspace       used 70010K, committed 71616K, reserved 1114112K
  class space    used 7293K, committed 8000K, reserved 1048576K
}

