# JRE version: OpenJDK Runtime Environment Temurin-21.0.8+9 (21.0.8+9) (build 21.0.8+9-LTS)
# Java VM: OpenJDK 64-Bit Server VM Temurin-21.0.8+9 (21.0.8+9-LTS, mixed mode, sharing, tiered, compressed oops, compressed class ptrs, parallel gc, windows-amd64)
GC Precious Log:
 CardTable entry size: 512
 CPUs: 12 total, 12 available
 Memory: 7895M
 Large Page Support: Disabled
 NUMA Support: Disabled
 Compressed Oops: Enabled (32-bit)
 Alignments: Space 512K, Generation 512K, Heap 2M
 Heap Min Capacity: 100M
 Heap Initial Capacity: 100M
 Heap Max Capacity: 2G
 Pre-touch: Disabled
 Parallel Workers: 10
Heap:
 PSYoungGen      total 1536K, used 1344K [0x00000000d5580000, 0x00000000d5800000, 0x0000000100000000)
  eden space 1024K, 100% used [0x00000000d5580000,0x00000000d5680000,0x00000000d5680000)
  from space 512K, 62% used [0x00000000d5780000,0x00000000d57d0000,0x00000000d5800000)
  to   space 512K, 0% used [0x00000000d5700000,0x00000000d5700000,0x00000000d5780000)
 ParOldGen       total 275968K, used 275489K [0x0000000080000000, 0x0000000090d80000, 0x00000000d5580000)
  object space 275968K, 99% used [0x0000000080000000,0x0000000090d08428,0x0000000090d80000)
 Metaspace       used 69704K, committed 71232K, reserved 1114112K
  class space    used 7261K, committed 7936K, reserved 1048576K
GC Heap History (20 events):
Event: 357.059 GC heap before
{Heap before GC invocations=446 (full 3):
 PSYoungGen      total 1536K, used 1408K [0x00000000d5580000, 0x00000000d5880000, 0x0000000100000000)
  eden space 1024K, 100% used [0x00000000d5580000,0x00000000d5680000,0x00000000d5680000)
  from space 512K, 75% used [0x00000000d5800000,0x00000000d5860000,0x00000000d5880000)
  to   space 512K, 0% used [0x00000000d5780000,0x00000000d5780000,0x00000000d5800000)
 ParOldGen       total 271872K, used 271548K [0x0000000080000000, 0x0000000090980000, 0x00000000d5580000)
  object space 271872K, 99% used [0x0000000080000000,0x000000009092f070,0x0000000090980000)
 Metaspace       used 69376K, committed 70976K, reserved 1114112K
  class space    used 7236K, committed 7936K, reserved 1048576K
}
Event: 357.061 GC heap after
{Heap after GC invocations=446 (full 3):
 PSYoungGen      total 1536K, used 504K [0x00000000d5580000, 0x00000000d5880000, 0x0000000100000000)
  eden space 1024K, 0% used [0x00000000d5580000,0x00000000d5580000,0x00000000d5680000)
  from space 512K, 98% used [0x00000000d5780000,0x00000000d57fe1a8,0x00000000d5800000)
  to   space 512K, 0% used [0x00000000d5800000,0x00000000d5800000,0x00000000d5880000)
 ParOldGen       total 271872K, used 271788K [0x0000000080000000, 0x0000000090980000, 0x00000000d5580000)
  object space 271872K, 99% used [0x0000000080000000,0x000000009096b2b8,0x0000000090980000)
 Metaspace       used 69376K, committed 70976K, reserved 1114112K
  class space    used 7236K, committed 7936K, reserved 1048576K
}
Event: 357.085 GC heap before
{Heap before GC invocations=447 (full 3):
 PSYoungGen      total 1536K, used 1500K [0x00000000d5580000, 0x00000000d5880000, 0x0000000100000000)
  eden space 1024K, 97% used [0x00000000d5580000,0x00000000d5678e90,0x00000000d5680000)
  from space 512K, 98% used [0x00000000d5780000,0x00000000d57fe1a8,0x00000000d5800000)
  to   space 512K, 0% used [0x00000000d5800000,0x00000000d5800000,0x00000000d5880000)
 ParOldGen       total 271872K, used 271788K [0x0000000080000000, 0x0000000090980000, 0x00000000d5580000)
  object space 271872K, 99% used [0x0000000080000000,0x000000009096b2b8,0x0000000090980000)
 Metaspace       used 69388K, committed 70976K, reserved 1114112K
  class space    used 7239K, committed 7936K, reserved 1048576K
}
Event: 357.088 GC heap after
{Heap after GC invocations=447 (full 3):
 PSYoungGen      total 1536K, used 507K [0x00000000d5580000, 0x00000000d5880000, 0x0000000100000000)
  eden space 1024K, 0% used [0x00000000d5580000,0x00000000d5580000,0x00000000d5680000)
  from space 512K, 99% used [0x00000000d5800000,0x00000000d587efb8,0x00000000d5880000)
  to   space 1024K, 0% used [0x00000000d5680000,0x00000000d5680000,0x00000000d5780000)
 ParOldGen       total 272384K, used 272049K [0x0000000080000000, 0x0000000090a00000, 0x00000000d5580000)
  object space 272384K, 99% used [0x0000000080000000,0x00000000909ac788,0x0000000090a00000)
 Metaspace       used 69388K, committed 70976K, reserved 1114112K
  class space    used 7239K, committed 7936K, reserved 1048576K
}
Event: 357.105 GC heap before
{Heap before GC invocations=448 (full 3):
 PSYoungGen      total 1536K, used 1531K [0x00000000d5580000, 0x00000000d5880000, 0x0000000100000000)
  eden space 1024K, 99% used [0x00000000d5580000,0x00000000d567ffe0,0x00000000d5680000)
  from space 512K, 99% used [0x00000000d5800000,0x00000000d587efb8,0x00000000d5880000)
  to   space 1024K, 0% used [0x00000000d5680000,0x00000000d5680000,0x00000000d5780000)
 ParOldGen       total 272384K, used 272049K [0x0000000080000000, 0x0000000090a00000, 0x00000000d5580000)
  object space 272384K, 99% used [0x0000000080000000,0x00000000909ac788,0x0000000090a00000)
 Metaspace       used 69498K, committed 71040K, reserved 1114112K
  class space    used 7244K, committed 7936K, reserved 1048576K
}
Event: 357.107 GC heap after
{Heap after GC invocations=448 (full 3):
 PSYoungGen      total 2048K, used 319K [0x00000000d5580000, 0x00000000d5880000, 0x0000000100000000)
  eden space 1024K, 0% used [0x00000000d5580000,0x00000000d5580000,0x00000000d5680000)
  from space 1024K, 31% used [0x00000000d5680000,0x00000000d56cff80,0x00000000d5780000)
  to   space 512K, 0% used [0x00000000d5800000,0x00000000d5800000,0x00000000d5880000)
 ParOldGen       total 272384K, used 272113K [0x0000000080000000, 0x0000000090a00000, 0x00000000d5580000)
  object space 272384K, 99% used [0x0000000080000000,0x00000000909bc788,0x0000000090a00000)
 Metaspace       used 69498K, committed 71040K, reserved 1114112K
  class space    used 7244K, committed 7936K, reserved 1048576K
}
Event: 357.132 GC heap before
{Heap before GC invocations=449 (full 3):
 PSYoungGen      total 2048K, used 1343K [0x00000000d5580000, 0x00000000d5880000, 0x0000000100000000)
  eden space 1024K, 100% used [0x00000000d5580000,0x00000000d5680000,0x00000000d5680000)
  from space 1024K, 31% used [0x00000000d5680000,0x00000000d56cff80,0x00000000d5780000)
  to   space 512K, 0% used [0x00000000d5800000,0x00000000d5800000,0x00000000d5880000)
 ParOldGen       total 273920K, used 273596K [0x0000000080000000, 0x0000000090b80000, 0x00000000d5580000)
  object space 273920K, 99% used [0x0000000080000000,0x0000000090b2f3e8,0x0000000090b80000)
 Metaspace       used 69609K, committed 71168K, reserved 1114112K
  class space    used 7256K, committed 7936K, reserved 1048576K
}
Event: 357.134 GC heap after
{Heap after GC invocations=449 (full 3):
 PSYoungGen      total 1536K, used 288K [0x00000000d5580000, 0x00000000d5880000, 0x0000000100000000)
  eden space 1024K, 0% used [0x00000000d5580000,0x00000000d5580000,0x00000000d5680000)
  from space 512K, 56% used [0x00000000d5800000,0x00000000d5848000,0x00000000d5880000)
  to   space 512K, 0% used [0x00000000d5780000,0x00000000d5780000,0x00000000d5800000)
 ParOldGen       total 273920K, used 273700K [0x0000000080000000, 0x0000000090b80000, 0x00000000d5580000)
  object space 273920K, 99% used [0x0000000080000000,0x0000000090b493e8,0x0000000090b80000)
 Metaspace       used 69609K, committed 71168K, reserved 1114112K
  class space    used 7256K, committed 7936K, reserved 1048576K
}
Event: 357.176 GC heap before
{Heap before GC invocations=450 (full 3):
 PSYoungGen      total 1536K, used 1312K [0x00000000d5580000, 0x00000000d5880000, 0x0000000100000000)
  eden space 1024K, 100% used [0x00000000d5580000,0x00000000d5680000,0x00000000d5680000)
  from space 512K, 56% used [0x00000000d5800000,0x00000000d5848000,0x00000000d5880000)
  to   space 512K, 0% used [0x00000000d5780000,0x00000000d5780000,0x00000000d5800000)
 ParOldGen       total 273920K, used 273700K [0x0000000080000000, 0x0000000090b80000, 0x00000000d5580000)
  object space 273920K, 99% used [0x0000000080000000,0x0000000090b493e8,0x0000000090b80000)
 Metaspace       used 69689K, committed 71232K, reserved 1114112K
  class space    used 7261K, committed 7936K, reserved 1048576K
}
Event: 357.177 GC heap after
{Heap after GC invocations=450 (full 3):
 PSYoungGen      total 1536K, used 475K [0x00000000d5580000, 0x00000000d5880000, 0x0000000100000000)
  eden space 1024K, 0% used [0x00000000d5580000,0x00000000d5580000,0x00000000d5680000)
  from space 512K, 92% used [0x00000000d5780000,0x00000000d57f6d98,0x00000000d5800000)
  to   space 512K, 0% used [0x00000000d5800000,0x00000000d5800000,0x00000000d5880000)
 ParOldGen       total 273920K, used 273778K [0x0000000080000000, 0x0000000090b80000, 0x00000000d5580000)
  object space 273920K, 99% used [0x0000000080000000,0x0000000090b5c978,0x0000000090b80000)
 Metaspace       used 69689K, committed 71232K, reserved 1114112K
  class space    used 7261K, committed 7936K, reserved 1048576K
}
Event: 357.287 GC heap before
{Heap before GC invocations=451 (full 3):
 PSYoungGen      total 1536K, used 1499K [0x00000000d5580000, 0x00000000d5880000, 0x0000000100000000)
  eden space 1024K, 99% used [0x00000000d5580000,0x00000000d567ffe0,0x00000000d5680000)
  from space 512K, 92% used [0x00000000d5780000,0x00000000d57f6d98,0x00000000d5800000)
  to   space 512K, 0% used [0x00000000d5800000,0x00000000d5800000,0x00000000d5880000)
 ParOldGen       total 273920K, used 273778K [0x0000000080000000, 0x0000000090b80000, 0x00000000d5580000)
  object space 273920K, 99% used [0x0000000080000000,0x0000000090b5c978,0x0000000090b80000)
 Metaspace       used 69696K, committed 71232K, reserved 1114112K
  class space    used 7261K, committed 7936K, reserved 1048576K
}
Event: 357.289 GC heap after
{Heap after GC invocations=451 (full 3):
 PSYoungGen      total 1536K, used 506K [0x00000000d5580000, 0x00000000d5880000, 0x0000000100000000)
  eden space 1024K, 0% used [0x00000000d5580000,0x00000000d5580000,0x00000000d5680000)
  from space 512K, 98% used [0x00000000d5800000,0x00000000d587e920,0x00000000d5880000)
  to   space 1024K, 0% used [0x00000000d5680000,0x00000000d5680000,0x00000000d5780000)
 ParOldGen       total 274432K, used 273953K [0x0000000080000000, 0x0000000090c00000, 0x00000000d5580000)
  object space 274432K, 99% used [0x0000000080000000,0x0000000090b885e0,0x0000000090c00000)
 Metaspace       used 69696K, committed 71232K, reserved 1114112K
  class space    used 7261K, committed 7936K, reserved 1048576K
}
Event: 357.297 GC heap before
{Heap before GC invocations=452 (full 3):
 PSYoungGen      total 1536K, used 1530K [0x00000000d5580000, 0x00000000d5880000, 0x0000000100000000)
  eden space 1024K, 100% used [0x00000000d5580000,0x00000000d5680000,0x00000000d5680000)
  from space 512K, 98% used [0x00000000d5800000,0x00000000d587e920,0x00000000d5880000)
  to   space 1024K, 0% used [0x00000000d5680000,0x00000000d5680000,0x00000000d5780000)
 ParOldGen       total 274432K, used 273953K [0x0000000080000000, 0x0000000090c00000, 0x00000000d5580000)
  object space 274432K, 99% used [0x0000000080000000,0x0000000090b885e0,0x0000000090c00000)
 Metaspace       used 69700K, committed 71232K, reserved 1114112K
  class space    used 7261K, committed 7936K, reserved 1048576K
}
Event: 357.300 GC heap after
{Heap after GC invocations=452 (full 3):
 PSYoungGen      total 2048K, used 592K [0x00000000d5580000, 0x00000000d5880000, 0x0000000100000000)
  eden space 1024K, 0% used [0x00000000d5580000,0x00000000d5580000,0x00000000d5680000)
  from space 1024K, 57% used [0x00000000d5680000,0x00000000d5714010,0x00000000d5780000)
  to   space 1024K, 0% used [0x00000000d5780000,0x00000000d5780000,0x00000000d5880000)
 ParOldGen       total 274432K, used 274307K [0x0000000080000000, 0x0000000090c00000, 0x00000000d5580000)
  object space 274432K, 99% used [0x0000000080000000,0x0000000090be0f00,0x0000000090c00000)
 Metaspace       used 69700K, committed 71232K, reserved 1114112K
  class space    used 7261K, committed 7936K, reserved 1048576K
}
Event: 357.329 GC heap before
{Heap before GC invocations=453 (full 3):
 PSYoungGen      total 2048K, used 1616K [0x00000000d5580000, 0x00000000d5880000, 0x0000000100000000)
  eden space 1024K, 100% used [0x00000000d5580000,0x00000000d5680000,0x00000000d5680000)
  from space 1024K, 57% used [0x00000000d5680000,0x00000000d5714010,0x00000000d5780000)
  to   space 1024K, 0% used [0x00000000d5780000,0x00000000d5780000,0x00000000d5880000)
 ParOldGen       total 274432K, used 274307K [0x0000000080000000, 0x0000000090c00000, 0x00000000d5580000)
  object space 274432K, 99% used [0x0000000080000000,0x0000000090be0f00,0x0000000090c00000)
 Metaspace       used 69703K, committed 71232K, reserved 1114112K
  class space    used 7261K, committed 7936K, reserved 1048576K
}
Event: 357.336 GC heap after
{Heap after GC invocations=453 (full 3):
 PSYoungGen      total 2048K, used 672K [0x00000000d5580000, 0x00000000d5880000, 0x0000000100000000)
  eden space 1024K, 0% used [0x00000000d5580000,0x00000000d5580000,0x00000000d5680000)
  from space 1024K, 65% used [0x00000000d5780000,0x00000000d5828000,0x00000000d5880000)
  to   space 1024K, 0% used [0x00000000d5680000,0x00000000d5680000,0x00000000d5780000)
 ParOldGen       total 274944K, used 274676K [0x0000000080000000, 0x0000000090c80000, 0x00000000d5580000)
  object space 274944K, 99% used [0x0000000080000000,0x0000000090c3d178,0x0000000090c80000)
 Metaspace       used 69703K, committed 71232K, reserved 1114112K
  class space    used 7261K, committed 7936K, reserved 1048576K
}
Event: 357.339 GC heap before
{Heap before GC invocations=454 (full 3):
 PSYoungGen      total 2048K, used 1696K [0x00000000d5580000, 0x00000000d5880000, 0x0000000100000000)
  eden space 1024K, 100% used [0x00000000d5580000,0x00000000d5680000,0x00000000d5680000)
  from space 1024K, 65% used [0x00000000d5780000,0x00000000d5828000,0x00000000d5880000)
  to   space 1024K, 0% used [0x00000000d5680000,0x00000000d5680000,0x00000000d5780000)
 ParOldGen       total 274944K, used 274676K [0x0000000080000000, 0x0000000090c80000, 0x00000000d5580000)
  object space 274944K, 99% used [0x0000000080000000,0x0000000090c3d178,0x0000000090c80000)
 Metaspace       used 69703K, committed 71232K, reserved 1114112K
  class space    used 7261K, committed 7936K, reserved 1048576K
}
Event: 357.341 GC heap after
{Heap after GC invocations=454 (full 3):
 PSYoungGen      total 2048K, used 352K [0x00000000d5580000, 0x00000000d5800000, 0x0000000100000000)
  eden space 1024K, 0% used [0x00000000d5580000,0x00000000d5580000,0x00000000d5680000)
  from space 1024K, 34% used [0x00000000d5680000,0x00000000d56d8000,0x00000000d5780000)
  to   space 512K, 0% used [0x00000000d5780000,0x00000000d5780000,0x00000000d5800000)
 ParOldGen       total 275456K, used 275228K [0x0000000080000000, 0x0000000090d00000, 0x00000000d5580000)
  object space 275456K, 99% used [0x0000000080000000,0x0000000090cc71a8,0x0000000090d00000)
 Metaspace       used 69703K, committed 71232K, reserved 1114112K
  class space    used 7261K, committed 7936K, reserved 1048576K
}
Event: 357.345 GC heap before
{Heap before GC invocations=455 (full 3):
 PSYoungGen      total 2048K, used 1375K [0x00000000d5580000, 0x00000000d5800000, 0x0000000100000000)
  eden space 1024K, 99% used [0x00000000d5580000,0x00000000d567ffb0,0x00000000d5680000)
  from space 1024K, 34% used [0x00000000d5680000,0x00000000d56d8000,0x00000000d5780000)
  to   space 512K, 0% used [0x00000000d5780000,0x00000000d5780000,0x00000000d5800000)
 ParOldGen       total 275456K, used 275228K [0x0000000080000000, 0x0000000090d00000, 0x00000000d5580000)
  object space 275456K, 99% used [0x0000000080000000,0x0000000090cc71a8,0x0000000090d00000)
 Metaspace       used 69703K, committed 71232K, reserved 1114112K
  class space    used 7261K, committed 7936K, reserved 1048576K
}
Event: 357.347 GC heap after
{Heap after GC invocations=455 (full 3):
 PSYoungGen      total 1536K, used 320K [0x00000000d5580000, 0x00000000d5800000, 0x0000000100000000)
  eden space 1024K, 0% used [0x00000000d5580000,0x00000000d5580000,0x00000000d5680000)
  from space 512K, 62% used [0x00000000d5780000,0x00000000d57d0000,0x00000000d5800000)
  to   space 512K, 0% used [0x00000000d5700000,0x00000000d5700000,0x00000000d5780000)
 ParOldGen       total 275968K, used 275489K [0x0000000080000000, 0x0000000090d80000, 0x00000000d5580000)
  object space 275968K, 99% used [0x0000000080000000,0x0000000090d08428,0x0000000090d80000)
 Metaspace       used 69703K, committed 71232K, reserved 1114112K
  class space    used 7261K, committed 7936K, reserved 1048576K
}

